{"/Users/danieljansson/Feelgood/src/components/Public/Checkout/index.js":{"path":"/Users/danieljansson/Feelgood/src/components/Public/Checkout/index.js","statementMap":{"0":{"start":{"line":3,"column":0},"end":{"line":5,"column":3}},"1":{"start":{"line":6,"column":0},"end":{"line":6,"column":29}},"2":{"start":{"line":8,"column":15},"end":{"line":8,"column":256}},"3":{"start":{"line":8,"column":52},"end":{"line":8,"column":239}},"4":{"start":{"line":8,"column":110},"end":{"line":8,"column":122}},"5":{"start":{"line":8,"column":124},"end":{"line":8,"column":237}},"6":{"start":{"line":8,"column":150},"end":{"line":8,"column":235}},"7":{"start":{"line":8,"column":207},"end":{"line":8,"column":233}},"8":{"start":{"line":8,"column":240},"end":{"line":8,"column":254}},"9":{"start":{"line":10,"column":19},"end":{"line":10,"column":563}},"10":{"start":{"line":10,"column":76},"end":{"line":10,"column":347}},"11":{"start":{"line":10,"column":134},"end":{"line":10,"column":142}},"12":{"start":{"line":10,"column":144},"end":{"line":10,"column":199}},"13":{"start":{"line":10,"column":200},"end":{"line":10,"column":231}},"14":{"start":{"line":10,"column":232},"end":{"line":10,"column":286}},"15":{"start":{"line":10,"column":259},"end":{"line":10,"column":286}},"16":{"start":{"line":10,"column":287},"end":{"line":10,"column":345}},"17":{"start":{"line":10,"column":350},"end":{"line":10,"column":559}},"18":{"start":{"line":10,"column":407},"end":{"line":10,"column":475}},"19":{"start":{"line":10,"column":423},"end":{"line":10,"column":475}},"20":{"start":{"line":10,"column":476},"end":{"line":10,"column":536}},"21":{"start":{"line":10,"column":493},"end":{"line":10,"column":536}},"22":{"start":{"line":10,"column":537},"end":{"line":10,"column":556}},"23":{"start":{"line":12,"column":13},"end":{"line":12,"column":29}},"24":{"start":{"line":14,"column":14},"end":{"line":14,"column":44}},"25":{"start":{"line":16,"column":18},"end":{"line":16,"column":40}},"26":{"start":{"line":18,"column":20},"end":{"line":18,"column":44}},"27":{"start":{"line":20,"column":28},"end":{"line":20,"column":61}},"28":{"start":{"line":22,"column":29},"end":{"line":22,"column":74}},"29":{"start":{"line":24,"column":29},"end":{"line":24,"column":63}},"30":{"start":{"line":26,"column":30},"end":{"line":26,"column":76}},"31":{"start":{"line":28,"column":22},"end":{"line":28,"column":52}},"32":{"start":{"line":30,"column":22},"end":{"line":30,"column":61}},"33":{"start":{"line":32,"column":25},"end":{"line":32,"column":55}},"34":{"start":{"line":34,"column":18},"end":{"line":34,"column":62}},"35":{"start":{"line":36,"column":13},"end":{"line":36,"column":46}},"36":{"start":{"line":38,"column":18},"end":{"line":38,"column":59}},"37":{"start":{"line":40,"column":17},"end":{"line":40,"column":54}},"38":{"start":{"line":42,"column":14},"end":{"line":42,"column":34}},"39":{"start":{"line":44,"column":15},"end":{"line":44,"column":46}},"40":{"start":{"line":46,"column":14},"end":{"line":46,"column":37}},"41":{"start":{"line":48,"column":15},"end":{"line":48,"column":46}},"42":{"start":{"line":50,"column":39},"end":{"line":50,"column":93}},"43":{"start":{"line":52,"column":44},"end":{"line":52,"column":195}},"44":{"start":{"line":52,"column":62},"end":{"line":52,"column":166}},"45":{"start":{"line":52,"column":176},"end":{"line":52,"column":193}},"46":{"start":{"line":52,"column":196},"end":{"line":52,"column":207}},"47":{"start":{"line":54,"column":50},"end":{"line":54,"column":151}},"48":{"start":{"line":54,"column":92},"end":{"line":54,"column":149}},"49":{"start":{"line":56,"column":50},"end":{"line":56,"column":151}},"50":{"start":{"line":56,"column":63},"end":{"line":56,"column":149}},"51":{"start":{"line":56,"column":152},"end":{"line":56,"column":238}},"52":{"start":{"line":58,"column":43},"end":{"line":58,"column":208}},"53":{"start":{"line":58,"column":106},"end":{"line":58,"column":206}},"54":{"start":{"line":58,"column":209},"end":{"line":58,"column":373}},"55":{"start":{"line":58,"column":374},"end":{"line":58,"column":492}},"56":{"start":{"line":58,"column":390},"end":{"line":58,"column":492}},"57":{"start":{"line":60,"column":15},"end":{"line":778,"column":26}},"58":{"start":{"line":61,"column":1},"end":{"line":61,"column":37}},"59":{"start":{"line":64,"column":2},"end":{"line":64,"column":34}},"60":{"start":{"line":66,"column":14},"end":{"line":66,"column":121}},"61":{"start":{"line":68,"column":2},"end":{"line":73,"column":4}},"62":{"start":{"line":75,"column":2},"end":{"line":75,"column":56}},"63":{"start":{"line":76,"column":2},"end":{"line":76,"column":56}},"64":{"start":{"line":77,"column":2},"end":{"line":77,"column":54}},"65":{"start":{"line":78,"column":2},"end":{"line":78,"column":54}},"66":{"start":{"line":79,"column":2},"end":{"line":79,"column":54}},"67":{"start":{"line":80,"column":2},"end":{"line":80,"column":54}},"68":{"start":{"line":81,"column":2},"end":{"line":81,"column":15}},"69":{"start":{"line":84,"column":1},"end":{"line":775,"column":5}},"70":{"start":{"line":87,"column":3},"end":{"line":90,"column":4}},"71":{"start":{"line":88,"column":16},"end":{"line":88,"column":64}},"72":{"start":{"line":89,"column":4},"end":{"line":89,"column":56}},"73":{"start":{"line":95,"column":3},"end":{"line":95,"column":48}},"74":{"start":{"line":96,"column":3},"end":{"line":96,"column":32}},"75":{"start":{"line":97,"column":3},"end":{"line":97,"column":21}},"76":{"start":{"line":102,"column":3},"end":{"line":102,"column":47}},"77":{"start":{"line":103,"column":3},"end":{"line":105,"column":4}},"78":{"start":{"line":104,"column":4},"end":{"line":104,"column":54}},"79":{"start":{"line":118,"column":16},"end":{"line":118,"column":58}},"80":{"start":{"line":119,"column":18},"end":{"line":119,"column":51}},"81":{"start":{"line":120,"column":14},"end":{"line":120,"column":62}},"82":{"start":{"line":122,"column":3},"end":{"line":122,"column":20}},"83":{"start":{"line":123,"column":3},"end":{"line":123,"column":24}},"84":{"start":{"line":125,"column":3},"end":{"line":128,"column":6}},"85":{"start":{"line":126,"column":23},"end":{"line":126,"column":61}},"86":{"start":{"line":127,"column":4},"end":{"line":127,"column":70}},"87":{"start":{"line":130,"column":3},"end":{"line":130,"column":31}},"88":{"start":{"line":143,"column":35},"end":{"line":143,"column":39}},"89":{"start":{"line":144,"column":27},"end":{"line":144,"column":32}},"90":{"start":{"line":145,"column":24},"end":{"line":145,"column":33}},"91":{"start":{"line":147,"column":3},"end":{"line":167,"column":4}},"92":{"start":{"line":148,"column":4},"end":{"line":153,"column":5}},"93":{"start":{"line":149,"column":16},"end":{"line":149,"column":27}},"94":{"start":{"line":151,"column":17},"end":{"line":151,"column":68}},"95":{"start":{"line":152,"column":5},"end":{"line":152,"column":35}},"96":{"start":{"line":152,"column":16},"end":{"line":152,"column":35}},"97":{"start":{"line":155,"column":4},"end":{"line":155,"column":29}},"98":{"start":{"line":156,"column":4},"end":{"line":156,"column":25}},"99":{"start":{"line":158,"column":4},"end":{"line":166,"column":5}},"100":{"start":{"line":159,"column":5},"end":{"line":161,"column":6}},"101":{"start":{"line":160,"column":6},"end":{"line":160,"column":25}},"102":{"start":{"line":163,"column":5},"end":{"line":165,"column":6}},"103":{"start":{"line":164,"column":6},"end":{"line":164,"column":27}},"104":{"start":{"line":180,"column":3},"end":{"line":180,"column":21}},"105":{"start":{"line":193,"column":3},"end":{"line":193,"column":43}},"106":{"start":{"line":194,"column":3},"end":{"line":194,"column":57}},"107":{"start":{"line":195,"column":3},"end":{"line":195,"column":70}},"108":{"start":{"line":208,"column":15},"end":{"line":208,"column":63}},"109":{"start":{"line":209,"column":3},"end":{"line":209,"column":39}},"110":{"start":{"line":210,"column":3},"end":{"line":210,"column":63}},"111":{"start":{"line":211,"column":3},"end":{"line":211,"column":67}},"112":{"start":{"line":224,"column":16},"end":{"line":224,"column":20}},"113":{"start":{"line":226,"column":3},"end":{"line":226,"column":26}},"114":{"start":{"line":228,"column":3},"end":{"line":245,"column":6}},"115":{"start":{"line":229,"column":12},"end":{"line":229,"column":26}},"116":{"start":{"line":232,"column":4},"end":{"line":244,"column":5}},"117":{"start":{"line":233,"column":5},"end":{"line":243,"column":8}},"118":{"start":{"line":234,"column":6},"end":{"line":242,"column":7}},"119":{"start":{"line":236,"column":26},"end":{"line":236,"column":64}},"120":{"start":{"line":237,"column":7},"end":{"line":237,"column":67}},"121":{"start":{"line":239,"column":7},"end":{"line":239,"column":46}},"122":{"start":{"line":241,"column":7},"end":{"line":241,"column":91}},"123":{"start":{"line":258,"column":3},"end":{"line":264,"column":6}},"124":{"start":{"line":259,"column":4},"end":{"line":263,"column":6}},"125":{"start":{"line":277,"column":15},"end":{"line":277,"column":63}},"126":{"start":{"line":278,"column":3},"end":{"line":278,"column":36}},"127":{"start":{"line":279,"column":3},"end":{"line":279,"column":63}},"128":{"start":{"line":280,"column":3},"end":{"line":280,"column":48}},"129":{"start":{"line":293,"column":11},"end":{"line":293,"column":23}},"130":{"start":{"line":296,"column":3},"end":{"line":303,"column":6}},"131":{"start":{"line":297,"column":20},"end":{"line":297,"column":52}},"132":{"start":{"line":298,"column":4},"end":{"line":302,"column":6}},"133":{"start":{"line":316,"column":16},"end":{"line":316,"column":20}},"134":{"start":{"line":318,"column":11},"end":{"line":318,"column":23}},"135":{"start":{"line":321,"column":15},"end":{"line":321,"column":64}},"136":{"start":{"line":322,"column":14},"end":{"line":322,"column":62}},"137":{"start":{"line":324,"column":19},"end":{"line":324,"column":73}},"138":{"start":{"line":325,"column":29},"end":{"line":325,"column":65}},"139":{"start":{"line":326,"column":19},"end":{"line":326,"column":100}},"140":{"start":{"line":327,"column":16},"end":{"line":327,"column":70}},"141":{"start":{"line":329,"column":22},"end":{"line":329,"column":60}},"142":{"start":{"line":330,"column":21},"end":{"line":330,"column":59}},"143":{"start":{"line":332,"column":18},"end":{"line":332,"column":154}},"144":{"start":{"line":334,"column":22},"end":{"line":334,"column":65}},"145":{"start":{"line":336,"column":3},"end":{"line":773,"column":5}},"146":{"start":{"line":361,"column":7},"end":{"line":361,"column":34}},"147":{"start":{"line":421,"column":12},"end":{"line":442,"column":13}},"148":{"start":{"line":422,"column":13},"end":{"line":441,"column":15}},"149":{"start":{"line":445,"column":12},"end":{"line":466,"column":13}},"150":{"start":{"line":446,"column":13},"end":{"line":465,"column":15}},"151":{"start":{"line":503,"column":12},"end":{"line":519,"column":13}},"152":{"start":{"line":504,"column":13},"end":{"line":518,"column":15}},"153":{"start":{"line":522,"column":12},"end":{"line":540,"column":13}},"154":{"start":{"line":523,"column":29},"end":{"line":523,"column":86}},"155":{"start":{"line":525,"column":13},"end":{"line":539,"column":15}},"156":{"start":{"line":543,"column":12},"end":{"line":559,"column":13}},"157":{"start":{"line":544,"column":13},"end":{"line":558,"column":15}},"158":{"start":{"line":562,"column":12},"end":{"line":578,"column":13}},"159":{"start":{"line":563,"column":13},"end":{"line":577,"column":15}},"160":{"start":{"line":586,"column":11},"end":{"line":586,"column":32}},"161":{"start":{"line":767,"column":7},"end":{"line":767,"column":40}},"162":{"start":{"line":777,"column":1},"end":{"line":777,"column":17}},"163":{"start":{"line":780,"column":0},"end":{"line":780,"column":57}},"164":{"start":{"line":782,"column":22},"end":{"line":788,"column":1}},"165":{"start":{"line":783,"column":1},"end":{"line":787,"column":3}},"166":{"start":{"line":790,"column":0},"end":{"line":790,"column":226}}},"fnMap":{"0":{"name":"(anonymous_0)","decl":{"start":{"line":8,"column":32},"end":{"line":8,"column":33}},"loc":{"start":{"line":8,"column":50},"end":{"line":8,"column":256}},"line":8},"1":{"name":"(anonymous_1)","decl":{"start":{"line":10,"column":19},"end":{"line":10,"column":20}},"loc":{"start":{"line":10,"column":31},"end":{"line":10,"column":561}},"line":10},"2":{"name":"defineProperties","decl":{"start":{"line":10,"column":42},"end":{"line":10,"column":58}},"loc":{"start":{"line":10,"column":74},"end":{"line":10,"column":349}},"line":10},"3":{"name":"(anonymous_3)","decl":{"start":{"line":10,"column":357},"end":{"line":10,"column":358}},"loc":{"start":{"line":10,"column":405},"end":{"line":10,"column":558}},"line":10},"4":{"name":"_interopRequireDefault","decl":{"start":{"line":50,"column":9},"end":{"line":50,"column":31}},"loc":{"start":{"line":50,"column":37},"end":{"line":50,"column":95}},"line":50},"5":{"name":"_defineProperty","decl":{"start":{"line":52,"column":9},"end":{"line":52,"column":24}},"loc":{"start":{"line":52,"column":42},"end":{"line":52,"column":209}},"line":52},"6":{"name":"_classCallCheck","decl":{"start":{"line":54,"column":9},"end":{"line":54,"column":24}},"loc":{"start":{"line":54,"column":48},"end":{"line":54,"column":153}},"line":54},"7":{"name":"_possibleConstructorReturn","decl":{"start":{"line":56,"column":9},"end":{"line":56,"column":35}},"loc":{"start":{"line":56,"column":48},"end":{"line":56,"column":240}},"line":56},"8":{"name":"_inherits","decl":{"start":{"line":58,"column":9},"end":{"line":58,"column":18}},"loc":{"start":{"line":58,"column":41},"end":{"line":58,"column":494}},"line":58},"9":{"name":"(anonymous_9)","decl":{"start":{"line":60,"column":34},"end":{"line":60,"column":35}},"loc":{"start":{"line":60,"column":60},"end":{"line":778,"column":1}},"line":60},"10":{"name":"Checkout","decl":{"start":{"line":63,"column":10},"end":{"line":63,"column":18}},"loc":{"start":{"line":63,"column":26},"end":{"line":82,"column":2}},"line":63},"11":{"name":"componentWillMount","decl":{"start":{"line":86,"column":18},"end":{"line":86,"column":36}},"loc":{"start":{"line":86,"column":39},"end":{"line":91,"column":3}},"line":86},"12":{"name":"componentDidMount","decl":{"start":{"line":94,"column":18},"end":{"line":94,"column":35}},"loc":{"start":{"line":94,"column":38},"end":{"line":98,"column":3}},"line":94},"13":{"name":"componentWillReceiveProps","decl":{"start":{"line":101,"column":18},"end":{"line":101,"column":43}},"loc":{"start":{"line":101,"column":55},"end":{"line":106,"column":3}},"line":101},"14":{"name":"initStripe","decl":{"start":{"line":117,"column":18},"end":{"line":117,"column":28}},"loc":{"start":{"line":117,"column":31},"end":{"line":131,"column":3}},"line":117},"15":{"name":"(anonymous_15)","decl":{"start":{"line":125,"column":35},"end":{"line":125,"column":36}},"loc":{"start":{"line":125,"column":52},"end":{"line":128,"column":4}},"line":125},"16":{"name":"calculateViewportSize","decl":{"start":{"line":142,"column":18},"end":{"line":142,"column":39}},"loc":{"start":{"line":142,"column":42},"end":{"line":168,"column":3}},"line":142},"17":{"name":"getValidatorData","decl":{"start":{"line":179,"column":18},"end":{"line":179,"column":34}},"loc":{"start":{"line":179,"column":37},"end":{"line":181,"column":3}},"line":179},"18":{"name":"resetCheckout","decl":{"start":{"line":192,"column":18},"end":{"line":192,"column":31}},"loc":{"start":{"line":192,"column":34},"end":{"line":196,"column":3}},"line":192},"19":{"name":"handleChange","decl":{"start":{"line":207,"column":18},"end":{"line":207,"column":30}},"loc":{"start":{"line":207,"column":34},"end":{"line":212,"column":3}},"line":207},"20":{"name":"handleSubmit","decl":{"start":{"line":223,"column":18},"end":{"line":223,"column":30}},"loc":{"start":{"line":223,"column":38},"end":{"line":246,"column":3}},"line":223},"21":{"name":"(anonymous_21)","decl":{"start":{"line":228,"column":23},"end":{"line":228,"column":24}},"loc":{"start":{"line":228,"column":40},"end":{"line":245,"column":4}},"line":228},"22":{"name":"(anonymous_22)","decl":{"start":{"line":233,"column":49},"end":{"line":233,"column":50}},"loc":{"start":{"line":233,"column":67},"end":{"line":243,"column":6}},"line":233},"23":{"name":"getValidationMessages","decl":{"start":{"line":257,"column":18},"end":{"line":257,"column":39}},"loc":{"start":{"line":257,"column":46},"end":{"line":265,"column":3}},"line":257},"24":{"name":"(anonymous_24)","decl":{"start":{"line":258,"column":53},"end":{"line":258,"column":54}},"loc":{"start":{"line":258,"column":75},"end":{"line":264,"column":4}},"line":258},"25":{"name":"handleSelect","decl":{"start":{"line":276,"column":18},"end":{"line":276,"column":30}},"loc":{"start":{"line":276,"column":38},"end":{"line":281,"column":3}},"line":276},"26":{"name":"renderIssues","decl":{"start":{"line":292,"column":18},"end":{"line":292,"column":30}},"loc":{"start":{"line":292,"column":33},"end":{"line":304,"column":3}},"line":292},"27":{"name":"(anonymous_27)","decl":{"start":{"line":296,"column":32},"end":{"line":296,"column":33}},"loc":{"start":{"line":296,"column":52},"end":{"line":303,"column":4}},"line":296},"28":{"name":"render","decl":{"start":{"line":315,"column":18},"end":{"line":315,"column":24}},"loc":{"start":{"line":315,"column":27},"end":{"line":774,"column":3}},"line":315},"29":{"name":"ref","decl":{"start":{"line":360,"column":21},"end":{"line":360,"column":24}},"loc":{"start":{"line":360,"column":35},"end":{"line":362,"column":7}},"line":360},"30":{"name":"(anonymous_30)","decl":{"start":{"line":420,"column":11},"end":{"line":420,"column":12}},"loc":{"start":{"line":420,"column":23},"end":{"line":443,"column":12}},"line":420},"31":{"name":"(anonymous_31)","decl":{"start":{"line":444,"column":11},"end":{"line":444,"column":12}},"loc":{"start":{"line":444,"column":23},"end":{"line":467,"column":12}},"line":444},"32":{"name":"(anonymous_32)","decl":{"start":{"line":502,"column":11},"end":{"line":502,"column":12}},"loc":{"start":{"line":502,"column":23},"end":{"line":520,"column":12}},"line":502},"33":{"name":"(anonymous_33)","decl":{"start":{"line":521,"column":11},"end":{"line":521,"column":12}},"loc":{"start":{"line":521,"column":23},"end":{"line":541,"column":12}},"line":521},"34":{"name":"(anonymous_34)","decl":{"start":{"line":542,"column":11},"end":{"line":542,"column":12}},"loc":{"start":{"line":542,"column":23},"end":{"line":560,"column":12}},"line":542},"35":{"name":"(anonymous_35)","decl":{"start":{"line":561,"column":11},"end":{"line":561,"column":12}},"loc":{"start":{"line":561,"column":23},"end":{"line":579,"column":12}},"line":561},"36":{"name":"ref","decl":{"start":{"line":585,"column":25},"end":{"line":585,"column":28}},"loc":{"start":{"line":585,"column":36},"end":{"line":587,"column":11}},"line":585},"37":{"name":"ref","decl":{"start":{"line":766,"column":40},"end":{"line":766,"column":43}},"loc":{"start":{"line":766,"column":57},"end":{"line":768,"column":7}},"line":766},"38":{"name":"mapStateToProps","decl":{"start":{"line":782,"column":31},"end":{"line":782,"column":46}},"loc":{"start":{"line":782,"column":54},"end":{"line":788,"column":1}},"line":782}},"branchMap":{"0":{"loc":{"start":{"line":8,"column":15},"end":{"line":8,"column":256}},"type":"binary-expr","locations":[{"start":{"line":8,"column":15},"end":{"line":8,"column":28}},{"start":{"line":8,"column":32},"end":{"line":8,"column":256}}],"line":8},"1":{"loc":{"start":{"line":8,"column":150},"end":{"line":8,"column":235}},"type":"if","locations":[{"start":{"line":8,"column":150},"end":{"line":8,"column":235}},{"start":{"line":8,"column":150},"end":{"line":8,"column":235}}],"line":8},"2":{"loc":{"start":{"line":10,"column":168},"end":{"line":10,"column":198}},"type":"binary-expr","locations":[{"start":{"line":10,"column":168},"end":{"line":10,"column":189}},{"start":{"line":10,"column":193},"end":{"line":10,"column":198}}],"line":10},"3":{"loc":{"start":{"line":10,"column":232},"end":{"line":10,"column":286}},"type":"if","locations":[{"start":{"line":10,"column":232},"end":{"line":10,"column":286}},{"start":{"line":10,"column":232},"end":{"line":10,"column":286}}],"line":10},"4":{"loc":{"start":{"line":10,"column":407},"end":{"line":10,"column":475}},"type":"if","locations":[{"start":{"line":10,"column":407},"end":{"line":10,"column":475}},{"start":{"line":10,"column":407},"end":{"line":10,"column":475}}],"line":10},"5":{"loc":{"start":{"line":10,"column":476},"end":{"line":10,"column":536}},"type":"if","locations":[{"start":{"line":10,"column":476},"end":{"line":10,"column":536}},{"start":{"line":10,"column":476},"end":{"line":10,"column":536}}],"line":10},"6":{"loc":{"start":{"line":50,"column":46},"end":{"line":50,"column":92}},"type":"cond-expr","locations":[{"start":{"line":50,"column":70},"end":{"line":50,"column":73}},{"start":{"line":50,"column":76},"end":{"line":50,"column":92}}],"line":50},"7":{"loc":{"start":{"line":50,"column":46},"end":{"line":50,"column":67}},"type":"binary-expr","locations":[{"start":{"line":50,"column":46},"end":{"line":50,"column":49}},{"start":{"line":50,"column":53},"end":{"line":50,"column":67}}],"line":50},"8":{"loc":{"start":{"line":52,"column":44},"end":{"line":52,"column":195}},"type":"if","locations":[{"start":{"line":52,"column":44},"end":{"line":52,"column":195}},{"start":{"line":52,"column":44},"end":{"line":52,"column":195}}],"line":52},"9":{"loc":{"start":{"line":54,"column":50},"end":{"line":54,"column":151}},"type":"if","locations":[{"start":{"line":54,"column":50},"end":{"line":54,"column":151}},{"start":{"line":54,"column":50},"end":{"line":54,"column":151}}],"line":54},"10":{"loc":{"start":{"line":56,"column":50},"end":{"line":56,"column":151}},"type":"if","locations":[{"start":{"line":56,"column":50},"end":{"line":56,"column":151}},{"start":{"line":56,"column":50},"end":{"line":56,"column":151}}],"line":56},"11":{"loc":{"start":{"line":56,"column":159},"end":{"line":56,"column":237}},"type":"cond-expr","locations":[{"start":{"line":56,"column":226},"end":{"line":56,"column":230}},{"start":{"line":56,"column":233},"end":{"line":56,"column":237}}],"line":56},"12":{"loc":{"start":{"line":56,"column":159},"end":{"line":56,"column":223}},"type":"binary-expr","locations":[{"start":{"line":56,"column":159},"end":{"line":56,"column":163}},{"start":{"line":56,"column":168},"end":{"line":56,"column":192}},{"start":{"line":56,"column":196},"end":{"line":56,"column":222}}],"line":56},"13":{"loc":{"start":{"line":58,"column":43},"end":{"line":58,"column":208}},"type":"if","locations":[{"start":{"line":58,"column":43},"end":{"line":58,"column":208}},{"start":{"line":58,"column":43},"end":{"line":58,"column":208}}],"line":58},"14":{"loc":{"start":{"line":58,"column":47},"end":{"line":58,"column":102}},"type":"binary-expr","locations":[{"start":{"line":58,"column":47},"end":{"line":58,"column":79}},{"start":{"line":58,"column":83},"end":{"line":58,"column":102}}],"line":58},"15":{"loc":{"start":{"line":58,"column":244},"end":{"line":58,"column":278}},"type":"binary-expr","locations":[{"start":{"line":58,"column":244},"end":{"line":58,"column":254}},{"start":{"line":58,"column":258},"end":{"line":58,"column":278}}],"line":58},"16":{"loc":{"start":{"line":58,"column":374},"end":{"line":58,"column":492}},"type":"if","locations":[{"start":{"line":58,"column":374},"end":{"line":58,"column":492}},{"start":{"line":58,"column":374},"end":{"line":58,"column":492}}],"line":58},"17":{"loc":{"start":{"line":58,"column":390},"end":{"line":58,"column":491}},"type":"cond-expr","locations":[{"start":{"line":58,"column":414},"end":{"line":58,"column":457}},{"start":{"line":58,"column":460},"end":{"line":58,"column":491}}],"line":58},"18":{"loc":{"start":{"line":66,"column":48},"end":{"line":66,"column":101}},"type":"binary-expr","locations":[{"start":{"line":66,"column":48},"end":{"line":66,"column":66}},{"start":{"line":66,"column":70},"end":{"line":66,"column":101}}],"line":66},"19":{"loc":{"start":{"line":87,"column":3},"end":{"line":90,"column":4}},"type":"if","locations":[{"start":{"line":87,"column":3},"end":{"line":90,"column":4}},{"start":{"line":87,"column":3},"end":{"line":90,"column":4}}],"line":87},"20":{"loc":{"start":{"line":103,"column":3},"end":{"line":105,"column":4}},"type":"if","locations":[{"start":{"line":103,"column":3},"end":{"line":105,"column":4}},{"start":{"line":103,"column":3},"end":{"line":105,"column":4}}],"line":103},"21":{"loc":{"start":{"line":127,"column":31},"end":{"line":127,"column":69}},"type":"cond-expr","locations":[{"start":{"line":127,"column":45},"end":{"line":127,"column":64}},{"start":{"line":127,"column":67},"end":{"line":127,"column":69}}],"line":127},"22":{"loc":{"start":{"line":151,"column":17},"end":{"line":151,"column":68}},"type":"cond-expr","locations":[{"start":{"line":151,"column":46},"end":{"line":151,"column":63}},{"start":{"line":151,"column":66},"end":{"line":151,"column":68}}],"line":151},"23":{"loc":{"start":{"line":152,"column":5},"end":{"line":152,"column":35}},"type":"if","locations":[{"start":{"line":152,"column":5},"end":{"line":152,"column":35}},{"start":{"line":152,"column":5},"end":{"line":152,"column":35}}],"line":152},"24":{"loc":{"start":{"line":159,"column":5},"end":{"line":161,"column":6}},"type":"if","locations":[{"start":{"line":159,"column":5},"end":{"line":161,"column":6}},{"start":{"line":159,"column":5},"end":{"line":161,"column":6}}],"line":159},"25":{"loc":{"start":{"line":159,"column":9},"end":{"line":159,"column":55}},"type":"binary-expr","locations":[{"start":{"line":159,"column":9},"end":{"line":159,"column":35}},{"start":{"line":159,"column":39},"end":{"line":159,"column":55}}],"line":159},"26":{"loc":{"start":{"line":163,"column":5},"end":{"line":165,"column":6}},"type":"if","locations":[{"start":{"line":163,"column":5},"end":{"line":165,"column":6}},{"start":{"line":163,"column":5},"end":{"line":165,"column":6}}],"line":163},"27":{"loc":{"start":{"line":232,"column":4},"end":{"line":244,"column":5}},"type":"if","locations":[{"start":{"line":232,"column":4},"end":{"line":244,"column":5}},{"start":{"line":232,"column":4},"end":{"line":244,"column":5}}],"line":232},"28":{"loc":{"start":{"line":234,"column":6},"end":{"line":242,"column":7}},"type":"if","locations":[{"start":{"line":234,"column":6},"end":{"line":242,"column":7}},{"start":{"line":234,"column":6},"end":{"line":242,"column":7}}],"line":234},"29":{"loc":{"start":{"line":321,"column":15},"end":{"line":321,"column":64}},"type":"cond-expr","locations":[{"start":{"line":321,"column":42},"end":{"line":321,"column":54}},{"start":{"line":321,"column":57},"end":{"line":321,"column":64}}],"line":321},"30":{"loc":{"start":{"line":322,"column":14},"end":{"line":322,"column":62}},"type":"cond-expr","locations":[{"start":{"line":322,"column":42},"end":{"line":322,"column":53}},{"start":{"line":322,"column":56},"end":{"line":322,"column":62}}],"line":322},"31":{"loc":{"start":{"line":324,"column":19},"end":{"line":324,"column":73}},"type":"cond-expr","locations":[{"start":{"line":324,"column":43},"end":{"line":324,"column":69}},{"start":{"line":324,"column":72},"end":{"line":324,"column":73}}],"line":324},"32":{"loc":{"start":{"line":326,"column":19},"end":{"line":326,"column":100}},"type":"cond-expr","locations":[{"start":{"line":326,"column":43},"end":{"line":326,"column":96}},{"start":{"line":326,"column":99},"end":{"line":326,"column":100}}],"line":326},"33":{"loc":{"start":{"line":327,"column":16},"end":{"line":327,"column":70}},"type":"cond-expr","locations":[{"start":{"line":327,"column":40},"end":{"line":327,"column":66}},{"start":{"line":327,"column":69},"end":{"line":327,"column":70}}],"line":327},"34":{"loc":{"start":{"line":329,"column":22},"end":{"line":329,"column":60}},"type":"cond-expr","locations":[{"start":{"line":329,"column":47},"end":{"line":329,"column":52}},{"start":{"line":329,"column":55},"end":{"line":329,"column":60}}],"line":329},"35":{"loc":{"start":{"line":330,"column":21},"end":{"line":330,"column":59}},"type":"cond-expr","locations":[{"start":{"line":330,"column":46},"end":{"line":330,"column":51}},{"start":{"line":330,"column":54},"end":{"line":330,"column":59}}],"line":330},"36":{"loc":{"start":{"line":332,"column":18},"end":{"line":332,"column":154}},"type":"cond-expr","locations":[{"start":{"line":332,"column":131},"end":{"line":332,"column":144}},{"start":{"line":332,"column":147},"end":{"line":332,"column":154}}],"line":332},"37":{"loc":{"start":{"line":332,"column":18},"end":{"line":332,"column":128}},"type":"binary-expr","locations":[{"start":{"line":332,"column":18},"end":{"line":332,"column":72}},{"start":{"line":332,"column":76},"end":{"line":332,"column":128}}],"line":332},"38":{"loc":{"start":{"line":334,"column":22},"end":{"line":334,"column":65}},"type":"cond-expr","locations":[{"start":{"line":334,"column":47},"end":{"line":334,"column":56}},{"start":{"line":334,"column":59},"end":{"line":334,"column":65}}],"line":334},"39":{"loc":{"start":{"line":421,"column":12},"end":{"line":442,"column":13}},"type":"if","locations":[{"start":{"line":421,"column":12},"end":{"line":442,"column":13}},{"start":{"line":421,"column":12},"end":{"line":442,"column":13}}],"line":421},"40":{"loc":{"start":{"line":445,"column":12},"end":{"line":466,"column":13}},"type":"if","locations":[{"start":{"line":445,"column":12},"end":{"line":466,"column":13}},{"start":{"line":445,"column":12},"end":{"line":466,"column":13}}],"line":445},"41":{"loc":{"start":{"line":503,"column":12},"end":{"line":519,"column":13}},"type":"if","locations":[{"start":{"line":503,"column":12},"end":{"line":519,"column":13}},{"start":{"line":503,"column":12},"end":{"line":519,"column":13}}],"line":503},"42":{"loc":{"start":{"line":522,"column":12},"end":{"line":540,"column":13}},"type":"if","locations":[{"start":{"line":522,"column":12},"end":{"line":540,"column":13}},{"start":{"line":522,"column":12},"end":{"line":540,"column":13}}],"line":522},"43":{"loc":{"start":{"line":523,"column":29},"end":{"line":523,"column":86}},"type":"cond-expr","locations":[{"start":{"line":523,"column":63},"end":{"line":523,"column":70}},{"start":{"line":523,"column":73},"end":{"line":523,"column":86}}],"line":523},"44":{"loc":{"start":{"line":543,"column":12},"end":{"line":559,"column":13}},"type":"if","locations":[{"start":{"line":543,"column":12},"end":{"line":559,"column":13}},{"start":{"line":543,"column":12},"end":{"line":559,"column":13}}],"line":543},"45":{"loc":{"start":{"line":562,"column":12},"end":{"line":578,"column":13}},"type":"if","locations":[{"start":{"line":562,"column":12},"end":{"line":578,"column":13}},{"start":{"line":562,"column":12},"end":{"line":578,"column":13}}],"line":562}},"s":{"0":1,"1":1,"2":1,"3":0,"4":0,"5":0,"6":0,"7":0,"8":0,"9":1,"10":1,"11":13,"12":13,"13":13,"14":13,"15":13,"16":13,"17":1,"18":1,"19":1,"20":1,"21":0,"22":1,"23":1,"24":1,"25":1,"26":1,"27":1,"28":1,"29":1,"30":1,"31":1,"32":1,"33":1,"34":1,"35":1,"36":1,"37":1,"38":1,"39":1,"40":1,"41":1,"42":6,"43":0,"44":0,"45":0,"46":0,"47":0,"48":0,"49":0,"50":0,"51":0,"52":1,"53":0,"54":1,"55":1,"56":1,"57":1,"58":1,"59":0,"60":0,"61":0,"62":0,"63":0,"64":0,"65":0,"66":0,"67":0,"68":0,"69":1,"70":0,"71":0,"72":0,"73":0,"74":0,"75":0,"76":0,"77":0,"78":0,"79":0,"80":0,"81":0,"82":0,"83":0,"84":0,"85":0,"86":0,"87":0,"88":0,"89":0,"90":0,"91":0,"92":0,"93":0,"94":0,"95":0,"96":0,"97":0,"98":0,"99":0,"100":0,"101":0,"102":0,"103":0,"104":0,"105":0,"106":0,"107":0,"108":0,"109":0,"110":0,"111":0,"112":0,"113":0,"114":0,"115":0,"116":0,"117":0,"118":0,"119":0,"120":0,"121":0,"122":0,"123":0,"124":0,"125":0,"126":0,"127":0,"128":0,"129":0,"130":0,"131":0,"132":0,"133":0,"134":0,"135":0,"136":0,"137":0,"138":0,"139":0,"140":0,"141":0,"142":0,"143":0,"144":0,"145":0,"146":0,"147":0,"148":0,"149":0,"150":0,"151":0,"152":0,"153":0,"154":0,"155":0,"156":0,"157":0,"158":0,"159":0,"160":0,"161":0,"162":1,"163":1,"164":1,"165":0,"166":1},"f":{"0":0,"1":1,"2":1,"3":1,"4":6,"5":0,"6":0,"7":0,"8":1,"9":1,"10":0,"11":0,"12":0,"13":0,"14":0,"15":0,"16":0,"17":0,"18":0,"19":0,"20":0,"21":0,"22":0,"23":0,"24":0,"25":0,"26":0,"27":0,"28":0,"29":0,"30":0,"31":0,"32":0,"33":0,"34":0,"35":0,"36":0,"37":0,"38":0},"b":{"0":[1,0],"1":[0,0],"2":[13,13],"3":[13,0],"4":[1,0],"5":[0,1],"6":[2,4],"7":[6,6],"8":[0,0],"9":[0,0],"10":[0,0],"11":[0,0],"12":[0,0,0],"13":[0,1],"14":[1,0],"15":[1,1],"16":[1,0],"17":[1,0],"18":[0,0],"19":[0,0],"20":[0,0],"21":[0,0],"22":[0,0],"23":[0,0],"24":[0,0],"25":[0,0],"26":[0,0],"27":[0,0],"28":[0,0],"29":[0,0],"30":[0,0],"31":[0,0],"32":[0,0],"33":[0,0],"34":[0,0],"35":[0,0],"36":[0,0],"37":[0,0],"38":[0,0],"39":[0,0],"40":[0,0],"41":[0,0],"42":[0,0],"43":[0,0],"44":[0,0],"45":[0,0]},"_coverageSchema":"332fd63041d2c1bcb487cc26dd0d5f7d97098a6c","hash":"0c2cd8a99c78ad098cff5d08483e589284dd71ec","contentHash":"919e68a2ba781512e236b529c4e4df57_11.3.0"},"/Users/danieljansson/Feelgood/src/components/FormComponent/index.js":{"path":"/Users/danieljansson/Feelgood/src/components/FormComponent/index.js","statementMap":{"0":{"start":{"line":3,"column":0},"end":{"line":5,"column":3}},"1":{"start":{"line":7,"column":19},"end":{"line":7,"column":563}},"2":{"start":{"line":7,"column":76},"end":{"line":7,"column":347}},"3":{"start":{"line":7,"column":134},"end":{"line":7,"column":142}},"4":{"start":{"line":7,"column":144},"end":{"line":7,"column":199}},"5":{"start":{"line":7,"column":200},"end":{"line":7,"column":231}},"6":{"start":{"line":7,"column":232},"end":{"line":7,"column":286}},"7":{"start":{"line":7,"column":259},"end":{"line":7,"column":286}},"8":{"start":{"line":7,"column":287},"end":{"line":7,"column":345}},"9":{"start":{"line":7,"column":350},"end":{"line":7,"column":559}},"10":{"start":{"line":7,"column":407},"end":{"line":7,"column":475}},"11":{"start":{"line":7,"column":423},"end":{"line":7,"column":475}},"12":{"start":{"line":7,"column":476},"end":{"line":7,"column":536}},"13":{"start":{"line":7,"column":493},"end":{"line":7,"column":536}},"14":{"start":{"line":7,"column":537},"end":{"line":7,"column":556}},"15":{"start":{"line":9,"column":13},"end":{"line":9,"column":29}},"16":{"start":{"line":11,"column":14},"end":{"line":11,"column":44}},"17":{"start":{"line":13,"column":39},"end":{"line":13,"column":93}},"18":{"start":{"line":15,"column":44},"end":{"line":15,"column":195}},"19":{"start":{"line":15,"column":62},"end":{"line":15,"column":166}},"20":{"start":{"line":15,"column":176},"end":{"line":15,"column":193}},"21":{"start":{"line":15,"column":196},"end":{"line":15,"column":207}},"22":{"start":{"line":17,"column":50},"end":{"line":17,"column":151}},"23":{"start":{"line":17,"column":92},"end":{"line":17,"column":149}},"24":{"start":{"line":19,"column":50},"end":{"line":19,"column":151}},"25":{"start":{"line":19,"column":63},"end":{"line":19,"column":149}},"26":{"start":{"line":19,"column":152},"end":{"line":19,"column":238}},"27":{"start":{"line":21,"column":43},"end":{"line":21,"column":208}},"28":{"start":{"line":21,"column":106},"end":{"line":21,"column":206}},"29":{"start":{"line":21,"column":209},"end":{"line":21,"column":373}},"30":{"start":{"line":21,"column":374},"end":{"line":21,"column":492}},"31":{"start":{"line":21,"column":390},"end":{"line":21,"column":492}},"32":{"start":{"line":23,"column":20},"end":{"line":148,"column":19}},"33":{"start":{"line":24,"column":4},"end":{"line":24,"column":41}},"34":{"start":{"line":27,"column":8},"end":{"line":27,"column":45}},"35":{"start":{"line":29,"column":20},"end":{"line":29,"column":137}},"36":{"start":{"line":31,"column":8},"end":{"line":31,"column":36}},"37":{"start":{"line":33,"column":8},"end":{"line":33,"column":68}},"38":{"start":{"line":34,"column":8},"end":{"line":34,"column":72}},"39":{"start":{"line":35,"column":8},"end":{"line":35,"column":64}},"40":{"start":{"line":36,"column":8},"end":{"line":36,"column":60}},"41":{"start":{"line":37,"column":8},"end":{"line":37,"column":76}},"42":{"start":{"line":38,"column":8},"end":{"line":38,"column":58}},"43":{"start":{"line":39,"column":8},"end":{"line":39,"column":56}},"44":{"start":{"line":40,"column":8},"end":{"line":40,"column":50}},"45":{"start":{"line":41,"column":8},"end":{"line":41,"column":78}},"46":{"start":{"line":42,"column":8},"end":{"line":42,"column":21}},"47":{"start":{"line":45,"column":4},"end":{"line":145,"column":8}},"48":{"start":{"line":48,"column":12},"end":{"line":48,"column":58}},"49":{"start":{"line":48,"column":43},"end":{"line":48,"column":58}},"50":{"start":{"line":49,"column":12},"end":{"line":49,"column":64}},"51":{"start":{"line":49,"column":47},"end":{"line":49,"column":64}},"52":{"start":{"line":54,"column":12},"end":{"line":54,"column":30}},"53":{"start":{"line":59,"column":12},"end":{"line":63,"column":14}},"54":{"start":{"line":68,"column":12},"end":{"line":68,"column":67}},"55":{"start":{"line":73,"column":25},"end":{"line":73,"column":29}},"56":{"start":{"line":75,"column":26},"end":{"line":75,"column":129}},"57":{"start":{"line":77,"column":12},"end":{"line":90,"column":14}},"58":{"start":{"line":78,"column":28},"end":{"line":78,"column":42}},"59":{"start":{"line":80,"column":16},"end":{"line":83,"column":17}},"60":{"start":{"line":81,"column":20},"end":{"line":81,"column":41}},"61":{"start":{"line":82,"column":20},"end":{"line":82,"column":53}},"62":{"start":{"line":85,"column":16},"end":{"line":87,"column":17}},"63":{"start":{"line":86,"column":20},"end":{"line":86,"column":48}},"64":{"start":{"line":89,"column":16},"end":{"line":89,"column":66}},"65":{"start":{"line":95,"column":25},"end":{"line":95,"column":29}},"66":{"start":{"line":97,"column":12},"end":{"line":99,"column":14}},"67":{"start":{"line":98,"column":16},"end":{"line":98,"column":64}},"68":{"start":{"line":104,"column":25},"end":{"line":104,"column":29}},"69":{"start":{"line":106,"column":12},"end":{"line":108,"column":14}},"70":{"start":{"line":107,"column":16},"end":{"line":107,"column":77}},"71":{"start":{"line":113,"column":25},"end":{"line":113,"column":29}},"72":{"start":{"line":115,"column":12},"end":{"line":119,"column":14}},"73":{"start":{"line":116,"column":16},"end":{"line":118,"column":17}},"74":{"start":{"line":117,"column":20},"end":{"line":117,"column":57}},"75":{"start":{"line":124,"column":25},"end":{"line":124,"column":29}},"76":{"start":{"line":126,"column":12},"end":{"line":138,"column":14}},"77":{"start":{"line":127,"column":28},"end":{"line":127,"column":42}},"78":{"start":{"line":129,"column":16},"end":{"line":132,"column":17}},"79":{"start":{"line":130,"column":20},"end":{"line":130,"column":50}},"80":{"start":{"line":131,"column":20},"end":{"line":131,"column":53}},"81":{"start":{"line":134,"column":16},"end":{"line":137,"column":19}},"82":{"start":{"line":135,"column":20},"end":{"line":135,"column":58}},"83":{"start":{"line":136,"column":20},"end":{"line":136,"column":57}},"84":{"start":{"line":143,"column":12},"end":{"line":143,"column":39}},"85":{"start":{"line":147,"column":4},"end":{"line":147,"column":25}},"86":{"start":{"line":150,"column":0},"end":{"line":150,"column":32}}},"fnMap":{"0":{"name":"(anonymous_0)","decl":{"start":{"line":7,"column":19},"end":{"line":7,"column":20}},"loc":{"start":{"line":7,"column":31},"end":{"line":7,"column":561}},"line":7},"1":{"name":"defineProperties","decl":{"start":{"line":7,"column":42},"end":{"line":7,"column":58}},"loc":{"start":{"line":7,"column":74},"end":{"line":7,"column":349}},"line":7},"2":{"name":"(anonymous_2)","decl":{"start":{"line":7,"column":357},"end":{"line":7,"column":358}},"loc":{"start":{"line":7,"column":405},"end":{"line":7,"column":558}},"line":7},"3":{"name":"_interopRequireDefault","decl":{"start":{"line":13,"column":9},"end":{"line":13,"column":31}},"loc":{"start":{"line":13,"column":37},"end":{"line":13,"column":95}},"line":13},"4":{"name":"_defineProperty","decl":{"start":{"line":15,"column":9},"end":{"line":15,"column":24}},"loc":{"start":{"line":15,"column":42},"end":{"line":15,"column":209}},"line":15},"5":{"name":"_classCallCheck","decl":{"start":{"line":17,"column":9},"end":{"line":17,"column":24}},"loc":{"start":{"line":17,"column":48},"end":{"line":17,"column":153}},"line":17},"6":{"name":"_possibleConstructorReturn","decl":{"start":{"line":19,"column":9},"end":{"line":19,"column":35}},"loc":{"start":{"line":19,"column":48},"end":{"line":19,"column":240}},"line":19},"7":{"name":"_inherits","decl":{"start":{"line":21,"column":9},"end":{"line":21,"column":18}},"loc":{"start":{"line":21,"column":41},"end":{"line":21,"column":494}},"line":21},"8":{"name":"(anonymous_8)","decl":{"start":{"line":23,"column":20},"end":{"line":23,"column":21}},"loc":{"start":{"line":23,"column":42},"end":{"line":148,"column":1}},"line":23},"9":{"name":"FormComponent","decl":{"start":{"line":26,"column":13},"end":{"line":26,"column":26}},"loc":{"start":{"line":26,"column":34},"end":{"line":43,"column":5}},"line":26},"10":{"name":"getValidationState","decl":{"start":{"line":47,"column":24},"end":{"line":47,"column":42}},"loc":{"start":{"line":47,"column":49},"end":{"line":50,"column":9}},"line":47},"11":{"name":"getValidatorData","decl":{"start":{"line":53,"column":24},"end":{"line":53,"column":40}},"loc":{"start":{"line":53,"column":43},"end":{"line":55,"column":9}},"line":53},"12":{"name":"renderHelpText","decl":{"start":{"line":58,"column":24},"end":{"line":58,"column":38}},"loc":{"start":{"line":58,"column":45},"end":{"line":64,"column":9}},"line":58},"13":{"name":"isValid","decl":{"start":{"line":67,"column":24},"end":{"line":67,"column":31}},"loc":{"start":{"line":67,"column":34},"end":{"line":69,"column":9}},"line":67},"14":{"name":"handleChange","decl":{"start":{"line":72,"column":24},"end":{"line":72,"column":36}},"loc":{"start":{"line":72,"column":43},"end":{"line":91,"column":9}},"line":72},"15":{"name":"(anonymous_15)","decl":{"start":{"line":77,"column":19},"end":{"line":77,"column":20}},"loc":{"start":{"line":77,"column":32},"end":{"line":90,"column":13}},"line":77},"16":{"name":"handleSelect","decl":{"start":{"line":94,"column":24},"end":{"line":94,"column":36}},"loc":{"start":{"line":94,"column":43},"end":{"line":100,"column":9}},"line":94},"17":{"name":"(anonymous_17)","decl":{"start":{"line":97,"column":19},"end":{"line":97,"column":20}},"loc":{"start":{"line":97,"column":37},"end":{"line":99,"column":13}},"line":97},"18":{"name":"handleCheckboxChange","decl":{"start":{"line":103,"column":24},"end":{"line":103,"column":44}},"loc":{"start":{"line":103,"column":51},"end":{"line":109,"column":9}},"line":103},"19":{"name":"(anonymous_19)","decl":{"start":{"line":106,"column":19},"end":{"line":106,"column":20}},"loc":{"start":{"line":106,"column":32},"end":{"line":108,"column":13}},"line":106},"20":{"name":"handleFocus","decl":{"start":{"line":112,"column":24},"end":{"line":112,"column":35}},"loc":{"start":{"line":112,"column":42},"end":{"line":120,"column":9}},"line":112},"21":{"name":"(anonymous_21)","decl":{"start":{"line":115,"column":19},"end":{"line":115,"column":20}},"loc":{"start":{"line":115,"column":32},"end":{"line":119,"column":13}},"line":115},"22":{"name":"handleBlur","decl":{"start":{"line":123,"column":24},"end":{"line":123,"column":34}},"loc":{"start":{"line":123,"column":50},"end":{"line":139,"column":9}},"line":123},"23":{"name":"(anonymous_23)","decl":{"start":{"line":126,"column":19},"end":{"line":126,"column":20}},"loc":{"start":{"line":126,"column":32},"end":{"line":138,"column":13}},"line":126},"24":{"name":"(anonymous_24)","decl":{"start":{"line":134,"column":66},"end":{"line":134,"column":67}},"loc":{"start":{"line":134,"column":78},"end":{"line":137,"column":17}},"line":134},"25":{"name":"handleValidationReset","decl":{"start":{"line":142,"column":24},"end":{"line":142,"column":45}},"loc":{"start":{"line":142,"column":48},"end":{"line":144,"column":9}},"line":142}},"branchMap":{"0":{"loc":{"start":{"line":7,"column":168},"end":{"line":7,"column":198}},"type":"binary-expr","locations":[{"start":{"line":7,"column":168},"end":{"line":7,"column":189}},{"start":{"line":7,"column":193},"end":{"line":7,"column":198}}],"line":7},"1":{"loc":{"start":{"line":7,"column":232},"end":{"line":7,"column":286}},"type":"if","locations":[{"start":{"line":7,"column":232},"end":{"line":7,"column":286}},{"start":{"line":7,"column":232},"end":{"line":7,"column":286}}],"line":7},"2":{"loc":{"start":{"line":7,"column":407},"end":{"line":7,"column":475}},"type":"if","locations":[{"start":{"line":7,"column":407},"end":{"line":7,"column":475}},{"start":{"line":7,"column":407},"end":{"line":7,"column":475}}],"line":7},"3":{"loc":{"start":{"line":7,"column":476},"end":{"line":7,"column":536}},"type":"if","locations":[{"start":{"line":7,"column":476},"end":{"line":7,"column":536}},{"start":{"line":7,"column":476},"end":{"line":7,"column":536}}],"line":7},"4":{"loc":{"start":{"line":13,"column":46},"end":{"line":13,"column":92}},"type":"cond-expr","locations":[{"start":{"line":13,"column":70},"end":{"line":13,"column":73}},{"start":{"line":13,"column":76},"end":{"line":13,"column":92}}],"line":13},"5":{"loc":{"start":{"line":13,"column":46},"end":{"line":13,"column":67}},"type":"binary-expr","locations":[{"start":{"line":13,"column":46},"end":{"line":13,"column":49}},{"start":{"line":13,"column":53},"end":{"line":13,"column":67}}],"line":13},"6":{"loc":{"start":{"line":15,"column":44},"end":{"line":15,"column":195}},"type":"if","locations":[{"start":{"line":15,"column":44},"end":{"line":15,"column":195}},{"start":{"line":15,"column":44},"end":{"line":15,"column":195}}],"line":15},"7":{"loc":{"start":{"line":17,"column":50},"end":{"line":17,"column":151}},"type":"if","locations":[{"start":{"line":17,"column":50},"end":{"line":17,"column":151}},{"start":{"line":17,"column":50},"end":{"line":17,"column":151}}],"line":17},"8":{"loc":{"start":{"line":19,"column":50},"end":{"line":19,"column":151}},"type":"if","locations":[{"start":{"line":19,"column":50},"end":{"line":19,"column":151}},{"start":{"line":19,"column":50},"end":{"line":19,"column":151}}],"line":19},"9":{"loc":{"start":{"line":19,"column":159},"end":{"line":19,"column":237}},"type":"cond-expr","locations":[{"start":{"line":19,"column":226},"end":{"line":19,"column":230}},{"start":{"line":19,"column":233},"end":{"line":19,"column":237}}],"line":19},"10":{"loc":{"start":{"line":19,"column":159},"end":{"line":19,"column":223}},"type":"binary-expr","locations":[{"start":{"line":19,"column":159},"end":{"line":19,"column":163}},{"start":{"line":19,"column":168},"end":{"line":19,"column":192}},{"start":{"line":19,"column":196},"end":{"line":19,"column":222}}],"line":19},"11":{"loc":{"start":{"line":21,"column":43},"end":{"line":21,"column":208}},"type":"if","locations":[{"start":{"line":21,"column":43},"end":{"line":21,"column":208}},{"start":{"line":21,"column":43},"end":{"line":21,"column":208}}],"line":21},"12":{"loc":{"start":{"line":21,"column":47},"end":{"line":21,"column":102}},"type":"binary-expr","locations":[{"start":{"line":21,"column":47},"end":{"line":21,"column":79}},{"start":{"line":21,"column":83},"end":{"line":21,"column":102}}],"line":21},"13":{"loc":{"start":{"line":21,"column":244},"end":{"line":21,"column":278}},"type":"binary-expr","locations":[{"start":{"line":21,"column":244},"end":{"line":21,"column":254}},{"start":{"line":21,"column":258},"end":{"line":21,"column":278}}],"line":21},"14":{"loc":{"start":{"line":21,"column":374},"end":{"line":21,"column":492}},"type":"if","locations":[{"start":{"line":21,"column":374},"end":{"line":21,"column":492}},{"start":{"line":21,"column":374},"end":{"line":21,"column":492}}],"line":21},"15":{"loc":{"start":{"line":21,"column":390},"end":{"line":21,"column":491}},"type":"cond-expr","locations":[{"start":{"line":21,"column":414},"end":{"line":21,"column":457}},{"start":{"line":21,"column":460},"end":{"line":21,"column":491}}],"line":21},"16":{"loc":{"start":{"line":29,"column":54},"end":{"line":29,"column":117}},"type":"binary-expr","locations":[{"start":{"line":29,"column":54},"end":{"line":29,"column":77}},{"start":{"line":29,"column":81},"end":{"line":29,"column":117}}],"line":29},"17":{"loc":{"start":{"line":48,"column":12},"end":{"line":48,"column":58}},"type":"if","locations":[{"start":{"line":48,"column":12},"end":{"line":48,"column":58}},{"start":{"line":48,"column":12},"end":{"line":48,"column":58}}],"line":48},"18":{"loc":{"start":{"line":49,"column":12},"end":{"line":49,"column":64}},"type":"if","locations":[{"start":{"line":49,"column":12},"end":{"line":49,"column":64}},{"start":{"line":49,"column":12},"end":{"line":49,"column":64}}],"line":49},"19":{"loc":{"start":{"line":75,"column":26},"end":{"line":75,"column":129}},"type":"cond-expr","locations":[{"start":{"line":75,"column":79},"end":{"line":75,"column":91}},{"start":{"line":75,"column":94},"end":{"line":75,"column":129}}],"line":75},"20":{"loc":{"start":{"line":75,"column":26},"end":{"line":75,"column":76}},"type":"binary-expr","locations":[{"start":{"line":75,"column":26},"end":{"line":75,"column":46}},{"start":{"line":75,"column":50},"end":{"line":75,"column":76}}],"line":75},"21":{"loc":{"start":{"line":80,"column":16},"end":{"line":83,"column":17}},"type":"if","locations":[{"start":{"line":80,"column":16},"end":{"line":83,"column":17}},{"start":{"line":80,"column":16},"end":{"line":83,"column":17}}],"line":80},"22":{"loc":{"start":{"line":85,"column":16},"end":{"line":87,"column":17}},"type":"if","locations":[{"start":{"line":85,"column":16},"end":{"line":87,"column":17}},{"start":{"line":85,"column":16},"end":{"line":87,"column":17}}],"line":85},"23":{"loc":{"start":{"line":116,"column":16},"end":{"line":118,"column":17}},"type":"if","locations":[{"start":{"line":116,"column":16},"end":{"line":118,"column":17}},{"start":{"line":116,"column":16},"end":{"line":118,"column":17}}],"line":116},"24":{"loc":{"start":{"line":129,"column":16},"end":{"line":132,"column":17}},"type":"if","locations":[{"start":{"line":129,"column":16},"end":{"line":132,"column":17}},{"start":{"line":129,"column":16},"end":{"line":132,"column":17}}],"line":129},"25":{"loc":{"start":{"line":129,"column":20},"end":{"line":129,"column":43}},"type":"binary-expr","locations":[{"start":{"line":129,"column":20},"end":{"line":129,"column":27}},{"start":{"line":129,"column":31},"end":{"line":129,"column":43}}],"line":129}},"s":{"0":1,"1":1,"2":1,"3":10,"4":10,"5":10,"6":10,"7":10,"8":10,"9":1,"10":1,"11":1,"12":1,"13":0,"14":1,"15":1,"16":1,"17":1,"18":0,"19":0,"20":0,"21":0,"22":0,"23":0,"24":0,"25":0,"26":0,"27":1,"28":0,"29":1,"30":1,"31":1,"32":1,"33":1,"34":0,"35":0,"36":0,"37":0,"38":0,"39":0,"40":0,"41":0,"42":0,"43":0,"44":0,"45":0,"46":0,"47":1,"48":0,"49":0,"50":0,"51":0,"52":0,"53":0,"54":0,"55":0,"56":0,"57":0,"58":0,"59":0,"60":0,"61":0,"62":0,"63":0,"64":0,"65":0,"66":0,"67":0,"68":0,"69":0,"70":0,"71":0,"72":0,"73":0,"74":0,"75":0,"76":0,"77":0,"78":0,"79":0,"80":0,"81":0,"82":0,"83":0,"84":0,"85":1,"86":1},"f":{"0":1,"1":1,"2":1,"3":1,"4":0,"5":0,"6":0,"7":1,"8":1,"9":0,"10":0,"11":0,"12":0,"13":0,"14":0,"15":0,"16":0,"17":0,"18":0,"19":0,"20":0,"21":0,"22":0,"23":0,"24":0,"25":0},"b":{"0":[10,10],"1":[10,0],"2":[1,0],"3":[0,1],"4":[0,1],"5":[1,1],"6":[0,0],"7":[0,0],"8":[0,0],"9":[0,0],"10":[0,0,0],"11":[0,1],"12":[1,0],"13":[1,1],"14":[1,0],"15":[1,0],"16":[0,0],"17":[0,0],"18":[0,0],"19":[0,0],"20":[0,0],"21":[0,0],"22":[0,0],"23":[0,0],"24":[0,0],"25":[0,0]},"_coverageSchema":"332fd63041d2c1bcb487cc26dd0d5f7d97098a6c","hash":"a11071d5e73dae05f9b149485f08ccd6a8bd2c14","contentHash":"6481bcdac474a11b99918ce63bf0071e_11.3.0"},"/Users/danieljansson/Feelgood/validators/encounters.js":{"path":"/Users/danieljansson/Feelgood/validators/encounters.js","statementMap":{"0":{"start":{"line":3,"column":0},"end":{"line":5,"column":3}},"1":{"start":{"line":6,"column":0},"end":{"line":6,"column":39}},"2":{"start":{"line":8,"column":11},"end":{"line":8,"column":25}},"3":{"start":{"line":10,"column":12},"end":{"line":10,"column":40}},"4":{"start":{"line":12,"column":39},"end":{"line":12,"column":93}},"5":{"start":{"line":14,"column":25},"end":{"line":28,"column":2}}},"fnMap":{"0":{"name":"_interopRequireDefault","decl":{"start":{"line":12,"column":9},"end":{"line":12,"column":31}},"loc":{"start":{"line":12,"column":37},"end":{"line":12,"column":95}},"line":12}},"branchMap":{"0":{"loc":{"start":{"line":12,"column":46},"end":{"line":12,"column":92}},"type":"cond-expr","locations":[{"start":{"line":12,"column":70},"end":{"line":12,"column":73}},{"start":{"line":12,"column":76},"end":{"line":12,"column":92}}],"line":12},"1":{"loc":{"start":{"line":12,"column":46},"end":{"line":12,"column":67}},"type":"binary-expr","locations":[{"start":{"line":12,"column":46},"end":{"line":12,"column":49}},{"start":{"line":12,"column":53},"end":{"line":12,"column":67}}],"line":12}},"s":{"0":1,"1":1,"2":1,"3":1,"4":1,"5":1},"f":{"0":1},"b":{"0":[0,1],"1":[1,1]},"_coverageSchema":"332fd63041d2c1bcb487cc26dd0d5f7d97098a6c","hash":"e850eeada3b156f5d96a770ae3caad35f287e70d","contentHash":"d4177d38b335be59cab725d065d3dedd_11.3.0"},"/Users/danieljansson/Feelgood/src/actions/issue.js":{"path":"/Users/danieljansson/Feelgood/src/actions/issue.js","statementMap":{"0":{"start":{"line":3,"column":0},"end":{"line":5,"column":3}},"1":{"start":{"line":6,"column":0},"end":{"line":6,"column":30}},"2":{"start":{"line":8,"column":13},"end":{"line":8,"column":29}},"3":{"start":{"line":10,"column":14},"end":{"line":10,"column":45}},"4":{"start":{"line":12,"column":40},"end":{"line":12,"column":267}},"5":{"start":{"line":12,"column":69},"end":{"line":12,"column":80}},"6":{"start":{"line":12,"column":103},"end":{"line":12,"column":105}},"7":{"start":{"line":12,"column":107},"end":{"line":12,"column":228}},"8":{"start":{"line":12,"column":126},"end":{"line":12,"column":226}},"9":{"start":{"line":12,"column":149},"end":{"line":12,"column":224}},"10":{"start":{"line":12,"column":201},"end":{"line":12,"column":224}},"11":{"start":{"line":12,"column":229},"end":{"line":12,"column":250}},"12":{"start":{"line":12,"column":251},"end":{"line":12,"column":265}},"13":{"start":{"line":14,"column":16},"end":{"line":22,"column":1}},"14":{"start":{"line":15,"column":4},"end":{"line":21,"column":6}},"15":{"start":{"line":16,"column":8},"end":{"line":20,"column":11}},"16":{"start":{"line":17,"column":12},"end":{"line":17,"column":65}},"17":{"start":{"line":19,"column":12},"end":{"line":19,"column":40}}},"fnMap":{"0":{"name":"_interopRequireWildcard","decl":{"start":{"line":12,"column":9},"end":{"line":12,"column":32}},"loc":{"start":{"line":12,"column":38},"end":{"line":12,"column":269}},"line":12},"1":{"name":"getIssues","decl":{"start":{"line":14,"column":45},"end":{"line":14,"column":54}},"loc":{"start":{"line":14,"column":57},"end":{"line":22,"column":1}},"line":14},"2":{"name":"(anonymous_2)","decl":{"start":{"line":15,"column":11},"end":{"line":15,"column":12}},"loc":{"start":{"line":15,"column":31},"end":{"line":21,"column":5}},"line":15},"3":{"name":"(anonymous_3)","decl":{"start":{"line":16,"column":43},"end":{"line":16,"column":44}},"loc":{"start":{"line":16,"column":59},"end":{"line":18,"column":9}},"line":16},"4":{"name":"(anonymous_4)","decl":{"start":{"line":18,"column":17},"end":{"line":18,"column":18}},"loc":{"start":{"line":18,"column":34},"end":{"line":20,"column":9}},"line":18}},"branchMap":{"0":{"loc":{"start":{"line":12,"column":40},"end":{"line":12,"column":267}},"type":"if","locations":[{"start":{"line":12,"column":40},"end":{"line":12,"column":267}},{"start":{"line":12,"column":40},"end":{"line":12,"column":267}}],"line":12},"1":{"loc":{"start":{"line":12,"column":44},"end":{"line":12,"column":65}},"type":"binary-expr","locations":[{"start":{"line":12,"column":44},"end":{"line":12,"column":47}},{"start":{"line":12,"column":51},"end":{"line":12,"column":65}}],"line":12},"2":{"loc":{"start":{"line":12,"column":107},"end":{"line":12,"column":228}},"type":"if","locations":[{"start":{"line":12,"column":107},"end":{"line":12,"column":228}},{"start":{"line":12,"column":107},"end":{"line":12,"column":228}}],"line":12},"3":{"loc":{"start":{"line":12,"column":149},"end":{"line":12,"column":224}},"type":"if","locations":[{"start":{"line":12,"column":149},"end":{"line":12,"column":224}},{"start":{"line":12,"column":149},"end":{"line":12,"column":224}}],"line":12}},"s":{"0":1,"1":1,"2":1,"3":1,"4":1,"5":0,"6":1,"7":1,"8":1,"9":18,"10":18,"11":1,"12":1,"13":1,"14":0,"15":0,"16":0,"17":0},"f":{"0":1,"1":0,"2":0,"3":0,"4":0},"b":{"0":[0,1],"1":[1,1],"2":[1,0],"3":[18,0]},"_coverageSchema":"332fd63041d2c1bcb487cc26dd0d5f7d97098a6c","hash":"062694973183b42a5d128fd4d13c1557a0ce0d70","contentHash":"22187fc52f8bb2051d561320b955b84a_11.3.0"},"/Users/danieljansson/Feelgood/helpers/validation.js":{"path":"/Users/danieljansson/Feelgood/helpers/validation.js","statementMap":{"0":{"start":{"line":3,"column":0},"end":{"line":5,"column":3}},"1":{"start":{"line":6,"column":21},"end":{"line":21,"column":1}},"2":{"start":{"line":7,"column":4},"end":{"line":20,"column":6}}},"fnMap":{"0":{"name":"i18nValidation","decl":{"start":{"line":6,"column":55},"end":{"line":6,"column":69}},"loc":{"start":{"line":6,"column":72},"end":{"line":21,"column":1}},"line":6}},"branchMap":{},"s":{"0":1,"1":1,"2":1},"f":{"0":1},"b":{},"_coverageSchema":"332fd63041d2c1bcb487cc26dd0d5f7d97098a6c","hash":"8d72ae39ed3899b1ab2e0d6f19e29b8158fa2e78","contentHash":"3340dbc801cd0412bf08af7dc3619971_11.3.0"},"/Users/danieljansson/Feelgood/src/actions/encounter.js":{"path":"/Users/danieljansson/Feelgood/src/actions/encounter.js","statementMap":{"0":{"start":{"line":3,"column":0},"end":{"line":5,"column":3}},"1":{"start":{"line":6,"column":0},"end":{"line":6,"column":110}},"2":{"start":{"line":8,"column":13},"end":{"line":8,"column":29}},"3":{"start":{"line":10,"column":14},"end":{"line":10,"column":45}},"4":{"start":{"line":12,"column":40},"end":{"line":12,"column":267}},"5":{"start":{"line":12,"column":69},"end":{"line":12,"column":80}},"6":{"start":{"line":12,"column":103},"end":{"line":12,"column":105}},"7":{"start":{"line":12,"column":107},"end":{"line":12,"column":228}},"8":{"start":{"line":12,"column":126},"end":{"line":12,"column":226}},"9":{"start":{"line":12,"column":149},"end":{"line":12,"column":224}},"10":{"start":{"line":12,"column":201},"end":{"line":12,"column":224}},"11":{"start":{"line":12,"column":229},"end":{"line":12,"column":250}},"12":{"start":{"line":12,"column":251},"end":{"line":12,"column":265}},"13":{"start":{"line":14,"column":20},"end":{"line":22,"column":1}},"14":{"start":{"line":15,"column":4},"end":{"line":21,"column":6}},"15":{"start":{"line":16,"column":8},"end":{"line":20,"column":11}},"16":{"start":{"line":17,"column":12},"end":{"line":17,"column":65}},"17":{"start":{"line":19,"column":12},"end":{"line":19,"column":40}},"18":{"start":{"line":24,"column":20},"end":{"line":32,"column":1}},"19":{"start":{"line":25,"column":4},"end":{"line":31,"column":6}},"20":{"start":{"line":26,"column":8},"end":{"line":30,"column":11}},"21":{"start":{"line":27,"column":12},"end":{"line":27,"column":50}},"22":{"start":{"line":29,"column":12},"end":{"line":29,"column":40}},"23":{"start":{"line":34,"column":23},"end":{"line":46,"column":1}},"24":{"start":{"line":35,"column":4},"end":{"line":45,"column":6}},"25":{"start":{"line":36,"column":8},"end":{"line":44,"column":11}},"26":{"start":{"line":48,"column":21},"end":{"line":52,"column":1}},"27":{"start":{"line":49,"column":4},"end":{"line":51,"column":6}},"28":{"start":{"line":50,"column":8},"end":{"line":50,"column":46}}},"fnMap":{"0":{"name":"_interopRequireWildcard","decl":{"start":{"line":12,"column":9},"end":{"line":12,"column":32}},"loc":{"start":{"line":12,"column":38},"end":{"line":12,"column":269}},"line":12},"1":{"name":"getEncounters","decl":{"start":{"line":14,"column":53},"end":{"line":14,"column":66}},"loc":{"start":{"line":14,"column":69},"end":{"line":22,"column":1}},"line":14},"2":{"name":"(anonymous_2)","decl":{"start":{"line":15,"column":11},"end":{"line":15,"column":12}},"loc":{"start":{"line":15,"column":31},"end":{"line":21,"column":5}},"line":15},"3":{"name":"(anonymous_3)","decl":{"start":{"line":16,"column":47},"end":{"line":16,"column":48}},"loc":{"start":{"line":16,"column":63},"end":{"line":18,"column":9}},"line":16},"4":{"name":"(anonymous_4)","decl":{"start":{"line":18,"column":17},"end":{"line":18,"column":18}},"loc":{"start":{"line":18,"column":34},"end":{"line":20,"column":9}},"line":18},"5":{"name":"saveEncounter","decl":{"start":{"line":24,"column":53},"end":{"line":24,"column":66}},"loc":{"start":{"line":24,"column":82},"end":{"line":32,"column":1}},"line":24},"6":{"name":"(anonymous_6)","decl":{"start":{"line":25,"column":11},"end":{"line":25,"column":12}},"loc":{"start":{"line":25,"column":31},"end":{"line":31,"column":5}},"line":25},"7":{"name":"(anonymous_7)","decl":{"start":{"line":26,"column":81},"end":{"line":26,"column":82}},"loc":{"start":{"line":26,"column":97},"end":{"line":28,"column":9}},"line":26},"8":{"name":"(anonymous_8)","decl":{"start":{"line":28,"column":17},"end":{"line":28,"column":18}},"loc":{"start":{"line":28,"column":34},"end":{"line":30,"column":9}},"line":28},"9":{"name":"setEncounterData","decl":{"start":{"line":34,"column":59},"end":{"line":34,"column":75}},"loc":{"start":{"line":34,"column":118},"end":{"line":46,"column":1}},"line":34},"10":{"name":"(anonymous_10)","decl":{"start":{"line":35,"column":11},"end":{"line":35,"column":12}},"loc":{"start":{"line":35,"column":31},"end":{"line":45,"column":5}},"line":35},"11":{"name":"resetEncounter","decl":{"start":{"line":48,"column":55},"end":{"line":48,"column":69}},"loc":{"start":{"line":48,"column":72},"end":{"line":52,"column":1}},"line":48},"12":{"name":"(anonymous_12)","decl":{"start":{"line":49,"column":11},"end":{"line":49,"column":12}},"loc":{"start":{"line":49,"column":31},"end":{"line":51,"column":5}},"line":49}},"branchMap":{"0":{"loc":{"start":{"line":12,"column":40},"end":{"line":12,"column":267}},"type":"if","locations":[{"start":{"line":12,"column":40},"end":{"line":12,"column":267}},{"start":{"line":12,"column":40},"end":{"line":12,"column":267}}],"line":12},"1":{"loc":{"start":{"line":12,"column":44},"end":{"line":12,"column":65}},"type":"binary-expr","locations":[{"start":{"line":12,"column":44},"end":{"line":12,"column":47}},{"start":{"line":12,"column":51},"end":{"line":12,"column":65}}],"line":12},"2":{"loc":{"start":{"line":12,"column":107},"end":{"line":12,"column":228}},"type":"if","locations":[{"start":{"line":12,"column":107},"end":{"line":12,"column":228}},{"start":{"line":12,"column":107},"end":{"line":12,"column":228}}],"line":12},"3":{"loc":{"start":{"line":12,"column":149},"end":{"line":12,"column":224}},"type":"if","locations":[{"start":{"line":12,"column":149},"end":{"line":12,"column":224}},{"start":{"line":12,"column":149},"end":{"line":12,"column":224}}],"line":12}},"s":{"0":1,"1":1,"2":1,"3":1,"4":1,"5":0,"6":1,"7":1,"8":1,"9":18,"10":18,"11":1,"12":1,"13":1,"14":0,"15":0,"16":0,"17":0,"18":1,"19":1,"20":1,"21":1,"22":0,"23":1,"24":0,"25":0,"26":1,"27":0,"28":0},"f":{"0":1,"1":0,"2":0,"3":0,"4":0,"5":1,"6":1,"7":1,"8":0,"9":0,"10":0,"11":0,"12":0},"b":{"0":[0,1],"1":[1,1],"2":[1,0],"3":[18,0]},"_coverageSchema":"332fd63041d2c1bcb487cc26dd0d5f7d97098a6c","hash":"18cbd480d8eaea30a21dec421a69794cd749baf7","contentHash":"09607bd0aacb4a24a4a7fa1162bc7431_11.3.0"},"/Users/danieljansson/Feelgood/src/components/Public/Header/index.js":{"path":"/Users/danieljansson/Feelgood/src/components/Public/Header/index.js","statementMap":{"0":{"start":{"line":3,"column":0},"end":{"line":5,"column":3}},"1":{"start":{"line":6,"column":0},"end":{"line":6,"column":27}},"2":{"start":{"line":8,"column":19},"end":{"line":8,"column":563}},"3":{"start":{"line":8,"column":76},"end":{"line":8,"column":347}},"4":{"start":{"line":8,"column":134},"end":{"line":8,"column":142}},"5":{"start":{"line":8,"column":144},"end":{"line":8,"column":199}},"6":{"start":{"line":8,"column":200},"end":{"line":8,"column":231}},"7":{"start":{"line":8,"column":232},"end":{"line":8,"column":286}},"8":{"start":{"line":8,"column":259},"end":{"line":8,"column":286}},"9":{"start":{"line":8,"column":287},"end":{"line":8,"column":345}},"10":{"start":{"line":8,"column":350},"end":{"line":8,"column":559}},"11":{"start":{"line":8,"column":407},"end":{"line":8,"column":475}},"12":{"start":{"line":8,"column":423},"end":{"line":8,"column":475}},"13":{"start":{"line":8,"column":476},"end":{"line":8,"column":536}},"14":{"start":{"line":8,"column":493},"end":{"line":8,"column":536}},"15":{"start":{"line":8,"column":537},"end":{"line":8,"column":556}},"16":{"start":{"line":10,"column":13},"end":{"line":10,"column":29}},"17":{"start":{"line":12,"column":14},"end":{"line":12,"column":44}},"18":{"start":{"line":14,"column":18},"end":{"line":14,"column":40}},"19":{"start":{"line":16,"column":20},"end":{"line":16,"column":44}},"20":{"start":{"line":18,"column":12},"end":{"line":18,"column":44}},"21":{"start":{"line":20,"column":14},"end":{"line":20,"column":37}},"22":{"start":{"line":22,"column":15},"end":{"line":22,"column":46}},"23":{"start":{"line":24,"column":39},"end":{"line":24,"column":93}},"24":{"start":{"line":26,"column":50},"end":{"line":26,"column":151}},"25":{"start":{"line":26,"column":92},"end":{"line":26,"column":149}},"26":{"start":{"line":28,"column":50},"end":{"line":28,"column":151}},"27":{"start":{"line":28,"column":63},"end":{"line":28,"column":149}},"28":{"start":{"line":28,"column":152},"end":{"line":28,"column":238}},"29":{"start":{"line":30,"column":43},"end":{"line":30,"column":208}},"30":{"start":{"line":30,"column":106},"end":{"line":30,"column":206}},"31":{"start":{"line":30,"column":209},"end":{"line":30,"column":373}},"32":{"start":{"line":30,"column":374},"end":{"line":30,"column":492}},"33":{"start":{"line":30,"column":390},"end":{"line":30,"column":492}},"34":{"start":{"line":32,"column":13},"end":{"line":170,"column":19}},"35":{"start":{"line":33,"column":4},"end":{"line":33,"column":34}},"36":{"start":{"line":36,"column":8},"end":{"line":36,"column":38}},"37":{"start":{"line":38,"column":20},"end":{"line":38,"column":123}},"38":{"start":{"line":40,"column":8},"end":{"line":42,"column":10}},"39":{"start":{"line":44,"column":8},"end":{"line":44,"column":60}},"40":{"start":{"line":45,"column":8},"end":{"line":45,"column":21}},"41":{"start":{"line":48,"column":4},"end":{"line":167,"column":8}},"42":{"start":{"line":51,"column":12},"end":{"line":51,"column":51}},"43":{"start":{"line":56,"column":12},"end":{"line":56,"column":74}},"44":{"start":{"line":61,"column":12},"end":{"line":61,"column":35}},"45":{"start":{"line":62,"column":12},"end":{"line":62,"column":53}},"46":{"start":{"line":67,"column":20},"end":{"line":67,"column":32}},"47":{"start":{"line":69,"column":28},"end":{"line":69,"column":126}},"48":{"start":{"line":71,"column":12},"end":{"line":165,"column":14}},"49":{"start":{"line":169,"column":4},"end":{"line":169,"column":18}},"50":{"start":{"line":172,"column":0},"end":{"line":172,"column":55}},"51":{"start":{"line":174,"column":22},"end":{"line":179,"column":1}},"52":{"start":{"line":175,"column":4},"end":{"line":178,"column":6}},"53":{"start":{"line":181,"column":0},"end":{"line":181,"column":112}}},"fnMap":{"0":{"name":"(anonymous_0)","decl":{"start":{"line":8,"column":19},"end":{"line":8,"column":20}},"loc":{"start":{"line":8,"column":31},"end":{"line":8,"column":561}},"line":8},"1":{"name":"defineProperties","decl":{"start":{"line":8,"column":42},"end":{"line":8,"column":58}},"loc":{"start":{"line":8,"column":74},"end":{"line":8,"column":349}},"line":8},"2":{"name":"(anonymous_2)","decl":{"start":{"line":8,"column":357},"end":{"line":8,"column":358}},"loc":{"start":{"line":8,"column":405},"end":{"line":8,"column":558}},"line":8},"3":{"name":"_interopRequireDefault","decl":{"start":{"line":24,"column":9},"end":{"line":24,"column":31}},"loc":{"start":{"line":24,"column":37},"end":{"line":24,"column":95}},"line":24},"4":{"name":"_classCallCheck","decl":{"start":{"line":26,"column":9},"end":{"line":26,"column":24}},"loc":{"start":{"line":26,"column":48},"end":{"line":26,"column":153}},"line":26},"5":{"name":"_possibleConstructorReturn","decl":{"start":{"line":28,"column":9},"end":{"line":28,"column":35}},"loc":{"start":{"line":28,"column":48},"end":{"line":28,"column":240}},"line":28},"6":{"name":"_inherits","decl":{"start":{"line":30,"column":9},"end":{"line":30,"column":18}},"loc":{"start":{"line":30,"column":41},"end":{"line":30,"column":494}},"line":30},"7":{"name":"(anonymous_7)","decl":{"start":{"line":32,"column":30},"end":{"line":32,"column":31}},"loc":{"start":{"line":32,"column":52},"end":{"line":170,"column":1}},"line":32},"8":{"name":"Header","decl":{"start":{"line":35,"column":13},"end":{"line":35,"column":19}},"loc":{"start":{"line":35,"column":27},"end":{"line":46,"column":5}},"line":35},"9":{"name":"componentDidMount","decl":{"start":{"line":50,"column":24},"end":{"line":50,"column":41}},"loc":{"start":{"line":50,"column":44},"end":{"line":52,"column":9}},"line":50},"10":{"name":"componentWillReceiveProps","decl":{"start":{"line":55,"column":24},"end":{"line":55,"column":49}},"loc":{"start":{"line":55,"column":61},"end":{"line":57,"column":9}},"line":55},"11":{"name":"handleLogout","decl":{"start":{"line":60,"column":24},"end":{"line":60,"column":36}},"loc":{"start":{"line":60,"column":44},"end":{"line":63,"column":9}},"line":60},"12":{"name":"render","decl":{"start":{"line":66,"column":24},"end":{"line":66,"column":30}},"loc":{"start":{"line":66,"column":33},"end":{"line":166,"column":9}},"line":66},"13":{"name":"mapStateToProps","decl":{"start":{"line":174,"column":31},"end":{"line":174,"column":46}},"loc":{"start":{"line":174,"column":54},"end":{"line":179,"column":1}},"line":174}},"branchMap":{"0":{"loc":{"start":{"line":8,"column":168},"end":{"line":8,"column":198}},"type":"binary-expr","locations":[{"start":{"line":8,"column":168},"end":{"line":8,"column":189}},{"start":{"line":8,"column":193},"end":{"line":8,"column":198}}],"line":8},"1":{"loc":{"start":{"line":8,"column":232},"end":{"line":8,"column":286}},"type":"if","locations":[{"start":{"line":8,"column":232},"end":{"line":8,"column":286}},{"start":{"line":8,"column":232},"end":{"line":8,"column":286}}],"line":8},"2":{"loc":{"start":{"line":8,"column":407},"end":{"line":8,"column":475}},"type":"if","locations":[{"start":{"line":8,"column":407},"end":{"line":8,"column":475}},{"start":{"line":8,"column":407},"end":{"line":8,"column":475}}],"line":8},"3":{"loc":{"start":{"line":8,"column":476},"end":{"line":8,"column":536}},"type":"if","locations":[{"start":{"line":8,"column":476},"end":{"line":8,"column":536}},{"start":{"line":8,"column":476},"end":{"line":8,"column":536}}],"line":8},"4":{"loc":{"start":{"line":24,"column":46},"end":{"line":24,"column":92}},"type":"cond-expr","locations":[{"start":{"line":24,"column":70},"end":{"line":24,"column":73}},{"start":{"line":24,"column":76},"end":{"line":24,"column":92}}],"line":24},"5":{"loc":{"start":{"line":24,"column":46},"end":{"line":24,"column":67}},"type":"binary-expr","locations":[{"start":{"line":24,"column":46},"end":{"line":24,"column":49}},{"start":{"line":24,"column":53},"end":{"line":24,"column":67}}],"line":24},"6":{"loc":{"start":{"line":26,"column":50},"end":{"line":26,"column":151}},"type":"if","locations":[{"start":{"line":26,"column":50},"end":{"line":26,"column":151}},{"start":{"line":26,"column":50},"end":{"line":26,"column":151}}],"line":26},"7":{"loc":{"start":{"line":28,"column":50},"end":{"line":28,"column":151}},"type":"if","locations":[{"start":{"line":28,"column":50},"end":{"line":28,"column":151}},{"start":{"line":28,"column":50},"end":{"line":28,"column":151}}],"line":28},"8":{"loc":{"start":{"line":28,"column":159},"end":{"line":28,"column":237}},"type":"cond-expr","locations":[{"start":{"line":28,"column":226},"end":{"line":28,"column":230}},{"start":{"line":28,"column":233},"end":{"line":28,"column":237}}],"line":28},"9":{"loc":{"start":{"line":28,"column":159},"end":{"line":28,"column":223}},"type":"binary-expr","locations":[{"start":{"line":28,"column":159},"end":{"line":28,"column":163}},{"start":{"line":28,"column":168},"end":{"line":28,"column":192}},{"start":{"line":28,"column":196},"end":{"line":28,"column":222}}],"line":28},"10":{"loc":{"start":{"line":30,"column":43},"end":{"line":30,"column":208}},"type":"if","locations":[{"start":{"line":30,"column":43},"end":{"line":30,"column":208}},{"start":{"line":30,"column":43},"end":{"line":30,"column":208}}],"line":30},"11":{"loc":{"start":{"line":30,"column":47},"end":{"line":30,"column":102}},"type":"binary-expr","locations":[{"start":{"line":30,"column":47},"end":{"line":30,"column":79}},{"start":{"line":30,"column":83},"end":{"line":30,"column":102}}],"line":30},"12":{"loc":{"start":{"line":30,"column":244},"end":{"line":30,"column":278}},"type":"binary-expr","locations":[{"start":{"line":30,"column":244},"end":{"line":30,"column":254}},{"start":{"line":30,"column":258},"end":{"line":30,"column":278}}],"line":30},"13":{"loc":{"start":{"line":30,"column":374},"end":{"line":30,"column":492}},"type":"if","locations":[{"start":{"line":30,"column":374},"end":{"line":30,"column":492}},{"start":{"line":30,"column":374},"end":{"line":30,"column":492}}],"line":30},"14":{"loc":{"start":{"line":30,"column":390},"end":{"line":30,"column":491}},"type":"cond-expr","locations":[{"start":{"line":30,"column":414},"end":{"line":30,"column":457}},{"start":{"line":30,"column":460},"end":{"line":30,"column":491}}],"line":30},"15":{"loc":{"start":{"line":38,"column":54},"end":{"line":38,"column":103}},"type":"binary-expr","locations":[{"start":{"line":38,"column":54},"end":{"line":38,"column":70}},{"start":{"line":38,"column":74},"end":{"line":38,"column":103}}],"line":38},"16":{"loc":{"start":{"line":69,"column":28},"end":{"line":69,"column":126}},"type":"cond-expr","locations":[{"start":{"line":69,"column":72},"end":{"line":69,"column":98}},{"start":{"line":69,"column":101},"end":{"line":69,"column":126}}],"line":69}},"s":{"0":1,"1":1,"2":1,"3":1,"4":4,"5":4,"6":4,"7":4,"8":4,"9":4,"10":1,"11":1,"12":1,"13":1,"14":0,"15":1,"16":1,"17":1,"18":1,"19":1,"20":1,"21":1,"22":1,"23":2,"24":0,"25":0,"26":0,"27":0,"28":0,"29":1,"30":0,"31":1,"32":1,"33":1,"34":1,"35":1,"36":0,"37":0,"38":0,"39":0,"40":0,"41":1,"42":0,"43":0,"44":0,"45":0,"46":0,"47":0,"48":0,"49":1,"50":1,"51":1,"52":0,"53":1},"f":{"0":1,"1":1,"2":1,"3":2,"4":0,"5":0,"6":1,"7":1,"8":0,"9":0,"10":0,"11":0,"12":0,"13":0},"b":{"0":[4,4],"1":[4,0],"2":[1,0],"3":[0,1],"4":[0,2],"5":[2,2],"6":[0,0],"7":[0,0],"8":[0,0],"9":[0,0,0],"10":[0,1],"11":[1,0],"12":[1,1],"13":[1,0],"14":[1,0],"15":[0,0],"16":[0,0]},"_coverageSchema":"332fd63041d2c1bcb487cc26dd0d5f7d97098a6c","hash":"714d5c1242706c0c576e787914f055d15dc0584a","contentHash":"b6944a154ffc511cb92e555542598921_11.3.0"},"/Users/danieljansson/Feelgood/src/actions/auth.js":{"path":"/Users/danieljansson/Feelgood/src/actions/auth.js","statementMap":{"0":{"start":{"line":3,"column":0},"end":{"line":5,"column":3}},"1":{"start":{"line":6,"column":0},"end":{"line":6,"column":98}},"2":{"start":{"line":8,"column":13},"end":{"line":8,"column":29}},"3":{"start":{"line":10,"column":14},"end":{"line":10,"column":45}},"4":{"start":{"line":12,"column":25},"end":{"line":12,"column":55}},"5":{"start":{"line":14,"column":40},"end":{"line":14,"column":267}},"6":{"start":{"line":14,"column":69},"end":{"line":14,"column":80}},"7":{"start":{"line":14,"column":103},"end":{"line":14,"column":105}},"8":{"start":{"line":14,"column":107},"end":{"line":14,"column":228}},"9":{"start":{"line":14,"column":126},"end":{"line":14,"column":226}},"10":{"start":{"line":14,"column":149},"end":{"line":14,"column":224}},"11":{"start":{"line":14,"column":201},"end":{"line":14,"column":224}},"12":{"start":{"line":14,"column":229},"end":{"line":14,"column":250}},"13":{"start":{"line":14,"column":251},"end":{"line":14,"column":265}},"14":{"start":{"line":16,"column":12},"end":{"line":27,"column":1}},"15":{"start":{"line":17,"column":4},"end":{"line":26,"column":6}},"16":{"start":{"line":18,"column":8},"end":{"line":25,"column":11}},"17":{"start":{"line":19,"column":23},"end":{"line":19,"column":32}},"18":{"start":{"line":21,"column":12},"end":{"line":21,"column":38}},"19":{"start":{"line":22,"column":12},"end":{"line":22,"column":72}},"20":{"start":{"line":24,"column":12},"end":{"line":24,"column":40}},"21":{"start":{"line":29,"column":15},"end":{"line":39,"column":1}},"22":{"start":{"line":30,"column":4},"end":{"line":38,"column":6}},"23":{"start":{"line":31,"column":8},"end":{"line":37,"column":11}},"24":{"start":{"line":32,"column":23},"end":{"line":32,"column":33}},"25":{"start":{"line":34,"column":12},"end":{"line":34,"column":72}},"26":{"start":{"line":36,"column":12},"end":{"line":36,"column":40}},"27":{"start":{"line":41,"column":13},"end":{"line":57,"column":1}},"28":{"start":{"line":42,"column":4},"end":{"line":56,"column":6}},"29":{"start":{"line":43,"column":8},"end":{"line":55,"column":11}},"30":{"start":{"line":44,"column":23},"end":{"line":44,"column":33}},"31":{"start":{"line":46,"column":12},"end":{"line":46,"column":71}},"32":{"start":{"line":47,"column":12},"end":{"line":50,"column":15}},"33":{"start":{"line":52,"column":12},"end":{"line":52,"column":35}},"34":{"start":{"line":54,"column":12},"end":{"line":54,"column":31}},"35":{"start":{"line":59,"column":17},"end":{"line":63,"column":1}},"36":{"start":{"line":60,"column":4},"end":{"line":62,"column":6}},"37":{"start":{"line":61,"column":8},"end":{"line":61,"column":67}},"38":{"start":{"line":65,"column":11},"end":{"line":74,"column":1}},"39":{"start":{"line":66,"column":4},"end":{"line":73,"column":6}},"40":{"start":{"line":67,"column":8},"end":{"line":72,"column":11}},"41":{"start":{"line":68,"column":12},"end":{"line":71,"column":15}}},"fnMap":{"0":{"name":"_interopRequireWildcard","decl":{"start":{"line":14,"column":9},"end":{"line":14,"column":32}},"loc":{"start":{"line":14,"column":38},"end":{"line":14,"column":269}},"line":14},"1":{"name":"login","decl":{"start":{"line":16,"column":37},"end":{"line":16,"column":42}},"loc":{"start":{"line":16,"column":56},"end":{"line":27,"column":1}},"line":16},"2":{"name":"(anonymous_2)","decl":{"start":{"line":17,"column":11},"end":{"line":17,"column":12}},"loc":{"start":{"line":17,"column":31},"end":{"line":26,"column":5}},"line":17},"3":{"name":"(anonymous_3)","decl":{"start":{"line":18,"column":61},"end":{"line":18,"column":62}},"loc":{"start":{"line":18,"column":77},"end":{"line":23,"column":9}},"line":18},"4":{"name":"(anonymous_4)","decl":{"start":{"line":23,"column":17},"end":{"line":23,"column":18}},"loc":{"start":{"line":23,"column":34},"end":{"line":25,"column":9}},"line":23},"5":{"name":"register","decl":{"start":{"line":29,"column":43},"end":{"line":29,"column":51}},"loc":{"start":{"line":29,"column":65},"end":{"line":39,"column":1}},"line":29},"6":{"name":"(anonymous_6)","decl":{"start":{"line":30,"column":11},"end":{"line":30,"column":12}},"loc":{"start":{"line":30,"column":31},"end":{"line":38,"column":5}},"line":30},"7":{"name":"(anonymous_7)","decl":{"start":{"line":31,"column":62},"end":{"line":31,"column":63}},"loc":{"start":{"line":31,"column":79},"end":{"line":35,"column":9}},"line":31},"8":{"name":"(anonymous_8)","decl":{"start":{"line":35,"column":17},"end":{"line":35,"column":18}},"loc":{"start":{"line":35,"column":34},"end":{"line":37,"column":9}},"line":35},"9":{"name":"logout","decl":{"start":{"line":41,"column":39},"end":{"line":41,"column":45}},"loc":{"start":{"line":41,"column":52},"end":{"line":57,"column":1}},"line":41},"10":{"name":"(anonymous_10)","decl":{"start":{"line":42,"column":11},"end":{"line":42,"column":12}},"loc":{"start":{"line":42,"column":31},"end":{"line":56,"column":5}},"line":42},"11":{"name":"(anonymous_11)","decl":{"start":{"line":43,"column":47},"end"
[...]
rt":{"line":409,"column":18},"end":{"line":409,"column":34}},"168":{"start":{"line":410,"column":18},"end":{"line":410,"column":37}},"169":{"start":{"line":412,"column":3},"end":{"line":412,"column":50}},"170":{"start":{"line":413,"column":3},"end":{"line":413,"column":25}},"171":{"start":{"line":415,"column":3},"end":{"line":415,"column":61}},"172":{"start":{"line":428,"column":14},"end":{"line":428,"column":46}},"173":{"start":{"line":429,"column":23},"end":{"line":429,"column":47}},"174":{"start":{"line":431,"column":3},"end":{"line":431,"column":41}},"175":{"start":{"line":432,"column":3},"end":{"line":432,"column":41}},"176":{"start":{"line":434,"column":3},"end":{"line":434,"column":51}},"177":{"start":{"line":435,"column":3},"end":{"line":435,"column":26}},"178":{"start":{"line":448,"column":16},"end":{"line":448,"column":20}},"179":{"start":{"line":450,"column":11},"end":{"line":450,"column":23}},"180":{"start":{"line":452,"column":15},"end":{"line":452,"column":35}},"181":{"start":{"line":453,"column":21},"end":{"line":453,"column":87}},"182":{"start":{"line":455,"column":3},"end":{"line":789,"column":5}},"183":{"start":{"line":536,"column":8},"end":{"line":570,"column":9}},"184":{"start":{"line":537,"column":9},"end":{"line":541,"column":11}},"185":{"start":{"line":543,"column":9},"end":{"line":569,"column":11}},"186":{"start":{"line":793,"column":1},"end":{"line":793,"column":16}},"187":{"start":{"line":796,"column":0},"end":{"line":796,"column":56}},"188":{"start":{"line":798,"column":22},"end":{"line":800,"column":1}},"189":{"start":{"line":799,"column":1},"end":{"line":799,"column":11}},"190":{"start":{"line":802,"column":0},"end":{"line":802,"column":114}}},"fnMap":{"0":{"name":"(anonymous_0)","decl":{"start":{"line":8,"column":19},"end":{"line":8,"column":20}},"loc":{"start":{"line":8,"column":31},"end":{"line":8,"column":561}},"line":8},"1":{"name":"defineProperties","decl":{"start":{"line":8,"column":42},"end":{"line":8,"column":58}},"loc":{"start":{"line":8,"column":74},"end":{"line":8,"column":349}},"line":8},"2":{"name":"(anonymous_2)","decl":{"start":{"line":8,"column":357},"end":{"line":8,"column":358}},"loc":{"start":{"line":8,"column":405},"end":{"line":8,"column":558}},"line":8},"3":{"name":"_interopRequireDefault","decl":{"start":{"line":30,"column":9},"end":{"line":30,"column":31}},"loc":{"start":{"line":30,"column":37},"end":{"line":30,"column":95}},"line":30},"4":{"name":"_classCallCheck","decl":{"start":{"line":32,"column":9},"end":{"line":32,"column":24}},"loc":{"start":{"line":32,"column":48},"end":{"line":32,"column":153}},"line":32},"5":{"name":"_possibleConstructorReturn","decl":{"start":{"line":34,"column":9},"end":{"line":34,"column":35}},"loc":{"start":{"line":34,"column":48},"end":{"line":34,"column":240}},"line":34},"6":{"name":"_inherits","decl":{"start":{"line":36,"column":9},"end":{"line":36,"column":18}},"loc":{"start":{"line":36,"column":41},"end":{"line":36,"column":494}},"line":36},"7":{"name":"(anonymous_7)","decl":{"start":{"line":38,"column":32},"end":{"line":38,"column":33}},"loc":{"start":{"line":38,"column":54},"end":{"line":794,"column":1}},"line":38},"8":{"name":"Payment","decl":{"start":{"line":41,"column":10},"end":{"line":41,"column":17}},"loc":{"start":{"line":41,"column":25},"end":{"line":56,"column":2}},"line":41},"9":{"name":"componentWillMount","decl":{"start":{"line":60,"column":18},"end":{"line":60,"column":36}},"loc":{"start":{"line":60,"column":39},"end":{"line":62,"column":3}},"line":60},"10":{"name":"handlePromoCode","decl":{"start":{"line":73,"column":18},"end":{"line":73,"column":33}},"loc":{"start":{"line":73,"column":37},"end":{"line":79,"column":3}},"line":73},"11":{"name":"(anonymous_11)","decl":{"start":{"line":76,"column":50},"end":{"line":76,"column":51}},"loc":{"start":{"line":76,"column":62},"end":{"line":78,"column":4}},"line":76},"12":{"name":"resetCheckout","decl":{"start":{"line":90,"column":18},"end":{"line":90,"column":31}},"loc":{"start":{"line":90,"column":34},"end":{"line":92,"column":3}},"line":90},"13":{"name":"handleCheckout","decl":{"start":{"line":103,"column":18},"end":{"line":103,"column":32}},"loc":{"start":{"line":103,"column":35},"end":{"line":110,"column":3}},"line":103},"14":{"name":"(anonymous_14)","decl":{"start":{"line":106,"column":43},"end":{"line":106,"column":44}},"loc":{"start":{"line":106,"column":55},"end":{"line":109,"column":4}},"line":106},"15":{"name":"createInitialState","decl":{"start":{"line":121,"column":18},"end":{"line":121,"column":36}},"loc":{"start":{"line":121,"column":39},"end":{"line":147,"column":3}},"line":121},"16":{"name":"resetPackage","decl":{"start":{"line":158,"column":18},"end":{"line":158,"column":30}},"loc":{"start":{"line":158,"column":47},"end":{"line":166,"column":3}},"line":158},"17":{"name":"handlePackage","decl":{"start":{"line":177,"column":18},"end":{"line":177,"column":31}},"loc":{"start":{"line":177,"column":35},"end":{"line":193,"column":3}},"line":177},"18":{"name":"calculateEmailDiscount","decl":{"start":{"line":204,"column":18},"end":{"line":204,"column":40}},"loc":{"start":{"line":204,"column":51},"end":{"line":225,"column":3}},"line":204},"19":{"name":"getData","decl":{"start":{"line":236,"column":18},"end":{"line":236,"column":25}},"loc":{"start":{"line":236,"column":28},"end":{"line":256,"column":3}},"line":236},"20":{"name":"(anonymous_20)","decl":{"start":{"line":242,"column":34},"end":{"line":242,"column":35}},"loc":{"start":{"line":242,"column":49},"end":{"line":250,"column":4}},"line":242},"21":{"name":"(anonymous_21)","decl":{"start":{"line":243,"column":49},"end":{"line":243,"column":50}},"loc":{"start":{"line":243,"column":67},"end":{"line":249,"column":5}},"line":243},"22":{"name":"calculateDiscounts","decl":{"start":{"line":259,"column":18},"end":{"line":259,"column":36}},"loc":{"start":{"line":259,"column":59},"end":{"line":284,"column":3}},"line":259},"23":{"name":"calculateCost","decl":{"start":{"line":295,"column":18},"end":{"line":295,"column":31}},"loc":{"start":{"line":295,"column":34},"end":{"line":341,"column":3}},"line":295},"24":{"name":"(anonymous_24)","decl":{"start":{"line":312,"column":55},"end":{"line":312,"column":56}},"loc":{"start":{"line":312,"column":70},"end":{"line":314,"column":4}},"line":312},"25":{"name":"(anonymous_25)","decl":{"start":{"line":316,"column":55},"end":{"line":316,"column":56}},"loc":{"start":{"line":316,"column":70},"end":{"line":318,"column":4}},"line":316},"26":{"name":"handleWeeks","decl":{"start":{"line":352,"column":18},"end":{"line":352,"column":29}},"loc":{"start":{"line":352,"column":33},"end":{"line":364,"column":3}},"line":352},"27":{"name":"updateEncounter","decl":{"start":{"line":375,"column":18},"end":{"line":375,"column":33}},"loc":{"start":{"line":375,"column":36},"end":{"line":397,"column":3}},"line":375},"28":{"name":"(anonymous_28)","decl":{"start":{"line":379,"column":54},"end":{"line":379,"column":55}},"loc":{"start":{"line":379,"column":69},"end":{"line":381,"column":4}},"line":379},"29":{"name":"setCategorySize","decl":{"start":{"line":408,"column":18},"end":{"line":408,"column":33}},"loc":{"start":{"line":408,"column":46},"end":{"line":416,"column":3}},"line":408},"30":{"name":"handleSkypeDuration","decl":{"start":{"line":427,"column":18},"end":{"line":427,"column":37}},"loc":{"start":{"line":427,"column":41},"end":{"line":436,"column":3}},"line":427},"31":{"name":"render","decl":{"start":{"line":447,"column":18},"end":{"line":447,"column":24}},"loc":{"start":{"line":447,"column":27},"end":{"line":790,"column":3}},"line":447},"32":{"name":"(anonymous_32)","decl":{"start":{"line":535,"column":7},"end":{"line":535,"column":8}},"loc":{"start":{"line":535,"column":19},"end":{"line":571,"column":8}},"line":535},"33":{"name":"mapStateToProps","decl":{"start":{"line":798,"column":31},"end":{"line":798,"column":46}},"loc":{"start":{"line":798,"column":54},"end":{"line":800,"column":1}},"line":798}},"branchMap":{"0":{"loc":{"start":{"line":8,"column":168},"end":{"line":8,"column":198}},"type":"binary-expr","locations":[{"start":{"line":8,"column":168},"end":{"line":8,"column":189}},{"start":{"line":8,"column":193},"end":{"line":8,"column":198}}],"line":8},"1":{"loc":{"start":{"line":8,"column":232},"end":{"line":8,"column":286}},"type":"if","locations":[{"start":{"line":8,"column":232},"end":{"line":8,"column":286}},{"start":{"line":8,"column":232},"end":{"line":8,"column":286}}],"line":8},"2":{"loc":{"start":{"line":8,"column":407},"end":{"line":8,"column":475}},"type":"if","locations":[{"start":{"line":8,"column":407},"end":{"line":8,"column":475}},{"start":{"line":8,"column":407},"end":{"line":8,"column":475}}],"line":8},"3":{"loc":{"start":{"line":8,"column":476},"end":{"line":8,"column":536}},"type":"if","locations":[{"start":{"line":8,"column":476},"end":{"line":8,"column":536}},{"start":{"line":8,"column":476},"end":{"line":8,"column":536}}],"line":8},"4":{"loc":{"start":{"line":30,"column":46},"end":{"line":30,"column":92}},"type":"cond-expr","locations":[{"start":{"line":30,"column":70},"end":{"line":30,"column":73}},{"start":{"line":30,"column":76},"end":{"line":30,"column":92}}],"line":30},"5":{"loc":{"start":{"line":30,"column":46},"end":{"line":30,"column":67}},"type":"binary-expr","locations":[{"start":{"line":30,"column":46},"end":{"line":30,"column":49}},{"start":{"line":30,"column":53},"end":{"line":30,"column":67}}],"line":30},"6":{"loc":{"start":{"line":32,"column":50},"end":{"line":32,"column":151}},"type":"if","locations":[{"start":{"line":32,"column":50},"end":{"line":32,"column":151}},{"start":{"line":32,"column":50},"end":{"line":32,"column":151}}],"line":32},"7":{"loc":{"start":{"line":34,"column":50},"end":{"line":34,"column":151}},"type":"if","locations":[{"start":{"line":34,"column":50},"end":{"line":34,"column":151}},{"start":{"line":34,"column":50},"end":{"line":34,"column":151}}],"line":34},"8":{"loc":{"start":{"line":34,"column":159},"end":{"line":34,"column":237}},"type":"cond-expr","locations":[{"start":{"line":34,"column":226},"end":{"line":34,"column":230}},{"start":{"line":34,"column":233},"end":{"line":34,"column":237}}],"line":34},"9":{"loc":{"start":{"line":34,"column":159},"end":{"line":34,"column":223}},"type":"binary-expr","locations":[{"start":{"line":34,"column":159},"end":{"line":34,"column":163}},{"start":{"line":34,"column":168},"end":{"line":34,"column":192}},{"start":{"line":34,"column":196},"end":{"line":34,"column":222}}],"line":34},"10":{"loc":{"start":{"line":36,"column":43},"end":{"line":36,"column":208}},"type":"if","locations":[{"start":{"line":36,"column":43},"end":{"line":36,"column":208}},{"start":{"line":36,"column":43},"end":{"line":36,"column":208}}],"line":36},"11":{"loc":{"start":{"line":36,"column":47},"end":{"line":36,"column":102}},"type":"binary-expr","locations":[{"start":{"line":36,"column":47},"end":{"line":36,"column":79}},{"start":{"line":36,"column":83},"end":{"line":36,"column":102}}],"line":36},"12":{"loc":{"start":{"line":36,"column":244},"end":{"line":36,"column":278}},"type":"binary-expr","locations":[{"start":{"line":36,"column":244},"end":{"line":36,"column":254}},{"start":{"line":36,"column":258},"end":{"line":36,"column":278}}],"line":36},"13":{"loc":{"start":{"line":36,"column":374},"end":{"line":36,"column":492}},"type":"if","locations":[{"start":{"line":36,"column":374},"end":{"line":36,"column":492}},{"start":{"line":36,"column":374},"end":{"line":36,"column":492}}],"line":36},"14":{"loc":{"start":{"line":36,"column":390},"end":{"line":36,"column":491}},"type":"cond-expr","locations":[{"start":{"line":36,"column":414},"end":{"line":36,"column":457}},{"start":{"line":36,"column":460},"end":{"line":36,"column":491}}],"line":36},"15":{"loc":{"start":{"line":44,"column":48},"end":{"line":44,"column":99}},"type":"binary-expr","locations":[{"start":{"line":44,"column":48},"end":{"line":44,"column":65}},{"start":{"line":44,"column":69},"end":{"line":44,"column":99}}],"line":44},"16":{"loc":{"start":{"line":161,"column":3},"end":{"line":163,"column":4}},"type":"if","locations":[{"start":{"line":161,"column":3},"end":{"line":163,"column":4}},{"start":{"line":161,"column":3},"end":{"line":163,"column":4}}],"line":161},"17":{"loc":{"start":{"line":182,"column":3},"end":{"line":184,"column":4}},"type":"if","locations":[{"start":{"line":182,"column":3},"end":{"line":184,"column":4}},{"start":{"line":182,"column":3},"end":{"line":184,"column":4}}],"line":182},"18":{"loc":{"start":{"line":182,"column":7},"end":{"line":182,"column":57}},"type":"binary-expr","locations":[{"start":{"line":182,"column":7},"end":{"line":182,"column":30}},{"start":{"line":182,"column":34},"end":{"line":182,"column":57}}],"line":182},"19":{"loc":{"start":{"line":189,"column":26},"end":{"line":189,"column":81}},"type":"cond-expr","locations":[{"start":{"line":189,"column":46},"end":{"line":189,"column":74}},{"start":{"line":189,"column":77},"end":{"line":189,"column":81}}],"line":189},"20":{"loc":{"start":{"line":207,"column":3},"end":{"line":222,"column":4}},"type":"switch","locations":[{"start":{"line":208,"column":4},"end":{"line":210,"column":11}},{"start":{"line":211,"column":4},"end":{"line":213,"column":11}},{"start":{"line":214,"column":4},"end":{"line":216,"column":11}},{"start":{"line":217,"column":4},"end":{"line":219,"column":11}},{"start":{"line":220,"column":4},"end":{"line":221,"column":16}}],"line":207},"21":{"loc":{"start":{"line":244,"column":5},"end":{"line":248,"column":6}},"type":"if","locations":[{"start":{"line":244,"column":5},"end":{"line":248,"column":6}},{"start":{"line":244,"column":5},"end":{"line":248,"column":6}}],"line":244},"22":{"loc":{"start":{"line":245,"column":6},"end":{"line":247,"column":7}},"type":"if","locations":[{"start":{"line":245,"column":6},"end":{"line":247,"column":7}},{"start":{"line":245,"column":6},"end":{"line":247,"column":7}}],"line":245},"23":{"loc":{"start":{"line":265,"column":3},"end":{"line":270,"column":4}},"type":"if","locations":[{"start":{"line":265,"column":3},"end":{"line":270,"column":4}},{"start":{"line":265,"column":3},"end":{"line":270,"column":4}}],"line":265},"24":{"loc":{"start":{"line":265,"column":7},"end":{"line":265,"column":37}},"type":"binary-expr","locations":[{"start":{"line":265,"column":7},"end":{"line":265,"column":20}},{"start":{"line":265,"column":24},"end":{"line":265,"column":37}}],"line":265},"25":{"loc":{"start":{"line":272,"column":3},"end":{"line":281,"column":4}},"type":"if","locations":[{"start":{"line":272,"column":3},"end":{"line":281,"column":4}},{"start":{"line":272,"column":3},"end":{"line":281,"column":4}}],"line":272},"26":{"loc":{"start":{"line":277,"column":25},"end":{"line":277,"column":152}},"type":"cond-expr","locations":[{"start":{"line":277,"column":58},"end":{"line":277,"column":108}},{"start":{"line":277,"column":111},"end":{"line":277,"column":152}}],"line":277},"27":{"loc":{"start":{"line":277,"column":25},"end":{"line":277,"column":55}},"type":"binary-expr","locations":[{"start":{"line":277,"column":25},"end":{"line":277,"column":38}},{"start":{"line":277,"column":42},"end":{"line":277,"column":55}}],"line":277},"28":{"loc":{"start":{"line":298,"column":23},"end":{"line":298,"column":68}},"type":"cond-expr","locations":[{"start":{"line":298,"column":59},"end":{"line":298,"column":62}},{"start":{"line":298,"column":65},"end":{"line":298,"column":68}}],"line":298},"29":{"loc":{"start":{"line":320,"column":3},"end":{"line":325,"column":4}},"type":"if","locations":[{"start":{"line":320,"column":3},"end":{"line":325,"column":4}},{"start":{"line":320,"column":3},"end":{"line":325,"column":4}}],"line":320},"30":{"loc":{"start":{"line":327,"column":3},"end":{"line":331,"column":4}},"type":"if","locations":[{"start":{"line":327,"column":3},"end":{"line":331,"column":4}},{"start":{"line":327,"column":3},"end":{"line":331,"column":4}}],"line":327},"31":{"loc":{"start":{"line":356,"column":16},"end":{"line":356,"column":39}},"type":"cond-expr","locations":[{"start":{"line":356,"column":33},"end":{"line":356,"column":34}},{"start":{"line":356,"column":37},"end":{"line":356,"column":39}}],"line":356},"32":{"loc":{"start":{"line":358,"column":3},"end":{"line":358,"column":56}},"type":"if","locations":[{"start":{"line":358,"column":3},"end":{"line":358,"column":56}},{"start":{"line":358,"column":3},"end":{"line":358,"column":56}}],"line":358},"33":{"loc":{"start":{"line":358,"column":7},"end":{"line":358,"column":47}},"type":"binary-expr","locations":[{"start":{"line":358,"column":7},"end":{"line":358,"column":29}},{"start":{"line":358,"column":33},"end":{"line":358,"column":47}}],"line":358},"34":{"loc":{"start":{"line":386,"column":3},"end":{"line":388,"column":4}},"type":"if","locations":[{"start":{"line":386,"column":3},"end":{"line":388,"column":4}},{"start":{"line":386,"column":3},"end":{"line":388,"column":4}}],"line":386},"35":{"loc":{"start":{"line":390,"column":3},"end":{"line":393,"column":4}},"type":"if","locations":[{"start":{"line":390,"column":3},"end":{"line":393,"column":4}},{"start":{"line":390,"column":3},"end":{"line":393,"column":4}}],"line":390},"36":{"loc":{"start":{"line":453,"column":21},"end":{"line":453,"column":87}},"type":"cond-expr","locations":[{"start":{"line":453,"column":41},"end":{"line":453,"column":67}},{"start":{"line":453,"column":70},"end":{"line":453,"column":87}}],"line":453},"37":{"loc":{"start":{"line":536,"column":8},"end":{"line":570,"column":9}},"type":"if","locations":[{"start":{"line":536,"column":8},"end":{"line":570,"column":9}},{"start":{"line":536,"column":8},"end":{"line":570,"column":9}}],"line":536}},"s":{"0":1,"1":1,"2":1,"3":1,"4":16,"5":16,"6":16,"7":16,"8":16,"9":16,"10":1,"11":1,"12":1,"13":1,"14":0,"15":1,"16":1,"17":1,"18":1,"19":1,"20":1,"21":1,"22":1,"23":1,"24":1,"25":1,"26":3,"27":1,"28":0,"29":1,"30":0,"31":1,"32":1,"33":0,"34":1,"35":1,"36":1,"37":1,"38":1,"39":1,"40":1,"41":1,"42":1,"43":1,"44":1,"45":1,"46":1,"47":1,"48":1,"49":1,"50":1,"51":1,"52":0,"53":0,"54":0,"55":0,"56":2,"57":2,"58":2,"59":2,"60":1,"61":0,"62":0,"63":0,"64":0,"65":0,"66":0,"67":0,"68":0,"69":0,"70":0,"71":0,"72":0,"73":0,"74":0,"75":32,"76":32,"77":8,"78":8,"79":8,"80":8,"81":8,"82":8,"83":8,"84":8,"85":0,"86":32,"87":2,"88":2,"89":2,"90":2,"91":27,"92":43,"93":14,"94":2,"95":2,"96":2,"97":2,"98":60,"99":60,"100":60,"101":60,"102":60,"103":32,"104":32,"105":28,"106":60,"107":8,"108":8,"109":8,"110":8,"111":52,"112":52,"113":60,"114":60,"115":60,"116":60,"117":60,"118":60,"119":60,"120":60,"121":60,"122":60,"123":60,"124":60,"125":60,"126":180,"127":60,"128":120,"129":60,"130":40,"131":40,"132":40,"133":40,"134":60,"135":32,"136":32,"137":32,"138":60,"139":60,"140":60,"141":60,"142":60,"143":60,"144":0,"145":0,"146":0,"147":0,"148":0,"149":0,"150":0,"151":0,"152":0,"153":0,"154":0,"155":0,"156":0,"157":0,"158":0,"159":0,"160":0,"161":0,"162":0,"163":0,"164":0,"165":0,"166":0,"167":0,"168":0,"169":0,"170":0,"171":0,"172":0,"173":0,"174":0,"175":0,"176":0,"177":0,"178":15,"179":15,"180":15,"181":15,"182":15,"183":15,"184":15,"185":0,"186":1,"187":1,"188":1,"189":0,"190":1},"f":{"0":1,"1":1,"2":1,"3":3,"4":1,"5":1,"6":1,"7":1,"8":1,"9":1,"10":0,"11":0,"12":0,"13":2,"14":2,"15":1,"16":0,"17":0,"18":32,"19":2,"20":27,"21":43,"22":60,"23":60,"24":180,"25":120,"26":0,"27":0,"28":0,"29":0,"30":0,"31":15,"32":15,"33":0},"b":{"0":[16,16],"1":[16,0],"2":[1,0],"3":[0,1],"4":[1,2],"5":[3,3],"6":[0,1],"7":[0,1],"8":[0,1],"9":[1,0,0],"10":[0,1],"11":[1,0],"12":[1,1],"13":[1,0],"14":[1,0],"15":[1,0],"16":[0,0],"17":[0,0],"18":[0,0],"19":[0,0],"20":[8,8,8,8,0],"21":[14,29],"22":[2,12],"23":[32,28],"24":[60,40],"25":[8,52],"26":[8,0],"27":[8,8],"28":[44,16],"29":[40,20],"30":[32,28],"31":[0,0],"32":[0,0],"33":[0,0],"34":[0,0],"35":[0,0],"36":[5,10],"37":[15,0]},"_coverageSchema":"332fd63041d2c1bcb487cc26dd0d5f7d97098a6c","hash":"59b3f08b54a799488aab9832075d6db25d359902","contentHash":"388d2db86e86fd29c012f65602ac7990_11.3.0"}}