{"/Users/danieljansson/Feelgood/src/components/Public/Checkout/index.js":{"path":"/Users/danieljansson/Feelgood/src/components/Public/Checkout/index.js","statementMap":{"0":{"start":{"line":3,"column":0},"end":{"line":5,"column":3}},"1":{"start":{"line":6,"column":0},"end":{"line":6,"column":29}},"2":{"start":{"line":8,"column":19},"end":{"line":8,"column":563}},"3":{"start":{"line":8,"column":76},"end":{"line":8,"column":347}},"4":{"start":{"line":8,"column":134},"end":{"line":8,"column":142}},"5":{"start":{"line":8,"column":144},"end":{"line":8,"column":199}},"6":{"start":{"line":8,"column":200},"end":{"line":8,"column":231}},"7":{"start":{"line":8,"column":232},"end":{"line":8,"column":286}},"8":{"start":{"line":8,"column":259},"end":{"line":8,"column":286}},"9":{"start":{"line":8,"column":287},"end":{"line":8,"column":345}},"10":{"start":{"line":8,"column":350},"end":{"line":8,"column":559}},"11":{"start":{"line":8,"column":407},"end":{"line":8,"column":475}},"12":{"start":{"line":8,"column":423},"end":{"line":8,"column":475}},"13":{"start":{"line":8,"column":476},"end":{"line":8,"column":536}},"14":{"start":{"line":8,"column":493},"end":{"line":8,"column":536}},"15":{"start":{"line":8,"column":537},"end":{"line":8,"column":556}},"16":{"start":{"line":10,"column":13},"end":{"line":10,"column":29}},"17":{"start":{"line":12,"column":14},"end":{"line":12,"column":44}},"18":{"start":{"line":14,"column":18},"end":{"line":14,"column":40}},"19":{"start":{"line":16,"column":20},"end":{"line":16,"column":44}},"20":{"start":{"line":18,"column":28},"end":{"line":18,"column":61}},"21":{"start":{"line":20,"column":29},"end":{"line":20,"column":74}},"22":{"start":{"line":22,"column":29},"end":{"line":22,"column":63}},"23":{"start":{"line":24,"column":30},"end":{"line":24,"column":76}},"24":{"start":{"line":26,"column":22},"end":{"line":26,"column":52}},"25":{"start":{"line":28,"column":22},"end":{"line":28,"column":61}},"26":{"start":{"line":30,"column":25},"end":{"line":30,"column":55}},"27":{"start":{"line":32,"column":18},"end":{"line":32,"column":62}},"28":{"start":{"line":34,"column":18},"end":{"line":34,"column":59}},"29":{"start":{"line":36,"column":17},"end":{"line":36,"column":54}},"30":{"start":{"line":38,"column":14},"end":{"line":38,"column":34}},"31":{"start":{"line":40,"column":15},"end":{"line":40,"column":46}},"32":{"start":{"line":42,"column":14},"end":{"line":42,"column":37}},"33":{"start":{"line":44,"column":15},"end":{"line":44,"column":46}},"34":{"start":{"line":46,"column":39},"end":{"line":46,"column":93}},"35":{"start":{"line":48,"column":44},"end":{"line":48,"column":195}},"36":{"start":{"line":48,"column":62},"end":{"line":48,"column":166}},"37":{"start":{"line":48,"column":176},"end":{"line":48,"column":193}},"38":{"start":{"line":48,"column":196},"end":{"line":48,"column":207}},"39":{"start":{"line":50,"column":50},"end":{"line":50,"column":151}},"40":{"start":{"line":50,"column":92},"end":{"line":50,"column":149}},"41":{"start":{"line":52,"column":50},"end":{"line":52,"column":151}},"42":{"start":{"line":52,"column":63},"end":{"line":52,"column":149}},"43":{"start":{"line":52,"column":152},"end":{"line":52,"column":238}},"44":{"start":{"line":54,"column":43},"end":{"line":54,"column":208}},"45":{"start":{"line":54,"column":106},"end":{"line":54,"column":206}},"46":{"start":{"line":54,"column":209},"end":{"line":54,"column":373}},"47":{"start":{"line":54,"column":374},"end":{"line":54,"column":492}},"48":{"start":{"line":54,"column":390},"end":{"line":54,"column":492}},"49":{"start":{"line":56,"column":15},"end":{"line":629,"column":26}},"50":{"start":{"line":57,"column":1},"end":{"line":57,"column":37}},"51":{"start":{"line":60,"column":2},"end":{"line":60,"column":34}},"52":{"start":{"line":62,"column":14},"end":{"line":62,"column":121}},"53":{"start":{"line":64,"column":2},"end":{"line":72,"column":4}},"54":{"start":{"line":74,"column":2},"end":{"line":74,"column":56}},"55":{"start":{"line":75,"column":2},"end":{"line":75,"column":56}},"56":{"start":{"line":76,"column":2},"end":{"line":76,"column":54}},"57":{"start":{"line":77,"column":2},"end":{"line":77,"column":54}},"58":{"start":{"line":78,"column":2},"end":{"line":78,"column":15}},"59":{"start":{"line":81,"column":1},"end":{"line":626,"column":5}},"60":{"start":{"line":84,"column":35},"end":{"line":84,"column":39}},"61":{"start":{"line":85,"column":27},"end":{"line":85,"column":32}},"62":{"start":{"line":86,"column":24},"end":{"line":86,"column":33}},"63":{"start":{"line":88,"column":3},"end":{"line":111,"column":4}},"64":{"start":{"line":89,"column":4},"end":{"line":97,"column":5}},"65":{"start":{"line":90,"column":16},"end":{"line":90,"column":27}},"66":{"start":{"line":92,"column":17},"end":{"line":92,"column":39}},"67":{"start":{"line":94,"column":5},"end":{"line":96,"column":6}},"68":{"start":{"line":95,"column":6},"end":{"line":95,"column":25}},"69":{"start":{"line":99,"column":4},"end":{"line":99,"column":29}},"70":{"start":{"line":100,"column":4},"end":{"line":100,"column":25}},"71":{"start":{"line":102,"column":4},"end":{"line":110,"column":5}},"72":{"start":{"line":103,"column":5},"end":{"line":105,"column":6}},"73":{"start":{"line":104,"column":6},"end":{"line":104,"column":25}},"74":{"start":{"line":107,"column":5},"end":{"line":109,"column":6}},"75":{"start":{"line":108,"column":6},"end":{"line":108,"column":27}},"76":{"start":{"line":113,"column":3},"end":{"line":121,"column":6}},"77":{"start":{"line":126,"column":3},"end":{"line":130,"column":4}},"78":{"start":{"line":127,"column":4},"end":{"line":127,"column":27}},"79":{"start":{"line":129,"column":4},"end":{"line":129,"column":14}},"80":{"start":{"line":135,"column":3},"end":{"line":135,"column":37}},"81":{"start":{"line":136,"column":3},"end":{"line":144,"column":6}},"82":{"start":{"line":149,"column":3},"end":{"line":149,"column":21}},"83":{"start":{"line":154,"column":3},"end":{"line":161,"column":6}},"84":{"start":{"line":163,"column":3},"end":{"line":163,"column":57}},"85":{"start":{"line":164,"column":3},"end":{"line":164,"column":70}},"86":{"start":{"line":169,"column":3},"end":{"line":169,"column":67}},"87":{"start":{"line":174,"column":16},"end":{"line":174,"column":20}},"88":{"start":{"line":176,"column":3},"end":{"line":180,"column":6}},"89":{"start":{"line":177,"column":4},"end":{"line":179,"column":5}},"90":{"start":{"line":178,"column":5},"end":{"line":178,"column":72}},"91":{"start":{"line":185,"column":3},"end":{"line":191,"column":6}},"92":{"start":{"line":186,"column":4},"end":{"line":190,"column":6}},"93":{"start":{"line":196,"column":16},"end":{"line":196,"column":20}},"94":{"start":{"line":198,"column":11},"end":{"line":198,"column":23}},"95":{"start":{"line":200,"column":15},"end":{"line":200,"column":64}},"96":{"start":{"line":201,"column":14},"end":{"line":201,"column":62}},"97":{"start":{"line":202,"column":19},"end":{"line":202,"column":73}},"98":{"start":{"line":203,"column":29},"end":{"line":203,"column":65}},"99":{"start":{"line":204,"column":19},"end":{"line":204,"column":100}},"100":{"start":{"line":205,"column":16},"end":{"line":205,"column":70}},"101":{"start":{"line":206,"column":22},"end":{"line":206,"column":60}},"102":{"start":{"line":207,"column":21},"end":{"line":207,"column":59}},"103":{"start":{"line":208,"column":18},"end":{"line":208,"column":154}},"104":{"start":{"line":210,"column":3},"end":{"line":624,"column":5}},"105":{"start":{"line":217,"column":7},"end":{"line":217,"column":34}},"106":{"start":{"line":222,"column":8},"end":{"line":222,"column":31}},"107":{"start":{"line":273,"column":10},"end":{"line":294,"column":11}},"108":{"start":{"line":274,"column":11},"end":{"line":293,"column":13}},"109":{"start":{"line":297,"column":10},"end":{"line":318,"column":11}},"110":{"start":{"line":298,"column":11},"end":{"line":317,"column":13}},"111":{"start":{"line":355,"column":10},"end":{"line":371,"column":11}},"112":{"start":{"line":356,"column":11},"end":{"line":370,"column":13}},"113":{"start":{"line":374,"column":10},"end":{"line":392,"column":11}},"114":{"start":{"line":375,"column":27},"end":{"line":375,"column":84}},"115":{"start":{"line":377,"column":11},"end":{"line":391,"column":13}},"116":{"start":{"line":395,"column":10},"end":{"line":411,"column":11}},"117":{"start":{"line":396,"column":11},"end":{"line":410,"column":13}},"118":{"start":{"line":414,"column":10},"end":{"line":430,"column":11}},"119":{"start":{"line":415,"column":11},"end":{"line":429,"column":13}},"120":{"start":{"line":436,"column":11},"end":{"line":436,"column":32}},"121":{"start":{"line":618,"column":7},"end":{"line":618,"column":40}},"122":{"start":{"line":628,"column":1},"end":{"line":628,"column":17}},"123":{"start":{"line":631,"column":0},"end":{"line":631,"column":57}},"124":{"start":{"line":633,"column":22},"end":{"line":641,"column":1}},"125":{"start":{"line":634,"column":1},"end":{"line":640,"column":3}},"126":{"start":{"line":643,"column":0},"end":{"line":643,"column":226}}},"fnMap":{"0":{"name":"(anonymous_0)","decl":{"start":{"line":8,"column":19},"end":{"line":8,"column":20}},"loc":{"start":{"line":8,"column":31},"end":{"line":8,"column":561}},"line":8},"1":{"name":"defineProperties","decl":{"start":{"line":8,"column":42},"end":{"line":8,"column":58}},"loc":{"start":{"line":8,"column":74},"end":{"line":8,"column":349}},"line":8},"2":{"name":"(anonymous_2)","decl":{"start":{"line":8,"column":357},"end":{"line":8,"column":358}},"loc":{"start":{"line":8,"column":405},"end":{"line":8,"column":558}},"line":8},"3":{"name":"_interopRequireDefault","decl":{"start":{"line":46,"column":9},"end":{"line":46,"column":31}},"loc":{"start":{"line":46,"column":37},"end":{"line":46,"column":95}},"line":46},"4":{"name":"_defineProperty","decl":{"start":{"line":48,"column":9},"end":{"line":48,"column":24}},"loc":{"start":{"line":48,"column":42},"end":{"line":48,"column":209}},"line":48},"5":{"name":"_classCallCheck","decl":{"start":{"line":50,"column":9},"end":{"line":50,"column":24}},"loc":{"start":{"line":50,"column":48},"end":{"line":50,"column":153}},"line":50},"6":{"name":"_possibleConstructorReturn","decl":{"start":{"line":52,"column":9},"end":{"line":52,"column":35}},"loc":{"start":{"line":52,"column":48},"end":{"line":52,"column":240}},"line":52},"7":{"name":"_inherits","decl":{"start":{"line":54,"column":9},"end":{"line":54,"column":18}},"loc":{"start":{"line":54,"column":41},"end":{"line":54,"column":494}},"line":54},"8":{"name":"(anonymous_8)","decl":{"start":{"line":56,"column":34},"end":{"line":56,"column":35}},"loc":{"start":{"line":56,"column":60},"end":{"line":629,"column":1}},"line":56},"9":{"name":"Checkout","decl":{"start":{"line":59,"column":10},"end":{"line":59,"column":18}},"loc":{"start":{"line":59,"column":26},"end":{"line":79,"column":2}},"line":59},"10":{"name":"componentDidMount","decl":{"start":{"line":83,"column":18},"end":{"line":83,"column":35}},"loc":{"start":{"line":83,"column":38},"end":{"line":122,"column":3}},"line":83},"11":{"name":"getWinWidth","decl":{"start":{"line":125,"column":18},"end":{"line":125,"column":29}},"loc":{"start":{"line":125,"column":34},"end":{"line":131,"column":3}},"line":125},"12":{"name":"componentWillReceiveProps","decl":{"start":{"line":134,"column":18},"end":{"line":134,"column":43}},"loc":{"start":{"line":134,"column":55},"end":{"line":145,"column":3}},"line":134},"13":{"name":"getValidatorData","decl":{"start":{"line":148,"column":18},"end":{"line":148,"column":34}},"loc":{"start":{"line":148,"column":37},"end":{"line":150,"column":3}},"line":148},"14":{"name":"resetCheckout","decl":{"start":{"line":153,"column":18},"end":{"line":153,"column":31}},"loc":{"start":{"line":153,"column":34},"end":{"line":165,"column":3}},"line":153},"15":{"name":"handleChange","decl":{"start":{"line":168,"column":18},"end":{"line":168,"column":30}},"loc":{"start":{"line":168,"column":34},"end":{"line":170,"column":3}},"line":168},"16":{"name":"handleSubmit","decl":{"start":{"line":173,"column":18},"end":{"line":173,"column":30}},"loc":{"start":{"line":173,"column":33},"end":{"line":181,"column":3}},"line":173},"17":{"name":"(anonymous_17)","decl":{"start":{"line":176,"column":23},"end":{"line":176,"column":24}},"loc":{"start":{"line":176,"column":40},"end":{"line":180,"column":4}},"line":176},"18":{"name":"getValidationMessages","decl":{"start":{"line":184,"column":18},"end":{"line":184,"column":39}},"loc":{"start":{"line":184,"column":46},"end":{"line":192,"column":3}},"line":184},"19":{"name":"(anonymous_19)","decl":{"start":{"line":185,"column":53},"end":{"line":185,"column":54}},"loc":{"start":{"line":185,"column":72},"end":{"line":191,"column":4}},"line":185},"20":{"name":"render","decl":{"start":{"line":195,"column":18},"end":{"line":195,"column":24}},"loc":{"start":{"line":195,"column":27},"end":{"line":625,"column":3}},"line":195},"21":{"name":"ref","decl":{"start":{"line":216,"column":21},"end":{"line":216,"column":24}},"loc":{"start":{"line":216,"column":35},"end":{"line":218,"column":7}},"line":216},"22":{"name":"ref","decl":{"start":{"line":221,"column":22},"end":{"line":221,"column":25}},"loc":{"start":{"line":221,"column":34},"end":{"line":223,"column":8}},"line":221},"23":{"name":"(anonymous_23)","decl":{"start":{"line":272,"column":9},"end":{"line":272,"column":10}},"loc":{"start":{"line":272,"column":21},"end":{"line":295,"column":10}},"line":272},"24":{"name":"(anonymous_24)","decl":{"start":{"line":296,"column":9},"end":{"line":296,"column":10}},"loc":{"start":{"line":296,"column":21},"end":{"line":319,"column":10}},"line":296},"25":{"name":"(anonymous_25)","decl":{"start":{"line":354,"column":9},"end":{"line":354,"column":10}},"loc":{"start":{"line":354,"column":21},"end":{"line":372,"column":10}},"line":354},"26":{"name":"(anonymous_26)","decl":{"start":{"line":373,"column":9},"end":{"line":373,"column":10}},"loc":{"start":{"line":373,"column":21},"end":{"line":393,"column":10}},"line":373},"27":{"name":"(anonymous_27)","decl":{"start":{"line":394,"column":9},"end":{"line":394,"column":10}},"loc":{"start":{"line":394,"column":21},"end":{"line":412,"column":10}},"line":394},"28":{"name":"(anonymous_28)","decl":{"start":{"line":413,"column":9},"end":{"line":413,"column":10}},"loc":{"start":{"line":413,"column":21},"end":{"line":431,"column":10}},"line":413},"29":{"name":"ref","decl":{"start":{"line":435,"column":25},"end":{"line":435,"column":28}},"loc":{"start":{"line":435,"column":36},"end":{"line":437,"column":11}},"line":435},"30":{"name":"ref","decl":{"start":{"line":617,"column":40},"end":{"line":617,"column":43}},"loc":{"start":{"line":617,"column":57},"end":{"line":619,"column":7}},"line":617},"31":{"name":"mapStateToProps","decl":{"start":{"line":633,"column":31},"end":{"line":633,"column":46}},"loc":{"start":{"line":633,"column":54},"end":{"line":641,"column":1}},"line":633}},"branchMap":{"0":{"loc":{"start":{"line":8,"column":168},"end":{"line":8,"column":198}},"type":"binary-expr","locations":[{"start":{"line":8,"column":168},"end":{"line":8,"column":189}},{"start":{"line":8,"column":193},"end":{"line":8,"column":198}}],"line":8},"1":{"loc":{"start":{"line":8,"column":232},"end":{"line":8,"column":286}},"type":"if","locations":[{"start":{"line":8,"column":232},"end":{"line":8,"column":286}},{"start":{"line":8,"column":232},"end":{"line":8,"column":286}}],"line":8},"2":{"loc":{"start":{"line":8,"column":407},"end":{"line":8,"column":475}},"type":"if","locations":[{"start":{"line":8,"column":407},"end":{"line":8,"column":475}},{"start":{"line":8,"column":407},"end":{"line":8,"column":475}}],"line":8},"3":{"loc":{"start":{"line":8,"column":476},"end":{"line":8,"column":536}},"type":"if","locations":[{"start":{"line":8,"column":476},"end":{"line":8,"column":536}},{"start":{"line":8,"column":476},"end":{"line":8,"column":536}}],"line":8},"4":{"loc":{"start":{"line":46,"column":46},"end":{"line":46,"column":92}},"type":"cond-expr","locations":[{"start":{"line":46,"column":70},"end":{"line":46,"column":73}},{"start":{"line":46,"column":76},"end":{"line":46,"column":92}}],"line":46},"5":{"loc":{"start":{"line":46,"column":46},"end":{"line":46,"column":67}},"type":"binary-expr","locations":[{"start":{"line":46,"column":46},"end":{"line":46,"column":49}},{"start":{"line":46,"column":53},"end":{"line":46,"column":67}}],"line":46},"6":{"loc":{"start":{"line":48,"column":44},"end":{"line":48,"column":195}},"type":"if","locations":[{"start":{"line":48,"column":44},"end":{"line":48,"column":195}},{"start":{"line":48,"column":44},"end":{"line":48,"column":195}}],"line":48},"7":{"loc":{"start":{"line":50,"column":50},"end":{"line":50,"column":151}},"type":"if","locations":[{"start":{"line":50,"column":50},"end":{"line":50,"column":151}},{"start":{"line":50,"column":50},"end":{"line":50,"column":151}}],"line":50},"8":{"loc":{"start":{"line":52,"column":50},"end":{"line":52,"column":151}},"type":"if","locations":[{"start":{"line":52,"column":50},"end":{"line":52,"column":151}},{"start":{"line":52,"column":50},"end":{"line":52,"column":151}}],"line":52},"9":{"loc":{"start":{"line":52,"column":159},"end":{"line":52,"column":237}},"type":"cond-expr","locations":[{"start":{"line":52,"column":226},"end":{"line":52,"column":230}},{"start":{"line":52,"column":233},"end":{"line":52,"column":237}}],"line":52},"10":{"loc":{"start":{"line":52,"column":159},"end":{"line":52,"column":223}},"type":"binary-expr","locations":[{"start":{"line":52,"column":159},"end":{"line":52,"column":163}},{"start":{"line":52,"column":168},"end":{"line":52,"column":192}},{"start":{"line":52,"column":196},"end":{"line":52,"column":222}}],"line":52},"11":{"loc":{"start":{"line":54,"column":43},"end":{"line":54,"column":208}},"type":"if","locations":[{"start":{"line":54,"column":43},"end":{"line":54,"column":208}},{"start":{"line":54,"column":43},"end":{"line":54,"column":208}}],"line":54},"12":{"loc":{"start":{"line":54,"column":47},"end":{"line":54,"column":102}},"type":"binary-expr","locations":[{"start":{"line":54,"column":47},"end":{"line":54,"column":79}},{"start":{"line":54,"column":83},"end":{"line":54,"column":102}}],"line":54},"13":{"loc":{"start":{"line":54,"column":244},"end":{"line":54,"column":278}},"type":"binary-expr","locations":[{"start":{"line":54,"column":244},"end":{"line":54,"column":254}},{"start":{"line":54,"column":258},"end":{"line":54,"column":278}}],"line":54},"14":{"loc":{"start":{"line":54,"column":374},"end":{"line":54,"column":492}},"type":"if","locations":[{"start":{"line":54,"column":374},"end":{"line":54,"column":492}},{"start":{"line":54,"column":374},"end":{"line":54,"column":492}}],"line":54},"15":{"loc":{"start":{"line":54,"column":390},"end":{"line":54,"column":491}},"type":"cond-expr","locations":[{"start":{"line":54,"column":414},"end":{"line":54,"column":457}},{"start":{"line":54,"column":460},"end":{"line":54,"column":491}}],"line":54},"16":{"loc":{"start":{"line":62,"column":48},"end":{"line":62,"column":101}},"type":"binary-expr","locations":[{"start":{"line":62,"column":48},"end":{"line":62,"column":66}},{"start":{"line":62,"column":70},"end":{"line":62,"column":101}}],"line":62},"17":{"loc":{"start":{"line":94,"column":5},"end":{"line":96,"column":6}},"type":"if","locations":[{"start":{"line":94,"column":5},"end":{"line":96,"column":6}},{"start":{"line":94,"column":5},"end":{"line":96,"column":6}}],"line":94},"18":{"loc":{"start":{"line":103,"column":5},"end":{"line":105,"column":6}},"type":"if","locations":[{"start":{"line":103,"column":5},"end":{"line":105,"column":6}},{"start":{"line":103,"column":5},"end":{"line":105,"column":6}}],"line":103},"19":{"loc":{"start":{"line":103,"column":9},"end":{"line":103,"column":55}},"type":"binary-expr","locations":[{"start":{"line":103,"column":9},"end":{"line":103,"column":35}},{"start":{"line":103,"column":39},"end":{"line":103,"column":55}}],"line":103},"20":{"loc":{"start":{"line":107,"column":5},"end":{"line":109,"column":6}},"type":"if","locations":[{"start":{"line":107,"column":5},"end":{"line":109,"column":6}},{"start":{"line":107,"column":5},"end":{"line":109,"column":6}}],"line":107},"21":{"loc":{"start":{"line":126,"column":3},"end":{"line":130,"column":4}},"type":"if","locations":[{"start":{"line":126,"column":3},"end":{"line":130,"column":4}},{"start":{"line":126,"column":3},"end":{"line":130,"column":4}}],"line":126},"22":{"loc":{"start":{"line":177,"column":4},"end":{"line":179,"column":5}},"type":"if","locations":[{"start":{"line":177,"column":4},"end":{"line":179,"column":5}},{"start":{"line":177,"column":4},"end":{"line":179,"column":5}}],"line":177},"23":{"loc":{"start":{"line":200,"column":15},"end":{"line":200,"column":64}},"type":"cond-expr","locations":[{"start":{"line":200,"column":42},"end":{"line":200,"column":54}},{"start":{"line":200,"column":57},"end":{"line":200,"column":64}}],"line":200},"24":{"loc":{"start":{"line":201,"column":14},"end":{"line":201,"column":62}},"type":"cond-expr","locations":[{"start":{"line":201,"column":42},"end":{"line":201,"column":53}},{"start":{"line":201,"column":56},"end":{"line":201,"column":62}}],"line":201},"25":{"loc":{"start":{"line":202,"column":19},"end":{"line":202,"column":73}},"type":"cond-expr","locations":[{"start":{"line":202,"column":43},"end":{"line":202,"column":69}},{"start":{"line":202,"column":72},"end":{"line":202,"column":73}}],"line":202},"26":{"loc":{"start":{"line":204,"column":19},"end":{"line":204,"column":100}},"type":"cond-expr","locations":[{"start":{"line":204,"column":43},"end":{"line":204,"column":96}},{"start":{"line":204,"column":99},"end":{"line":204,"column":100}}],"line":204},"27":{"loc":{"start":{"line":205,"column":16},"end":{"line":205,"column":70}},"type":"cond-expr","locations":[{"start":{"line":205,"column":40},"end":{"line":205,"column":66}},{"start":{"line":205,"column":69},"end":{"line":205,"column":70}}],"line":205},"28":{"loc":{"start":{"line":206,"column":22},"end":{"line":206,"column":60}},"type":"cond-expr","locations":[{"start":{"line":206,"column":47},"end":{"line":206,"column":52}},{"start":{"line":206,"column":55},"end":{"line":206,"column":60}}],"line":206},"29":{"loc":{"start":{"line":207,"column":21},"end":{"line":207,"column":59}},"type":"cond-expr","locations":[{"start":{"line":207,"column":46},"end":{"line":207,"column":51}},{"start":{"line":207,"column":54},"end":{"line":207,"column":59}}],"line":207},"30":{"loc":{"start":{"line":208,"column":18},"end":{"line":208,"column":154}},"type":"cond-expr","locations":[{"start":{"line":208,"column":131},"end":{"line":208,"column":144}},{"start":{"line":208,"column":147},"end":{"line":208,"column":154}}],"line":208},"31":{"loc":{"start":{"line":208,"column":18},"end":{"line":208,"column":128}},"type":"binary-expr","locations":[{"start":{"line":208,"column":18},"end":{"line":208,"column":72}},{"start":{"line":208,"column":76},"end":{"line":208,"column":128}}],"line":208},"32":{"loc":{"start":{"line":273,"column":10},"end":{"line":294,"column":11}},"type":"if","locations":[{"start":{"line":273,"column":10},"end":{"line":294,"column":11}},{"start":{"line":273,"column":10},"end":{"line":294,"column":11}}],"line":273},"33":{"loc":{"start":{"line":297,"column":10},"end":{"line":318,"column":11}},"type":"if","locations":[{"start":{"line":297,"column":10},"end":{"line":318,"column":11}},{"start":{"line":297,"column":10},"end":{"line":318,"column":11}}],"line":297},"34":{"loc":{"start":{"line":355,"column":10},"end":{"line":371,"column":11}},"type":"if","locations":[{"start":{"line":355,"column":10},"end":{"line":371,"column":11}},{"start":{"line":355,"column":10},"end":{"line":371,"column":11}}],"line":355},"35":{"loc":{"start":{"line":374,"column":10},"end":{"line":392,"column":11}},"type":"if","locations":[{"start":{"line":374,"column":10},"end":{"line":392,"column":11}},{"start":{"line":374,"column":10},"end":{"line":392,"column":11}}],"line":374},"36":{"loc":{"start":{"line":375,"column":27},"end":{"line":375,"column":84}},"type":"cond-expr","locations":[{"start":{"line":375,"column":61},"end":{"line":375,"column":68}},{"start":{"line":375,"column":71},"end":{"line":375,"column":84}}],"line":375},"37":{"loc":{"start":{"line":395,"column":10},"end":{"line":411,"column":11}},"type":"if","locations":[{"start":{"line":395,"column":10},"end":{"line":411,"column":11}},{"start":{"line":395,"column":10},"end":{"line":411,"column":11}}],"line":395},"38":{"loc":{"start":{"line":414,"column":10},"end":{"line":430,"column":11}},"type":"if","locations":[{"start":{"line":414,"column":10},"end":{"line":430,"column":11}},{"start":{"line":414,"column":10},"end":{"line":430,"column":11}}],"line":414}},"s":{"0":1,"1":1,"2":1,"3":1,"4":9,"5":9,"6":9,"7":9,"8":9,"9":9,"10":1,"11":1,"12":1,"13":1,"14":0,"15":1,"16":1,"17":1,"18":1,"19":1,"20":1,"21":1,"22":1,"23":1,"24":1,"25":1,"26":1,"27":1,"28":1,"29":1,"30":1,"31":1,"32":1,"33":1,"34":6,"35":0,"36":0,"37":0,"38":0,"39":0,"40":0,"41":0,"42":0,"43":0,"44":1,"45":0,"46":1,"47":1,"48":1,"49":1,"50":1,"51":0,"52":0,"53":0,"54":0,"55":0,"56":0,"57":0,"58":0,"59":1,"60":0,"61":0,"62":0,"63":0,"64":0,"65":0,"66":0,"67":0,"68":0,"69":0,"70":0,"71":0,"72":0,"73":0,"74":0,"75":0,"76":0,"77":0,"78":0,"79":0,"80":0,"81":0,"82":0,"83":0,"84":0,"85":0,"86":0,"87":0,"88":0,"89":0,"90":0,"91":0,"92":0,"93":0,"94":0,"95":0,"96":0,"97":0,"98":0,"99":0,"100":0,"101":0,"102":0,"103":0,"104":0,"105":0,"106":0,"107":0,"108":0,"109":0,"110":0,"111":0,"112":0,"113":0,"114":0,"115":0,"116":0,"117":0,"118":0,"119":0,"120":0,"121":0,"122":1,"123":1,"124":1,"125":0,"126":1},"f":{"0":1,"1":1,"2":1,"3":6,"4":0,"5":0,"6":0,"7":1,"8":1,"9":0,"10":0,"11":0,"12":0,"13":0,"14":0,"15":0,"16":0,"17":0,"18":0,"19":0,"20":0,"21":0,"22":0,"23":0,"24":0,"25":0,"26":0,"27":0,"28":0,"29":0,"30":0,"31":0},"b":{"0":[9,9],"1":[9,0],"2":[1,0],"3":[0,1],"4":[2,4],"5":[6,6],"6":[0,0],"7":[0,0],"8":[0,0],"9":[0,0],"10":[0,0,0],"11":[0,1],"12":[1,0],"13":[1,1],"14":[1,0],"15":[1,0],"16":[0,0],"17":[0,0],"18":[0,0],"19":[0,0],"20":[0,0],"21":[0,0],"22":[0,0],"23":[0,0],"24":[0,0],"25":[0,0],"26":[0,0],"27":[0,0],"28":[0,0],"29":[0,0],"30":[0,0],"31":[0,0],"32":[0,0],"33":[0,0],"34":[0,0],"35":[0,0],"36":[0,0],"37":[0,0],"38":[0,0]},"_coverageSchema":"332fd63041d2c1bcb487cc26dd0d5f7d97098a6c","hash":"570cf0d3f123b890aed96ab1338b390bd76c460c","contentHash":"c48682d7f247273f645392ac7ff7d726_11.3.0"},"/Users/danieljansson/Feelgood/src/components/FormComponent/index.js":{"path":"/Users/danieljansson/Feelgood/src/components/FormComponent/index.js","statementMap":{"0":{"start":{"line":3,"column":0},"end":{"line":5,"column":3}},"1":{"start":{"line":7,"column":19},"end":{"line":7,"column":563}},"2":{"start":{"line":7,"column":76},"end":{"line":7,"column":347}},"3":{"start":{"line":7,"column":134},"end":{"line":7,"column":142}},"4":{"start":{"line":7,"column":144},"end":{"line":7,"column":199}},"5":{"start":{"line":7,"column":200},"end":{"line":7,"column":231}},"6":{"start":{"line":7,"column":232},"end":{"line":7,"column":286}},"7":{"start":{"line":7,"column":259},"end":{"line":7,"column":286}},"8":{"start":{"line":7,"column":287},"end":{"line":7,"column":345}},"9":{"start":{"line":7,"column":350},"end":{"line":7,"column":559}},"10":{"start":{"line":7,"column":407},"end":{"line":7,"column":475}},"11":{"start":{"line":7,"column":423},"end":{"line":7,"column":475}},"12":{"start":{"line":7,"column":476},"end":{"line":7,"column":536}},"13":{"start":{"line":7,"column":493},"end":{"line":7,"column":536}},"14":{"start":{"line":7,"column":537},"end":{"line":7,"column":556}},"15":{"start":{"line":9,"column":13},"end":{"line":9,"column":29}},"16":{"start":{"line":11,"column":14},"end":{"line":11,"column":44}},"17":{"start":{"line":13,"column":39},"end":{"line":13,"column":93}},"18":{"start":{"line":15,"column":44},"end":{"line":15,"column":195}},"19":{"start":{"line":15,"column":62},"end":{"line":15,"column":166}},"20":{"start":{"line":15,"column":176},"end":{"line":15,"column":193}},"21":{"start":{"line":15,"column":196},"end":{"line":15,"column":207}},"22":{"start":{"line":17,"column":50},"end":{"line":17,"column":151}},"23":{"start":{"line":17,"column":92},"end":{"line":17,"column":149}},"24":{"start":{"line":19,"column":50},"end":{"line":19,"column":151}},"25":{"start":{"line":19,"column":63},"end":{"line":19,"column":149}},"26":{"start":{"line":19,"column":152},"end":{"line":19,"column":238}},"27":{"start":{"line":21,"column":43},"end":{"line":21,"column":208}},"28":{"start":{"line":21,"column":106},"end":{"line":21,"column":206}},"29":{"start":{"line":21,"column":209},"end":{"line":21,"column":373}},"30":{"start":{"line":21,"column":374},"end":{"line":21,"column":492}},"31":{"start":{"line":21,"column":390},"end":{"line":21,"column":492}},"32":{"start":{"line":23,"column":20},"end":{"line":148,"column":19}},"33":{"start":{"line":24,"column":4},"end":{"line":24,"column":41}},"34":{"start":{"line":27,"column":8},"end":{"line":27,"column":45}},"35":{"start":{"line":29,"column":20},"end":{"line":29,"column":137}},"36":{"start":{"line":31,"column":8},"end":{"line":31,"column":36}},"37":{"start":{"line":33,"column":8},"end":{"line":33,"column":68}},"38":{"start":{"line":34,"column":8},"end":{"line":34,"column":72}},"39":{"start":{"line":35,"column":8},"end":{"line":35,"column":64}},"40":{"start":{"line":36,"column":8},"end":{"line":36,"column":60}},"41":{"start":{"line":37,"column":8},"end":{"line":37,"column":76}},"42":{"start":{"line":38,"column":8},"end":{"line":38,"column":58}},"43":{"start":{"line":39,"column":8},"end":{"line":39,"column":56}},"44":{"start":{"line":40,"column":8},"end":{"line":40,"column":50}},"45":{"start":{"line":41,"column":8},"end":{"line":41,"column":78}},"46":{"start":{"line":42,"column":8},"end":{"line":42,"column":21}},"47":{"start":{"line":45,"column":4},"end":{"line":145,"column":8}},"48":{"start":{"line":48,"column":12},"end":{"line":48,"column":58}},"49":{"start":{"line":48,"column":43},"end":{"line":48,"column":58}},"50":{"start":{"line":49,"column":12},"end":{"line":49,"column":64}},"51":{"start":{"line":49,"column":47},"end":{"line":49,"column":64}},"52":{"start":{"line":54,"column":12},"end":{"line":54,"column":30}},"53":{"start":{"line":59,"column":12},"end":{"line":63,"column":14}},"54":{"start":{"line":68,"column":12},"end":{"line":68,"column":67}},"55":{"start":{"line":73,"column":25},"end":{"line":73,"column":29}},"56":{"start":{"line":75,"column":26},"end":{"line":75,"column":129}},"57":{"start":{"line":77,"column":12},"end":{"line":90,"column":14}},"58":{"start":{"line":78,"column":28},"end":{"line":78,"column":42}},"59":{"start":{"line":80,"column":16},"end":{"line":83,"column":17}},"60":{"start":{"line":81,"column":20},"end":{"line":81,"column":41}},"61":{"start":{"line":82,"column":20},"end":{"line":82,"column":53}},"62":{"start":{"line":85,"column":16},"end":{"line":87,"column":17}},"63":{"start":{"line":86,"column":20},"end":{"line":86,"column":48}},"64":{"start":{"line":89,"column":16},"end":{"line":89,"column":66}},"65":{"start":{"line":95,"column":25},"end":{"line":95,"column":29}},"66":{"start":{"line":97,"column":12},"end":{"line":99,"column":14}},"67":{"start":{"line":98,"column":16},"end":{"line":98,"column":64}},"68":{"start":{"line":104,"column":25},"end":{"line":104,"column":29}},"69":{"start":{"line":106,"column":12},"end":{"line":108,"column":14}},"70":{"start":{"line":107,"column":16},"end":{"line":107,"column":77}},"71":{"start":{"line":113,"column":25},"end":{"line":113,"column":29}},"72":{"start":{"line":115,"column":12},"end":{"line":119,"column":14}},"73":{"start":{"line":116,"column":16},"end":{"line":118,"column":17}},"74":{"start":{"line":117,"column":20},"end":{"line":117,"column":57}},"75":{"start":{"line":124,"column":25},"end":{"line":124,"column":29}},"76":{"start":{"line":126,"column":12},"end":{"line":138,"column":14}},"77":{"start":{"line":127,"column":28},"end":{"line":127,"column":42}},"78":{"start":{"line":129,"column":16},"end":{"line":132,"column":17}},"79":{"start":{"line":130,"column":20},"end":{"line":130,"column":50}},"80":{"start":{"line":131,"column":20},"end":{"line":131,"column":53}},"81":{"start":{"line":134,"column":16},"end":{"line":137,"column":19}},"82":{"start":{"line":135,"column":20},"end":{"line":135,"column":58}},"83":{"start":{"line":136,"column":20},"end":{"line":136,"column":57}},"84":{"start":{"line":143,"column":12},"end":{"line":143,"column":39}},"85":{"start":{"line":147,"column":4},"end":{"line":147,"column":25}},"86":{"start":{"line":150,"column":0},"end":{"line":150,"column":32}}},"fnMap":{"0":{"name":"(anonymous_0)","decl":{"start":{"line":7,"column":19},"end":{"line":7,"column":20}},"loc":{"start":{"line":7,"column":31},"end":{"line":7,"column":561}},"line":7},"1":{"name":"defineProperties","decl":{"start":{"line":7,"column":42},"end":{"line":7,"column":58}},"loc":{"start":{"line":7,"column":74},"end":{"line":7,"column":349}},"line":7},"2":{"name":"(anonymous_2)","decl":{"start":{"line":7,"column":357},"end":{"line":7,"column":358}},"loc":{"start":{"line":7,"column":405},"end":{"line":7,"column":558}},"line":7},"3":{"name":"_interopRequireDefault","decl":{"start":{"line":13,"column":9},"end":{"line":13,"column":31}},"loc":{"start":{"line":13,"column":37},"end":{"line":13,"column":95}},"line":13},"4":{"name":"_defineProperty","decl":{"start":{"line":15,"column":9},"end":{"line":15,"column":24}},"loc":{"start":{"line":15,"column":42},"end":{"line":15,"column":209}},"line":15},"5":{"name":"_classCallCheck","decl":{"start":{"line":17,"column":9},"end":{"line":17,"column":24}},"loc":{"start":{"line":17,"column":48},"end":{"line":17,"column":153}},"line":17},"6":{"name":"_possibleConstructorReturn","decl":{"start":{"line":19,"column":9},"end":{"line":19,"column":35}},"loc":{"start":{"line":19,"column":48},"end":{"line":19,"column":240}},"line":19},"7":{"name":"_inherits","decl":{"start":{"line":21,"column":9},"end":{"line":21,"column":18}},"loc":{"start":{"line":21,"column":41},"end":{"line":21,"column":494}},"line":21},"8":{"name":"(anonymous_8)","decl":{"start":{"line":23,"column":20},"end":{"line":23,"column":21}},"loc":{"start":{"line":23,"column":42},"end":{"line":148,"column":1}},"line":23},"9":{"name":"FormComponent","decl":{"start":{"line":26,"column":13},"end":{"line":26,"column":26}},"loc":{"start":{"line":26,"column":34},"end":{"line":43,"column":5}},"line":26},"10":{"name":"getValidationState","decl":{"start":{"line":47,"column":24},"end":{"line":47,"column":42}},"loc":{"start":{"line":47,"column":49},"end":{"line":50,"column":9}},"line":47},"11":{"name":"getValidatorData","decl":{"start":{"line":53,"column":24},"end":{"line":53,"column":40}},"loc":{"start":{"line":53,"column":43},"end":{"line":55,"column":9}},"line":53},"12":{"name":"renderHelpText","decl":{"start":{"line":58,"column":24},"end":{"line":58,"column":38}},"loc":{"start":{"line":58,"column":45},"end":{"line":64,"column":9}},"line":58},"13":{"name":"isValid","decl":{"start":{"line":67,"column":24},"end":{"line":67,"column":31}},"loc":{"start":{"line":67,"column":34},"end":{"line":69,"column":9}},"line":67},"14":{"name":"handleChange","decl":{"start":{"line":72,"column":24},"end":{"line":72,"column":36}},"loc":{"start":{"line":72,"column":43},"end":{"line":91,"column":9}},"line":72},"15":{"name":"(anonymous_15)","decl":{"start":{"line":77,"column":19},"end":{"line":77,"column":20}},"loc":{"start":{"line":77,"column":32},"end":{"line":90,"column":13}},"line":77},"16":{"name":"handleSelect","decl":{"start":{"line":94,"column":24},"end":{"line":94,"column":36}},"loc":{"start":{"line":94,"column":43},"end":{"line":100,"column":9}},"line":94},"17":{"name":"(anonymous_17)","decl":{"start":{"line":97,"column":19},"end":{"line":97,"column":20}},"loc":{"start":{"line":97,"column":37},"end":{"line":99,"column":13}},"line":97},"18":{"name":"handleCheckboxChange","decl":{"start":{"line":103,"column":24},"end":{"line":103,"column":44}},"loc":{"start":{"line":103,"column":51},"end":{"line":109,"column":9}},"line":103},"19":{"name":"(anonymous_19)","decl":{"start":{"line":106,"column":19},"end":{"line":106,"column":20}},"loc":{"start":{"line":106,"column":32},"end":{"line":108,"column":13}},"line":106},"20":{"name":"handleFocus","decl":{"start":{"line":112,"column":24},"end":{"line":112,"column":35}},"loc":{"start":{"line":112,"column":42},"end":{"line":120,"column":9}},"line":112},"21":{"name":"(anonymous_21)","decl":{"start":{"line":115,"column":19},"end":{"line":115,"column":20}},"loc":{"start":{"line":115,"column":32},"end":{"line":119,"column":13}},"line":115},"22":{"name":"handleBlur","decl":{"start":{"line":123,"column":24},"end":{"line":123,"column":34}},"loc":{"start":{"line":123,"column":50},"end":{"line":139,"column":9}},"line":123},"23":{"name":"(anonymous_23)","decl":{"start":{"line":126,"column":19},"end":{"line":126,"column":20}},"loc":{"start":{"line":126,"column":32},"end":{"line":138,"column":13}},"line":126},"24":{"name":"(anonymous_24)","decl":{"start":{"line":134,"column":66},"end":{"line":134,"column":67}},"loc":{"start":{"line":134,"column":78},"end":{"line":137,"column":17}},"line":134},"25":{"name":"handleValidationReset","decl":{"start":{"line":142,"column":24},"end":{"line":142,"column":45}},"loc":{"start":{"line":142,"column":48},"end":{"line":144,"column":9}},"line":142}},"branchMap":{"0":{"loc":{"start":{"line":7,"column":168},"end":{"line":7,"column":198}},"type":"binary-expr","locations":[{"start":{"line":7,"column":168},"end":{"line":7,"column":189}},{"start":{"line":7,"column":193},"end":{"line":7,"column":198}}],"line":7},"1":{"loc":{"start":{"line":7,"column":232},"end":{"line":7,"column":286}},"type":"if","locations":[{"start":{"line":7,"column":232},"end":{"line":7,"column":286}},{"start":{"line":7,"column":232},"end":{"line":7,"column":286}}],"line":7},"2":{"loc":{"start":{"line":7,"column":407},"end":{"line":7,"column":475}},"type":"if","locations":[{"start":{"line":7,"column":407},"end":{"line":7,"column":475}},{"start":{"line":7,"column":407},"end":{"line":7,"column":475}}],"line":7},"3":{"loc":{"start":{"line":7,"column":476},"end":{"line":7,"column":536}},"type":"if","locations":[{"start":{"line":7,"column":476},"end":{"line":7,"column":536}},{"start":{"line":7,"column":476},"end":{"line":7,"column":536}}],"line":7},"4":{"loc":{"start":{"line":13,"column":46},"end":{"line":13,"column":92}},"type":"cond-expr","locations":[{"start":{"line":13,"column":70},"end":{"line":13,"column":73}},{"start":{"line":13,"column":76},"end":{"line":13,"column":92}}],"line":13},"5":{"loc":{"start":{"line":13,"column":46},"end":{"line":13,"column":67}},"type":"binary-expr","locations":[{"start":{"line":13,"column":46},"end":{"line":13,"column":49}},{"start":{"line":13,"column":53},"end":{"line":13,"column":67}}],"line":13},"6":{"loc":{"start":{"line":15,"column":44},"end":{"line":15,"column":195}},"type":"if","locations":[{"start":{"line":15,"column":44},"end":{"line":15,"column":195}},{"start":{"line":15,"column":44},"end":{"line":15,"column":195}}],"line":15},"7":{"loc":{"start":{"line":17,"column":50},"end":{"line":17,"column":151}},"type":"if","locations":[{"start":{"line":17,"column":50},"end":{"line":17,"column":151}},{"start":{"line":17,"column":50},"end":{"line":17,"column":151}}],"line":17},"8":{"loc":{"start":{"line":19,"column":50},"end":{"line":19,"column":151}},"type":"if","locations":[{"start":{"line":19,"column":50},"end":{"line":19,"column":151}},{"start":{"line":19,"column":50},"end":{"line":19,"column":151}}],"line":19},"9":{"loc":{"start":{"line":19,"column":159},"end":{"line":19,"column":237}},"type":"cond-expr","locations":[{"start":{"line":19,"column":226},"end":{"line":19,"column":230}},{"start":{"line":19,"column":233},"end":{"line":19,"column":237}}],"line":19},"10":{"loc":{"start":{"line":19,"column":159},"end":{"line":19,"column":223}},"type":"binary-expr","locations":[{"start":{"line":19,"column":159},"end":{"line":19,"column":163}},{"start":{"line":19,"column":168},"end":{"line":19,"column":192}},{"start":{"line":19,"column":196},"end":{"line":19,"column":222}}],"line":19},"11":{"loc":{"start":{"line":21,"column":43},"end":{"line":21,"column":208}},"type":"if","locations":[{"start":{"line":21,"column":43},"end":{"line":21,"column":208}},{"start":{"line":21,"column":43},"end":{"line":21,"column":208}}],"line":21},"12":{"loc":{"start":{"line":21,"column":47},"end":{"line":21,"column":102}},"type":"binary-expr","locations":[{"start":{"line":21,"column":47},"end":{"line":21,"column":79}},{"start":{"line":21,"column":83},"end":{"line":21,"column":102}}],"line":21},"13":{"loc":{"start":{"line":21,"column":244},"end":{"line":21,"column":278}},"type":"binary-expr","locations":[{"start":{"line":21,"column":244},"end":{"line":21,"column":254}},{"start":{"line":21,"column":258},"end":{"line":21,"column":278}}],"line":21},"14":{"loc":{"start":{"line":21,"column":374},"end":{"line":21,"column":492}},"type":"if","locations":[{"start":{"line":21,"column":374},"end":{"line":21,"column":492}},{"start":{"line":21,"column":374},"end":{"line":21,"column":492}}],"line":21},"15":{"loc":{"start":{"line":21,"column":390},"end":{"line":21,"column":491}},"type":"cond-expr","locations":[{"start":{"line":21,"column":414},"end":{"line":21,"column":457}},{"start":{"line":21,"column":460},"end":{"line":21,"column":491}}],"line":21},"16":{"loc":{"start":{"line":29,"column":54},"end":{"line":29,"column":117}},"type":"binary-expr","locations":[{"start":{"line":29,"column":54},"end":{"line":29,"column":77}},{"start":{"line":29,"column":81},"end":{"line":29,"column":117}}],"line":29},"17":{"loc":{"start":{"line":48,"column":12},"end":{"line":48,"column":58}},"type":"if","locations":[{"start":{"line":48,"column":12},"end":{"line":48,"column":58}},{"start":{"line":48,"column":12},"end":{"line":48,"column":58}}],"line":48},"18":{"loc":{"start":{"line":49,"column":12},"end":{"line":49,"column":64}},"type":"if","locations":[{"start":{"line":49,"column":12},"end":{"line":49,"column":64}},{"start":{"line":49,"column":12},"end":{"line":49,"column":64}}],"line":49},"19":{"loc":{"start":{"line":75,"column":26},"end":{"line":75,"column":129}},"type":"cond-expr","locations":[{"start":{"line":75,"column":79},"end":{"line":75,"column":91}},{"start":{"line":75,"column":94},"end":{"line":75,"column":129}}],"line":75},"20":{"loc":{"start":{"line":75,"column":26},"end":{"line":75,"column":76}},"type":"binary-expr","locations":[{"start":{"line":75,"column":26},"end":{"line":75,"column":46}},{"start":{"line":75,"column":50},"end":{"line":75,"column":76}}],"line":75},"21":{"loc":{"start":{"line":80,"column":16},"end":{"line":83,"column":17}},"type":"if","locations":[{"start":{"line":80,"column":16},"end":{"line":83,"column":17}},{"start":{"line":80,"column":16},"end":{"line":83,"column":17}}],"line":80},"22":{"loc":{"start":{"line":85,"column":16},"end":{"line":87,"column":17}},"type":"if","locations":[{"start":{"line":85,"column":16},"end":{"line":87,"column":17}},{"start":{"line":85,"column":16},"end":{"line":87,"column":17}}],"line":85},"23":{"loc":{"start":{"line":116,"column":16},"end":{"line":118,"column":17}},"type":"if","locations":[{"start":{"line":116,"column":16},"end":{"line":118,"column":17}},{"start":{"line":116,"column":16},"end":{"line":118,"column":17}}],"line":116},"24":{"loc":{"start":{"line":129,"column":16},"end":{"line":132,"column":17}},"type":"if","locations":[{"start":{"line":129,"column":16},"end":{"line":132,"column":17}},{"start":{"line":129,"column":16},"end":{"line":132,"column":17}}],"line":129},"25":{"loc":{"start":{"line":129,"column":20},"end":{"line":129,"column":43}},"type":"binary-expr","locations":[{"start":{"line":129,"column":20},"end":{"line":129,"column":27}},{"start":{"line":129,"column":31},"end":{"line":129,"column":43}}],"line":129}},"s":{"0":1,"1":1,"2":1,"3":10,"4":10,"5":10,"6":10,"7":10,"8":10,"9":1,"10":1,"11":1,"12":1,"13":0,"14":1,"15":1,"16":1,"17":1,"18":0,"19":0,"20":0,"21":0,"22":0,"23":0,"24":0,"25":0,"26":0,"27":1,"28":0,"29":1,"30":1,"31":1,"32":1,"33":1,"34":0,"35":0,"36":0,"37":0,"38":0,"39":0,"40":0,"41":0,"42":0,"43":0,"44":0,"45":0,"46":0,"47":1,"48":0,"49":0,"50":0,"51":0,"52":0,"53":0,"54":0,"55":0,"56":0,"57":0,"58":0,"59":0,"60":0,"61":0,"62":0,"63":0,"64":0,"65":0,"66":0,"67":0,"68":0,"69":0,"70":0,"71":0,"72":0,"73":0,"74":0,"75":0,"76":0,"77":0,"78":0,"79":0,"80":0,"81":0,"82":0,"83":0,"84":0,"85":1,"86":1},"f":{"0":1,"1":1,"2":1,"3":1,"4":0,"5":0,"6":0,"7":1,"8":1,"9":0,"10":0,"11":0,"12":0,"13":0,"14":0,"15":0,"16":0,"17":0,"18":0,"19":0,"20":0,"21":0,"22":0,"23":0,"24":0,"25":0},"b":{"0":[10,10],"1":[10,0],"2":[1,0],"3":[0,1],"4":[0,1],"5":[1,1],"6":[0,0],"7":[0,0],"8":[0,0],"9":[0,0],"10":[0,0,0],"11":[0,1],"12":[1,0],"13":[1,1],"14":[1,0],"15":[1,0],"16":[0,0],"17":[0,0],"18":[0,0],"19":[0,0],"20":[0,0],"21":[0,0],"22":[0,0],"23":[0,0],"24":[0,0],"25":[0,0]},"_coverageSchema":"332fd63041d2c1bcb487cc26dd0d5f7d97098a6c","hash":"a11071d5e73dae05f9b149485f08ccd6a8bd2c14","contentHash":"6481bcdac474a11b99918ce63bf0071e_11.3.0"},"/Users/danieljansson/Feelgood/validators/encounters.js":{"path":"/Users/danieljansson/Feelgood/validators/encounters.js","statementMap":{"0":{"start":{"line":3,"column":0},"end":{"line":5,"column":3}},"1":{"start":{"line":6,"column":0},"end":{"line":6,"column":39}},"2":{"start":{"line":8,"column":11},"end":{"line":8,"column":25}},"3":{"start":{"line":10,"column":12},"end":{"line":10,"column":40}},"4":{"start":{"line":12,"column":39},"end":{"line":12,"column":93}},"5":{"start":{"line":14,"column":25},"end":{"line":26,"column":2}}},"fnMap":{"0":{"name":"_interopRequireDefault","decl":{"start":{"line":12,"column":9},"end":{"line":12,"column":31}},"loc":{"start":{"line":12,"column":37},"end":{"line":12,"column":95}},"line":12}},"branchMap":{"0":{"loc":{"start":{"line":12,"column":46},"end":{"line":12,"column":92}},"type":"cond-expr","locations":[{"start":{"line":12,"column":70},"end":{"line":12,"column":73}},{"start":{"line":12,"column":76},"end":{"line":12,"column":92}}],"line":12},"1":{"loc":{"start":{"line":12,"column":46},"end":{"line":12,"column":67}},"type":"binary-expr","locations":[{"start":{"line":12,"column":46},"end":{"line":12,"column":49}},{"start":{"line":12,"column":53},"end":{"line":12,"column":67}}],"line":12}},"s":{"0":1,"1":1,"2":1,"3":1,"4":1,"5":1},"f":{"0":1},"b":{"0":[0,1],"1":[1,1]},"_coverageSchema":"332fd63041d2c1bcb487cc26dd0d5f7d97098a6c","hash":"f7fc8a6a111fbf0b9e9207d67b33dc034cf2da5f","contentHash":"7c3f46d2369a632147118ea0b898b1bd_11.3.0"},"/Users/danieljansson/Feelgood/helpers/validation.js":{"path":"/Users/danieljansson/Feelgood/helpers/validation.js","statementMap":{"0":{"start":{"line":3,"column":0},"end":{"line":5,"column":3}},"1":{"start":{"line":6,"column":21},"end":{"line":21,"column":1}},"2":{"start":{"line":7,"column":4},"end":{"line":20,"column":6}}},"fnMap":{"0":{"name":"i18nValidation","decl":{"start":{"line":6,"column":55},"end":{"line":6,"column":69}},"loc":{"start":{"line":6,"column":72},"end":{"line":21,"column":1}},"line":6}},"branchMap":{},"s":{"0":1,"1":1,"2":1},"f":{"0":1},"b":{},"_coverageSchema":"332fd63041d2c1bcb487cc26dd0d5f7d97098a6c","hash":"8d72ae39ed3899b1ab2e0d6f19e29b8158fa2e78","contentHash":"3340dbc801cd0412bf08af7dc3619971_11.3.0"},"/Users/danieljansson/Feelgood/src/actions/encounter.js":{"path":"/Users/danieljansson/Feelgood/src/actions/encounter.js","statementMap":{"0":{"start":{"line":3,"column":0},"end":{"line":5,"column":3}},"1":{"start":{"line":6,"column":0},"end":{"line":6,"column":110}},"2":{"start":{"line":8,"column":13},"end":{"line":8,"column":29}},"3":{"start":{"line":10,"column":14},"end":{"line":10,"column":45}},"4":{"start":{"line":12,"column":40},"end":{"line":12,"column":267}},"5":{"start":{"line":12,"column":69},"end":{"line":12,"column":80}},"6":{"start":{"line":12,"column":103},"end":{"line":12,"column":105}},"7":{"start":{"line":12,"column":107},"end":{"line":12,"column":228}},"8":{"start":{"line":12,"column":126},"end":{"line":12,"column":226}},"9":{"start":{"line":12,"column":149},"end":{"line":12,"column":224}},"10":{"start":{"line":12,"column":201},"end":{"line":12,"column":224}},"11":{"start":{"line":12,"column":229},"end":{"line":12,"column":250}},"12":{"start":{"line":12,"column":251},"end":{"line":12,"column":265}},"13":{"start":{"line":14,"column":20},"end":{"line":22,"column":1}},"14":{"start":{"line":15,"column":4},"end":{"line":21,"column":6}},"15":{"start":{"line":16,"column":8},"end":{"line":20,"column":11}},"16":{"start":{"line":17,"column":12},"end":{"line":17,"column":65}},"17":{"start":{"line":19,"column":12},"end":{"line":19,"column":40}},"18":{"start":{"line":24,"column":20},"end":{"line":32,"column":1}},"19":{"start":{"line":25,"column":4},"end":{"line":31,"column":6}},"20":{"start":{"line":26,"column":8},"end":{"line":30,"column":11}},"21":{"start":{"line":27,"column":12},"end":{"line":27,"column":50}},"22":{"start":{"line":29,"column":12},"end":{"line":29,"column":40}},"23":{"start":{"line":34,"column":23},"end":{"line":47,"column":1}},"24":{"start":{"line":35,"column":4},"end":{"line":46,"column":6}},"25":{"start":{"line":36,"column":8},"end":{"line":36,"column":35}},"26":{"start":{"line":37,"column":8},"end":{"line":45,"column":11}},"27":{"start":{"line":49,"column":21},"end":{"line":53,"column":1}},"28":{"start":{"line":50,"column":4},"end":{"line":52,"column":6}},"29":{"start":{"line":51,"column":8},"end":{"line":51,"column":46}}},"fnMap":{"0":{"name":"_interopRequireWildcard","decl":{"start":{"line":12,"column":9},"end":{"line":12,"column":32}},"loc":{"start":{"line":12,"column":38},"end":{"line":12,"column":269}},"line":12},"1":{"name":"getEncounters","decl":{"start":{"line":14,"column":53},"end":{"line":14,"column":66}},"loc":{"start":{"line":14,"column":69},"end":{"line":22,"column":1}},"line":14},"2":{"name":"(anonymous_2)","decl":{"start":{"line":15,"column":11},"end":{"line":15,"column":12}},"loc":{"start":{"line":15,"column":31},"end":{"line":21,"column":5}},"line":15},"3":{"name":"(anonymous_3)","decl":{"start":{"line":16,"column":47},"end":{"line":16,"column":48}},"loc":{"start":{"line":16,"column":63},"end":{"line":18,"column":9}},"line":16},"4":{"name":"(anonymous_4)","decl":{"start":{"line":18,"column":17},"end":{"line":18,"column":18}},"loc":{"start":{"line":18,"column":34},"end":{"line":20,"column":9}},"line":18},"5":{"name":"saveEncounter","decl":{"start":{"line":24,"column":53},"end":{"line":24,"column":66}},"loc":{"start":{"line":24,"column":78},"end":{"line":32,"column":1}},"line":24},"6":{"name":"(anonymous_6)","decl":{"start":{"line":25,"column":11},"end":{"line":25,"column":12}},"loc":{"start":{"line":25,"column":31},"end":{"line":31,"column":5}},"line":25},"7":{"name":"(anonymous_7)","decl":{"start":{"line":26,"column":73},"end":{"line":26,"column":74}},"loc":{"start":{"line":26,"column":89},"end":{"line":28,"column":9}},"line":26},"8":{"name":"(anonymous_8)","decl":{"start":{"line":28,"column":17},"end":{"line":28,"column":18}},"loc":{"start":{"line":28,"column":34},"end":{"line":30,"column":9}},"line":28},"9":{"name":"setEncounterData","decl":{"start":{"line":34,"column":59},"end":{"line":34,"column":75}},"loc":{"start":{"line":34,"column":118},"end":{"line":47,"column":1}},"line":34},"10":{"name":"(anonymous_10)","decl":{"start":{"line":35,"column":11},"end":{"line":35,"column":12}},"loc":{"start":{"line":35,"column":31},"end":{"line":46,"column":5}},"line":35},"11":{"name":"resetEncounter","decl":{"start":{"line":49,"column":55},"end":{"line":49,"column":69}},"loc":{"start":{"line":49,"column":72},"end":{"line":53,"column":1}},"line":49},"12":{"name":"(anonymous_12)","decl":{"start":{"line":50,"column":11},"end":{"line":50,"column":12}},"loc":{"start":{"line":50,"column":31},"end":{"line":52,"column":5}},"line":50}},"branchMap":{"0":{"loc":{"start":{"line":12,"column":40},"end":{"line":12,"column":267}},"type":"if","locations":[{"start":{"line":12,"column":40},"end":{"line":12,"column":267}},{"start":{"line":12,"column":40},"end":{"line":12,"column":267}}],"line":12},"1":{"loc":{"start":{"line":12,"column":44},"end":{"line":12,"column":65}},"type":"binary-expr","locations":[{"start":{"line":12,"column":44},"end":{"line":12,"column":47}},{"start":{"line":12,"column":51},"end":{"line":12,"column":65}}],"line":12},"2":{"loc":{"start":{"line":12,"column":107},"end":{"line":12,"column":228}},"type":"if","locations":[{"start":{"line":12,"column":107},"end":{"line":12,"column":228}},{"start":{"line":12,"column":107},"end":{"line":12,"column":228}}],"line":12},"3":{"loc":{"start":{"line":12,"column":149},"end":{"line":12,"column":224}},"type":"if","locations":[{"start":{"line":12,"column":149},"end":{"line":12,"column":224}},{"start":{"line":12,"column":149},"end":{"line":12,"column":224}}],"line":12}},"s":{"0":1,"1":1,"2":1,"3":1,"4":1,"5":0,"6":1,"7":1,"8":1,"9":18,"10":18,"11":1,"12":1,"13":1,"14":0,"15":0,"16":0,"17":0,"18":1,"19":1,"20":1,"21":1,"22":0,"23":1,"24":0,"25":0,"26":0,"27":1,"28":0,"29":0},"f":{"0":1,"1":0,"2":0,"3":0,"4":0,"5":1,"6":1,"7":1,"8":0,"9":0,"10":0,"11":0,"12":0},"b":{"0":[0,1],"1":[1,1],"2":[1,0],"3":[18,0]},"_coverageSchema":"332fd63041d2c1bcb487cc26dd0d5f7d97098a6c","hash":"6a51d195e14d467514b8da5e48ad3c5fa0c60015","contentHash":"525bacc00db7be7b0f9348491c3e1d17_11.3.0"},"/Users/danieljansson/Feelgood/src/components/Public/Header/index.js":{"path":"/Users/danieljansson/Feelgood/src/components/Public/Header/index.js","statementMap":{"0":{"start":{"line":3,"column":0},"end":{"line":5,"column":3}},"1":{"start":{"line":6,"column":0},"end":{"line":6,"column":27}},"2":{"start":{"line":8,"column":19},"end":{"line":8,"column":563}},"3":{"start":{"line":8,"column":76},"end":{"line":8,"column":347}},"4":{"start":{"line":8,"column":134},"end":{"line":8,"column":142}},"5":{"start":{"line":8,"column":144},"end":{"line":8,"column":199}},"6":{"start":{"line":8,"column":200},"end":{"line":8,"column":231}},"7":{"start":{"line":8,"column":232},"end":{"line":8,"column":286}},"8":{"start":{"line":8,"column":259},"end":{"line":8,"column":286}},"9":{"start":{"line":8,"column":287},"end":{"line":8,"column":345}},"10":{"start":{"line":8,"column":350},"end":{"line":8,"column":559}},"11":{"start":{"line":8,"column":407},"end":{"line":8,"column":475}},"12":{"start":{"line":8,"column":423},"end":{"line":8,"column":475}},"13":{"start":{"line":8,"column":476},"end":{"line":8,"column":536}},"14":{"start":{"line":8,"column":493},"end":{"line":8,"column":536}},"15":{"start":{"line":8,"column":537},"end":{"line":8,"column":556}},"16":{"start":{"line":10,"column":13},"end":{"line":10,"column":29}},"17":{"start":{"line":12,"column":14},"end":{"line":12,"column":44}},"18":{"start":{"line":14,"column":18},"end":{"line":14,"column":40}},"19":{"start":{"line":16,"column":20},"end":{"line":16,"column":44}},"20":{"start":{"line":18,"column":14},"end":{"line":18,"column":37}},"21":{"start":{"line":20,"column":15},"end":{"line":20,"column":46}},"22":{"start":{"line":22,"column":39},"end":{"line":22,"column":93}},"23":{"start":{"line":24,"column":50},"end":{"line":24,"column":151}},"24":{"start":{"line":24,"column":92},"end":{"line":24,"column":149}},"25":{"start":{"line":26,"column":50},"end":{"line":26,"column":151}},"26":{"start":{"line":26,"column":63},"end":{"line":26,"column":149}},"27":{"start":{"line":26,"column":152},"end":{"line":26,"column":238}},"28":{"start":{"line":28,"column":43},"end":{"line":28,"column":208}},"29":{"start":{"line":28,"column":106},"end":{"line":28,"column":206}},"30":{"start":{"line":28,"column":209},"end":{"line":28,"column":373}},"31":{"start":{"line":28,"column":374},"end":{"line":28,"column":492}},"32":{"start":{"line":28,"column":390},"end":{"line":28,"column":492}},"33":{"start":{"line":30,"column":13},"end":{"line":134,"column":19}},"34":{"start":{"line":31,"column":4},"end":{"line":31,"column":34}},"35":{"start":{"line":34,"column":8},"end":{"line":34,"column":38}},"36":{"start":{"line":36,"column":20},"end":{"line":36,"column":123}},"37":{"start":{"line":38,"column":8},"end":{"line":38,"column":25}},"38":{"start":{"line":39,"column":8},"end":{"line":39,"column":21}},"39":{"start":{"line":42,"column":4},"end":{"line":131,"column":8}},"40":{"start":{"line":45,"column":20},"end":{"line":45,"column":32}},"41":{"start":{"line":48,"column":12},"end":{"line":129,"column":14}},"42":{"start":{"line":133,"column":4},"end":{"line":133,"column":18}},"43":{"start":{"line":136,"column":0},"end":{"line":136,"column":55}},"44":{"start":{"line":138,"column":22},"end":{"line":140,"column":1}},"45":{"start":{"line":139,"column":4},"end":{"line":139,"column":14}},"46":{"start":{"line":142,"column":0},"end":{"line":142,"column":112}}},"fnMap":{"0":{"name":"(anonymous_0)","decl":{"start":{"line":8,"column":19},"end":{"line":8,"column":20}},"loc":{"start":{"line":8,"column":31},"end":{"line":8,"column":561}},"line":8},"1":{"name":"defineProperties","decl":{"start":{"line":8,"column":42},"end":{"line":8,"column":58}},"loc":{"start":{"line":8,"column":74},"end":{"line":8,"column":349}},"line":8},"2":{"name":"(anonymous_2)","decl":{"start":{"line":8,"column":357},"end":{"line":8,"column":358}},"loc":{"start":{"line":8,"column":405},"end":{"line":8,"column":558}},"line":8},"3":{"name":"_interopRequireDefault","decl":{"start":{"line":22,"column":9},"end":{"line":22,"column":31}},"loc":{"start":{"line":22,"column":37},"end":{"line":22,"column":95}},"line":22},"4":{"name":"_classCallCheck","decl":{"start":{"line":24,"column":9},"end":{"line":24,"column":24}},"loc":{"start":{"line":24,"column":48},"end":{"line":24,"column":153}},"line":24},"5":{"name":"_possibleConstructorReturn","decl":{"start":{"line":26,"column":9},"end":{"line":26,"column":35}},"loc":{"start":{"line":26,"column":48},"end":{"line":26,"column":240}},"line":26},"6":{"name":"_inherits","decl":{"start":{"line":28,"column":9},"end":{"line":28,"column":18}},"loc":{"start":{"line":28,"column":41},"end":{"line":28,"column":494}},"line":28},"7":{"name":"(anonymous_7)","decl":{"start":{"line":30,"column":30},"end":{"line":30,"column":31}},"loc":{"start":{"line":30,"column":52},"end":{"line":134,"column":1}},"line":30},"8":{"name":"Header","decl":{"start":{"line":33,"column":13},"end":{"line":33,"column":19}},"loc":{"start":{"line":33,"column":27},"end":{"line":40,"column":5}},"line":33},"9":{"name":"render","decl":{"start":{"line":44,"column":24},"end":{"line":44,"column":30}},"loc":{"start":{"line":44,"column":33},"end":{"line":130,"column":9}},"line":44},"10":{"name":"mapStateToProps","decl":{"start":{"line":138,"column":31},"end":{"line":138,"column":46}},"loc":{"start":{"line":138,"column":54},"end":{"line":140,"column":1}},"line":138}},"branchMap":{"0":{"loc":{"start":{"line":8,"column":168},"end":{"line":8,"column":198}},"type":"binary-expr","locations":[{"start":{"line":8,"column":168},"end":{"line":8,"column":189}},{"start":{"line":8,"column":193},"end":{"line":8,"column":198}}],"line":8},"1":{"loc":{"start":{"line":8,"column":232},"end":{"line":8,"column":286}},"type":"if","locations":[{"start":{"line":8,"column":232},"end":{"line":8,"column":286}},{"start":{"line":8,"column":232},"end":{"line":8,"column":286}}],"line":8},"2":{"loc":{"start":{"line":8,"column":407},"end":{"line":8,"column":475}},"type":"if","locations":[{"start":{"line":8,"column":407},"end":{"line":8,"column":475}},{"start":{"line":8,"column":407},"end":{"line":8,"column":475}}],"line":8},"3":{"loc":{"start":{"line":8,"column":476},"end":{"line":8,"column":536}},"type":"if","locations":[{"start":{"line":8,"column":476},"end":{"line":8,"column":536}},{"start":{"line":8,"column":476},"end":{"line":8,"column":536}}],"line":8},"4":{"loc":{"start":{"line":22,"column":46},"end":{"line":22,"column":92}},"type":"cond-expr","locations":[{"start":{"line":22,"column":70},"end":{"line":22,"column":73}},{"start":{"line":22,"column":76},"end":{"line":22,"column":92}}],"line":22},"5":{"loc":{"start":{"line":22,"column":46},"end":{"line":22,"column":67}},"type":"binary-expr","locations":[{"start":{"line":22,"column":46},"end":{"line":22,"column":49}},{"start":{"line":22,"column":53},"end":{"line":22,"column":67}}],"line":22},"6":{"loc":{"start":{"line":24,"column":50},"end":{"line":24,"column":151}},"type":"if","locations":[{"start":{"line":24,"column":50},"end":{"line":24,"column":151}},{"start":{"line":24,"column":50},"end":{"line":24,"column":151}}],"line":24},"7":{"loc":{"start":{"line":26,"column":50},"end":{"line":26,"column":151}},"type":"if","locations":[{"start":{"line":26,"column":50},"end":{"line":26,"column":151}},{"start":{"line":26,"column":50},"end":{"line":26,"column":151}}],"line":26},"8":{"loc":{"start":{"line":26,"column":159},"end":{"line":26,"column":237}},"type":"cond-expr","locations":[{"start":{"line":26,"column":226},"end":{"line":26,"column":230}},{"start":{"line":26,"column":233},"end":{"line":26,"column":237}}],"line":26},"9":{"loc":{"start":{"line":26,"column":159},"end":{"line":26,"column":223}},"type":"binary-expr","locations":[{"start":{"line":26,"column":159},"end":{"line":26,"column":163}},{"start":{"line":26,"column":168},"end":{"line":26,"column":192}},{"start":{"line":26,"column":196},"end":{"line":26,"column":222}}],"line":26},"10":{"loc":{"start":{"line":28,"column":43},"end":{"line":28,"column":208}},"type":"if","locations":[{"start":{"line":28,"column":43},"end":{"line":28,"column":208}},{"start":{"line":28,"column":43},"end":{"line":28,"column":208}}],"line":28},"11":{"loc":{"start":{"line":28,"column":47},"end":{"line":28,"column":102}},"type":"binary-expr","locations":[{"start":{"line":28,"column":47},"end":{"line":28,"column":79}},{"start":{"line":28,"column":83},"end":{"line":28,"column":102}}],"line":28},"12":{"loc":{"start":{"line":28,"column":244},"end":{"line":28,"column":278}},"type":"binary-expr","locations":[{"start":{"line":28,"column":244},"end":{"line":28,"column":254}},{"start":{"line":28,"column":258},"end":{"line":28,"column":278}}],"line":28},"13":{"loc":{"start":{"line":28,"column":374},"end":{"line":28,"column":492}},"type":"if","locations":[{"start":{"line":28,"column":374},"end":{"line":28,"column":492}},{"start":{"line":28,"column":374},"end":{"line":28,"column":492}}],"line":28},"14":{"loc":{"start":{"line":28,"column":390},"end":{"line":28,"column":491}},"type":"cond-expr","locations":[{"start":{"line":28,"column":414},"end":{"line":28,"column":457}},{"start":{"line":28,"column":460},"end":{"line":28,"column":491}}],"line":28},"15":{"loc":{"start":{"line":36,"column":54},"end":{"line":36,"column":103}},"type":"binary-expr","locations":[{"start":{"line":36,"column":54},"end":{"line":36,"column":70}},{"start":{"line":36,"column":74},"end":{"line":36,"column":103}}],"line":36}},"s":{"0":1,"1":1,"2":1,"3":1,"4":1,"5":1,"6":1,"7":1,"8":1,"9":1,"10":1,"11":1,"12":1,"13":1,"14":0,"15":1,"16":1,"17":1,"18":1,"19":1,"20":1,"21":1,"22":2,"23":0,"24":0,"25":0,"26":0,"27":0,"28":1,"29":0,"30":1,"31":1,"32":1,"33":1,"34":1,"35":0,"36":0,"37":0,"38":0,"39":1,"40":0,"41":0,"42":1,"43":1,"44":1,"45":0,"46":1},"f":{"0":1,"1":1,"2":1,"3":2,"4":0,"5":0,"6":1,"7":1,"8":0,"9":0,"10":0},"b":{"0":[1,1],"1":[1,0],"2":[1,0],"3":[0,1],"4":[0,2],"5":[2,2],"6":[0,0],"7":[0,0],"8":[0,0],"9":[0,0,0],"10":[0,1],"11":[1,0],"12":[1,1],"13":[1,0],"14":[1,0],"15":[0,0]},"_coverageSchema":"332fd63041d2c1bcb487cc26dd0d5f7d97098a6c","hash":"5cf20428759339030e4d332fea4df99b856e825d","contentHash":"a596630958e7a9a434bc13e0579a7112_11.3.0"},"/Users/danieljansson/Feelgood/src/components/Public/Issues/index.js":{"path":"/Users/danieljansson/Feelgood/src/components/Public/Issues/index.js","statementMap":{"0":{"start":{"line":3,"column":0},"end":{"line":5,"column":3}},"1":{"start":{"line":6,"column":0},"end":{"line":6,"column":27}},"2":{"start":{"line":8,"column":19},"end":{"line":8,"column":563}},"3":{"start":{"line":8,"column":76},"end":{"line":8,"column":347}},"4":{"start":{"line":8,"column":134},"end":{"line":8,"column":142}},"5":{"start":{"line":8,"column":144},"end":{"line":8,"column":199}},"6":{"start":{"line":8,"column":200},"end":{"line":8,"column":231}},"7":{"start":{"line":8,"column":232},"end":{"line":8,"column":286}},"8":{"start":{"line":8,"column":259},"end":{"line":8,"column":286}},"9":{"start":{"line":8,"column":287},"end":{"line":8,"column":345}},"10":{"start":{"line":8,"column":350},"end":{"line":8,"column":559}},"11":{"start":{"line":8,"column":407},"end":{"line":8,"column":475}},"12":{"start":{"line":8,"column":423},"end":{"line":8,"column":475}},"13":{"start":{"line":8,"column":476},"end":{"line":8,"column":536}},"14":{"start":{"line":8,"column":493},"end":{"line":8,"column":536}},"15":{"start":{"line":8,"column":537},"end":{"line":8,"column":556}},"16":{"start":{"line":10,"column":13},"end":{"line":10,"column":29}},"17":{"start":{"line":12,"column":14},"end":{"line":12,"column":44}},"18":{"start":{"line":14,"column":18},"end":{"line":14,"column":40}},"19":{"start":{"line":16,"column":20},"end":{"line":16,"column":44}},"20":{"start":{"line":18,"column":14},"end":{"line":18,"column":37}},"21":{"start":{"line":20,"column":15},"end":{"line":20,"column":46}},"22":{"start":{"line":22,"column":39},"end":{"line":22,"column":93}},"23":{"start":{"line":24,"column":50},"end":{"line":24,"column":151}},"24":{"start":{"line":24,"column":92},"end":{"line":24,"column":149}},"25":{"start":{"line":26,"column":50},"end":{"line":26,"column":151}},"26":{"start":{"line":26,"column":63},"end":{"line":26,"column":149}},"27":{"start":{"line":26,"column":152},"end":{"line":26,"column":238}},"28":{"start":{"line":28,"column":43},"end":{"line":28,"column":208}},"29":{"start":{"line":28,"column":106},"end":{"line":28,"column":206}},"30":{"start":{"line":28,"column":209},"end":{"line":28,"column":373}},"31":{"start":{"line":28,"column":374},"end":{"line":28,"column":492}},"32":{"start":{"line":28,"column":390},"end":{"line":28,"column":492}},"33":{"start":{"line":30,"column":13},"end":{"line":447,"column":19}},"34":{"start":{"line":31,"column":1},"end":{"line":31,"column":31}},"35":{"start":{"line":34,"column":2},"end":{"line":34,"column":32}},"36":{"start":{"line":36,"column":14},"end":{"line":36,"column":117}},"37":{"start":{"line":38,"column":2},"end":{"line":40,"column":4}},"38":{"start":{"line":42,"column":2},"end":{"line":42,"column":66}},"39":{"start":{"line":43,"column":2},"end":{"line":43,"column":60}},"40":{"start":{"line":44,"column":2},"end":{"line":44,"column":62}},"41":{"start":{"line":45,"column":2},"end":{"line":45,"column":15}},"42":{"start":{"line":48,"column":1},"end":{"line":444,"column":5}},"43":{"start":{"line":51,"column":14},"end":{"line":51,"column":54}},"44":{"start":{"line":52,"column":15},"end":{"line":52,"column":31}},"45":{"start":{"line":53,"column":16},"end":{"line":53,"column":59}},"46":{"start":{"line":55,"column":35},"end":{"line":55,"column":39}},"47":{"start":{"line":56,"column":27},"end":{"line":56,"column":32}},"48":{"start":{"line":57,"column":24},"end":{"line":57,"column":33}},"49":{"start":{"line":59,"column":3},"end":{"line":78,"column":4}},"50":{"start":{"line":60,"column":4},"end":{"line":64,"column":5}},"51":{"start":{"line":61,"column":17},"end":{"line":61,"column":28}},"52":{"start":{"line":63,"column":5},"end":{"line":63,"column":38}},"53":{"start":{"line":66,"column":4},"end":{"line":66,"column":29}},"54":{"start":{"line":67,"column":4},"end":{"line":67,"column":25}},"55":{"start":{"line":69,"column":4},"end":{"line":77,"column":5}},"56":{"start":{"line":70,"column":5},"end":{"line":72,"column":6}},"57":{"start":{"line":71,"column":6},"end":{"line":71,"column":25}},"58":{"start":{"line":74,"column":5},"end":{"line":76,"column":6}},"59":{"start":{"line":75,"column":6},"end":{"line":75,"column":27}},"60":{"start":{"line":83,"column":3},"end":{"line":83,"column":41}},"61":{"start":{"line":88,"column":3},"end":{"line":88,"column":44}},"62":{"start":{"line":93,"column":16},"end":{"line":93,"column":20}},"63":{"start":{"line":95,"column":11},"end":{"line":95,"column":23}},"64":{"start":{"line":98,"column":3},"end":{"line":142,"column":6}},"65":{"start":{"line":99,"column":15},"end":{"line":99,"column":42}},"66":{"start":{"line":100,"column":22},"end":{"line":100,"column":56}},"67":{"start":{"line":101,"column":21},"end":{"line":101,"column":37}},"68":{"start":{"line":102,"column":4},"end":{"line":141,"column":6}},"69":{"start":{"line":109,"column":7},"end":{"line":109,"column":34}},"70":{"start":{"line":147,"column":18},"end":{"line":147,"column":31}},"71":{"start":{"line":148,"column":16},"end":{"line":148,"column":33}},"72":{"start":{"line":149,"column":15},"end":{"line":149,"column":27}},"73":{"start":{"line":150,"column":3},"end":{"line":150,"column":25}},"74":{"start":{"line":151,"column":3},"end":{"line":151,"column":37}},"75":{"start":{"line":152,"column":3},"end":{"line":152,"column":40}},"76":{"start":{"line":153,"column":3},"end":{"line":153,"column":40}},"77":{"start":{"line":158,"column":18},"end":{"line":158,"column":36}},"78":{"start":{"line":159,"column":16},"end":{"line":159,"column":33}},"79":{"start":{"line":160,"column":15},"end":{"line":160,"column":29}},"80":{"start":{"line":161,"column":3},"end":{"line":161,"column":22}},"81":{"start":{"line":162,"column":3},"end":{"line":162,"column":37}},"82":{"start":{"line":163,"column":3},"end":{"line":163,"column":40}},"83":{"start":{"line":164,"column":3},"end":{"line":164,"column":40}},"84":{"start":{"line":169,"column":11},"end":{"line":169,"column":23}},"85":{"start":{"line":172,"column":3},"end":{"line":442,"column":5}},"86":{"start":{"line":446,"column":1},"end":{"line":446,"column":15}},"87":{"start":{"line":449,"column":0},"end":{"line":449,"column":55}},"88":{"start":{"line":451,"column":22},"end":{"line":453,"column":1}},"89":{"start":{"line":452,"column":1},"end":{"line":452,"column":11}},"90":{"start":{"line":455,"column":0},"end":{"line":455,"column":111}}},"fnMap":{"0":{"name":"(anonymous_0)","decl":{"start":{"line":8,"column":19},"end":{"line":8,"column":20}},"loc":{"start":{"line":8,"column":31},"end":{"line":8,"column":561}},"line":8},"1":{"name":"defineProperties","decl":{"start":{"line":8,"column":42},"end":{"line":8,"column":58}},"loc":{"start":{"line":8,"column":74},"end":{"line":8,"column":349}},"line":8},"2":{"name":"(anonymous_2)","decl":{"start":{"line":8,"column":357},"end":{"line":8,"column":358}},"loc":{"start":{"line":8,"column":405},"end":{"line":8,"column":558}},"line":8},"3":{"name":"_interopRequireDefault","decl":{"start":{"line":22,"column":9},"end":{"line":22,"column":31}},"loc":{"start":{"line":22,"column":37},"end":{"line":22,"column":95}},"line":22},"4":{"name":"_classCallCheck","decl":{"start":{"line":24,"column":9},"end":{"line":24,"column":24}},"loc":{"start":{"line":24,"column":48},"end":{"line":24,"column":153}},"line":24},"5":{"name":"_possibleConstructorReturn","decl":{"start":{"line":26,"column":9},"end":{"line":26,"column":35}},"loc":{"start":{"line":26,"column":48},"end":{"line":26,"column":240}},"line":26},"6":{"name":"_inherits","decl":{"start":{"line":28,"column":9},"end":{"line":28,"column":18}},"loc":{"start":{"line":28,"column":41},"end":{"line":28,"column":494}},"line":28},"7":{"name":"(anonymous_7)","decl":{"start":{"line":30,"column":30},"end":{"line":30,"column":31}},"loc":{"start":{"line":30,"column":52},"end":{"line":447,"column":1}},"line":30},"8":{"name":"Issues","decl":{"start":{"line":33,"column":10},"end":{"line":33,"column":16}},"loc":{"start":{"line":33,"column":24},"end":{"line":46,"column":2}},"line":33},"9":{"name":"componentDidMount","decl":{"start":{"line":50,"column":18},"end":{"line":50,"column":35}},"loc":{"start":{"line":50,"column":38},"end":{"line":79,"column":3}},"line":50},"10":{"name":"handleMouseEnter","decl":{"start":{"line":82,"column":18},"end":{"line":82,"column":34}},"loc":{"start":{"line":82,"column":38},"end":{"line":84,"column":3}},"line":82},"11":{"name":"handleMouseLeave","decl":{"start":{"line":87,"column":18},"end":{"line":87,"column":34}},"loc":{"start":{"line":87,"column":38},"end":{"line":89,"column":3}},"line":87},"12":{"name":"renderMobileIssues","decl":{"start":{"line":92,"column":18},"end":{"line":92,"column":36}},"loc":{"start":{"line":92,"column":39},"end":{"line":143,"column":3}},"line":92},"13":{"name":"(anonymous_13)","decl":{"start":{"line":98,"column":32},"end":{"line":98,"column":33}},"loc":{"start":{"line":98,"column":49},"end":{"line":142,"column":4}},"line":98},"14":{"name":"ref","decl":{"start":{"line":108,"column":20},"end":{"line":108,"column":23}},"loc":{"start":{"line":108,"column":34},"end":{"line":110,"column":7}},"line":108},"15":{"name":"handleSwipeRight","decl":{"start":{"line":146,"column":18},"end":{"line":146,"column":34}},"loc":{"start":{"line":146,"column":37},"end":{"line":154,"column":3}},"line":146},"16":{"name":"handleSwipeLeft","decl":{"start":{"line":157,"column":18},"end":{"line":157,"column":33}},"loc":{"start":{"line":157,"column":36},"end":{"line":165,"column":3}},"line":157},"17":{"name":"render","decl":{"start":{"line":168,"column":18},"end":{"line":168,"column":24}},"loc":{"start":{"line":168,"column":27},"end":{"line":443,"column":3}},"line":168},"18":{"name":"mapStateToProps","decl":{"start":{"line":451,"column":31},"end":{"line":451,"column":46}},"loc":{"start":{"line":451,"column":54},"end":{"line":453,"column":1}},"line":451}},"branchMap":{"0":{"loc":{"start":{"line":8,"column":168},"end":{"line":8,"column":198}},"type":"binary-expr","locations":[{"start":{"line":8,"column":168},"end":{"line":8,"column":189}},{"start":{"line":8,"column":193},"end":{"line":8,"column":198}}],"line":8},"1":{"loc":{"start":{"line":8,"column":232},"end":{"line":8,"column":286}},"type":"if","locations":[{"start":{"line":8,"column":232},"end":{"line":8,"column":286}},{"start":{"line":8,"column":232},"end":{"line":8,"column":286}}],"line":8},"2":{"loc":{"start":{"line":8,"column":407},"end":{"line":8,"column":475}},"type":"if","locations":[{"start":{"line":8,"column":407},"end":{"line":8,"column":475}},{"start":{"line":8,"column":407},"end":{"line":8,"column":475}}],"line":8},"3":{"loc":{"start":{"line":8,"column":476},"end":{"line":8,"column":536}},"type":"if","locations":[{"start":{"line":8,"column":476},"end":{"line":8,"column":536}},{"start":{"line":8,"column":476},"end":{"line":8,"column":536}}],"line":8},"4":{"loc":{"start":{"line":22,"column":46},"end":{"line":22,"column":92}},"type":"cond-expr","locations":[{"start":{"line":22,"column":70},"end":{"line":22,"column":73}},{"start":{"line":22,"column":76},"end":{"line":22,"column":92}}],"line":22},"5":{"loc":{"start":{"line":22,"column":46},"end":{"line":22,"column":67}},"type":"binary-expr","locations":[{"start":{"line":22,"column":46},"end":{"line":22,"column":49}},{"start":{"line":22,"column":53},"end":{"line":22,"column":67}}],"line":22},"6":{"loc":{"start":{"line":24,"column":50},"end":{"line":24,"column":151}},"type":"if","locations":[{"start":{"line":24,"column":50},"end":{"line":24,"column":151}},{"start":{"line":24,"column":50},"end":{"line":24,"column":151}}],"line":24},"7":{"loc":{"start":{"line":26,"column":50},"end":{"line":26,"column":151}},"type":"if","locations":[{"start":{"line":26,"column":50},"end":{"line":26,"column":151}},{"start":{"line":26,"column":50},"end":{"line":26,"column":151}}],"line":26},"8":{"loc":{"start":{"line":26,"column":159},"end":{"line":26,"column":237}},"type":"cond-expr","locations":[{"start":{"line":26,"column":226},"end":{"line":26,"column":230}},{"start":{"line":26,"column":233},"end":{"line":26,"column":237}}],"line":26},"9":{"loc":{"start":{"line":26,"column":159},"end":{"line":26,"column":223}},"type":"binary-expr","locations":[{"start":{"line":26,"column":159},"end":{"line":26,"column":163}},{"start":{"line":26,"column":168},"end":{"line":26,"column":192}},{"start":{"line":26,"column":196},"end":{"line":26,"column":222}}],"line":26},"10":{"loc":{"start":{"line":28,"column":43},"end":{"line":28,"column":208}},"type":"if","locations":[{"start":{"line":28,"column":43},"end":{"line":28,"column":208}},{"start":{"line":28,"column":43},"end":{"line":28,"column":208}}],"line":28},"11":{"loc":{"start":{"line":28,"column":47},"end":{"line":28,"column":102}},"type":"binary-expr","locations":[{"start":{"line":28,"column":47},"end":{"line":28,"column":79}},{"start":{"line":28,"column":83},"end":{"line":28,"column":102}}],"line":28},"12":{"loc":{"start":{"line":28,"column":244},"end":{"line":28,"column":278}},"type":"binary-expr","locations":[{"start":{"line":28,"column":244},"end":{"line":28,"column":254}},{"start":{"line":28,"column":258},"end":{"line":28,"column":278}}],"line":28},"13":{"loc":{"start":{"line":28,"column":374},"end":{"line":28,"column":492}},"type":"if","locations":[{"start":{"line":28,"column":374},"end":{"line":28,"column":492}},{"start":{"line":28,"column":374},"end":{"line":28,"column":492}}],"line":28},"14":{"loc":{"start":{"line":28,"column":390},"end":{"line":28,"column":491}},"type":"cond-expr","locations":[{"start":{"line":28,"column":414},"end":{"line":28,"column":457}},{"start":{"line":28,"column":460},"end":{"line":28,"column":491}}],"line":28},"15":{"loc":{"start":{"line":36,"column":48},"end":{"line":36,"column":97}},"type":"binary-expr","locations":[{"start":{"line":36,"column":48},"end":{"line":36,"column":64}},{"start":{"line":36,"column":68},"end":{"line":36,"column":97}}],"line":36},"16":{"loc":{"start":{"line":70,"column":5},"end":{"line":72,"column":6}},"type":"if","locations":[{"start":{"line":70,"column":5},"end":{"line":72,"column":6}},{"start":{"line":70,"column":5},"end":{"line":72,"column":6}}],"line":70},"17":{"loc":{"start":{"line":70,"column":9},"end":{"line":70,"column":55}},"type":"binary-expr","locations":[{"start":{"line":70,"column":9},"end":{"line":70,"column":35}},{"start":{"line":70,"column":39},"end":{"line":70,"column":55}}],"line":70},"18":{"loc":{"start":{"line":74,"column":5},"end":{"line":76,"column":6}},"type":"if","locations":[{"start":{"line":74,"column":5},"end":{"line":76,"column":6}},{"start":{"line":74,"column":5},"end":{"line":76,"column":6}}],"line":74}},"s":{"0":1,"1":1,"2":1,"3":1,"4":7,"5":7,"6":7,"7":7,"8":7,"9":7,"10":1,"11":1,"12":1,"13":1,"14":0,"15":1,"16":1,"17":1,"18":1,"19":1,"20":1,"21":1,"22":2,"23":1,"24":0,"25":1,"26":0,"27":1,"28":1,"29":0,"30":1,"31":1,"32":1,"33":1,"34":1,"35":1,"36":1,"37":1,"38":1,"39":1,"40":1,"41":1,"42":1,"43":1,"44":1,"45":1,"46":1,"47":1,"48":1,"49":1,"50":1,"51":0,"52":0,"53":0,"54":0,"55":1,"56":1,"57":0,"58":1,"59":0,"60":0,"61":0,"62":5,"63":5,"64":5,"65":55,"66":55,"67":55,"68":55,"69":99,"70":0,"71":0,"72":0,"73":0,"74":0,"75":0,"76":0,"77":2,"78":2,"79":2,"80":2,"81":2,"82":2,"83":2,"84":5,"85":5,"86":1,"87":1,"88":1,"89":0,"90":1},"f":{"0":1,"1":1,"2":1,"3":2,"4":1,"5":1,"6":1,"7":1,"8":1,"9":1,"10":0,"11":0,"12":5,"13":55,"14":99,"15":0,"16":2,"17":5,"18":0},"b":{"0":[7,7],"1":[7,0],"2":[1,0],"3":[0,1],"4":[0,2],"5":[2,2],"6":[0,1],"7":[0,1],"8":[0,1],"9":[1,0,0],"10":[0,1],"11":[1,0],"12":[1,1],"13":[1,0],"14":[1,0],"15":[1,0],"16":[0,1],"17":[1,0],"18":[0,1]},"_coverageSchema":"332fd63041d2c1bcb487cc26dd0d5f7d97098a6c","hash":"1f3cc6daa1fa2b99ec42e937abc81973f733fd38","contentHash":"dd333dda3cad9f9bb82a3e39e2c8d424_11.3.0"},"/Users/danieljansson/Feelgood/src/components/Public/Payment/index.js":{"path":"/Users/danieljansson/Feelgood/src/components/Public/Payment/index.js","statementMap":{"0":{"start":{"line":3,"column":0},"end":{"line":5,"column":3}},"1":{"start":{"line":6,"column":0},"end":{"line":6,"column":28}},"2":{"start":{"line":8,"column":19},"end":{"line":8,"column":563}},"3":{"start":{"line":8,"column":76},"end":{"line":8,"column":347}},"4":{"start":{"line":8,"column":134},"end":{"line":8,"column":142}},"5":{"start":{"line":8,"column":144},"end":{"line":8,"column":199}},"6":{"start":{"line":8,"column
[...]
,"155":{"start":{"line":373,"column":23},"end":{"line":373,"column":24}},"156":{"start":{"line":375,"column":3},"end":{"line":377,"column":4}},"157":{"start":{"line":376,"column":4},"end":{"line":376,"column":45}},"158":{"start":{"line":379,"column":3},"end":{"line":381,"column":4}},"159":{"start":{"line":380,"column":4},"end":{"line":380,"column":62}},"160":{"start":{"line":383,"column":3},"end":{"line":383,"column":99}},"161":{"start":{"line":396,"column":18},"end":{"line":396,"column":34}},"162":{"start":{"line":397,"column":18},"end":{"line":397,"column":37}},"163":{"start":{"line":399,"column":3},"end":{"line":399,"column":50}},"164":{"start":{"line":400,"column":3},"end":{"line":400,"column":25}},"165":{"start":{"line":402,"column":3},"end":{"line":402,"column":61}},"166":{"start":{"line":415,"column":14},"end":{"line":415,"column":46}},"167":{"start":{"line":416,"column":23},"end":{"line":416,"column":47}},"168":{"start":{"line":418,"column":3},"end":{"line":418,"column":41}},"169":{"start":{"line":419,"column":3},"end":{"line":419,"column":41}},"170":{"start":{"line":421,"column":3},"end":{"line":421,"column":51}},"171":{"start":{"line":422,"column":3},"end":{"line":422,"column":26}},"172":{"start":{"line":435,"column":16},"end":{"line":435,"column":20}},"173":{"start":{"line":437,"column":11},"end":{"line":437,"column":23}},"174":{"start":{"line":439,"column":15},"end":{"line":439,"column":35}},"175":{"start":{"line":440,"column":21},"end":{"line":440,"column":87}},"176":{"start":{"line":442,"column":3},"end":{"line":776,"column":5}},"177":{"start":{"line":523,"column":8},"end":{"line":557,"column":9}},"178":{"start":{"line":524,"column":9},"end":{"line":528,"column":11}},"179":{"start":{"line":530,"column":9},"end":{"line":556,"column":11}},"180":{"start":{"line":780,"column":1},"end":{"line":780,"column":16}},"181":{"start":{"line":783,"column":0},"end":{"line":783,"column":56}},"182":{"start":{"line":785,"column":22},"end":{"line":787,"column":1}},"183":{"start":{"line":786,"column":1},"end":{"line":786,"column":11}},"184":{"start":{"line":789,"column":0},"end":{"line":789,"column":114}}},"fnMap":{"0":{"name":"(anonymous_0)","decl":{"start":{"line":8,"column":19},"end":{"line":8,"column":20}},"loc":{"start":{"line":8,"column":31},"end":{"line":8,"column":561}},"line":8},"1":{"name":"defineProperties","decl":{"start":{"line":8,"column":42},"end":{"line":8,"column":58}},"loc":{"start":{"line":8,"column":74},"end":{"line":8,"column":349}},"line":8},"2":{"name":"(anonymous_2)","decl":{"start":{"line":8,"column":357},"end":{"line":8,"column":358}},"loc":{"start":{"line":8,"column":405},"end":{"line":8,"column":558}},"line":8},"3":{"name":"_interopRequireDefault","decl":{"start":{"line":30,"column":9},"end":{"line":30,"column":31}},"loc":{"start":{"line":30,"column":37},"end":{"line":30,"column":95}},"line":30},"4":{"name":"_classCallCheck","decl":{"start":{"line":32,"column":9},"end":{"line":32,"column":24}},"loc":{"start":{"line":32,"column":48},"end":{"line":32,"column":153}},"line":32},"5":{"name":"_possibleConstructorReturn","decl":{"start":{"line":34,"column":9},"end":{"line":34,"column":35}},"loc":{"start":{"line":34,"column":48},"end":{"line":34,"column":240}},"line":34},"6":{"name":"_inherits","decl":{"start":{"line":36,"column":9},"end":{"line":36,"column":18}},"loc":{"start":{"line":36,"column":41},"end":{"line":36,"column":494}},"line":36},"7":{"name":"(anonymous_7)","decl":{"start":{"line":38,"column":32},"end":{"line":38,"column":33}},"loc":{"start":{"line":38,"column":54},"end":{"line":781,"column":1}},"line":38},"8":{"name":"Payment","decl":{"start":{"line":41,"column":10},"end":{"line":41,"column":17}},"loc":{"start":{"line":41,"column":25},"end":{"line":56,"column":2}},"line":41},"9":{"name":"componentWillMount","decl":{"start":{"line":60,"column":18},"end":{"line":60,"column":36}},"loc":{"start":{"line":60,"column":39},"end":{"line":62,"column":3}},"line":60},"10":{"name":"handlePromoCode","decl":{"start":{"line":73,"column":18},"end":{"line":73,"column":33}},"loc":{"start":{"line":73,"column":37},"end":{"line":76,"column":3}},"line":73},"11":{"name":"resetCheckout","decl":{"start":{"line":87,"column":18},"end":{"line":87,"column":31}},"loc":{"start":{"line":87,"column":34},"end":{"line":89,"column":3}},"line":87},"12":{"name":"handleCheckout","decl":{"start":{"line":100,"column":18},"end":{"line":100,"column":32}},"loc":{"start":{"line":100,"column":35},"end":{"line":103,"column":3}},"line":100},"13":{"name":"createInitialState","decl":{"start":{"line":114,"column":18},"end":{"line":114,"column":36}},"loc":{"start":{"line":114,"column":39},"end":{"line":139,"column":3}},"line":114},"14":{"name":"resetPackage","decl":{"start":{"line":150,"column":18},"end":{"line":150,"column":30}},"loc":{"start":{"line":150,"column":47},"end":{"line":158,"column":3}},"line":150},"15":{"name":"handlePackage","decl":{"start":{"line":169,"column":18},"end":{"line":169,"column":31}},"loc":{"start":{"line":169,"column":35},"end":{"line":185,"column":3}},"line":169},"16":{"name":"calculateEmailDiscount","decl":{"start":{"line":196,"column":18},"end":{"line":196,"column":40}},"loc":{"start":{"line":196,"column":51},"end":{"line":217,"column":3}},"line":196},"17":{"name":"getData","decl":{"start":{"line":228,"column":18},"end":{"line":228,"column":25}},"loc":{"start":{"line":228,"column":28},"end":{"line":248,"column":3}},"line":228},"18":{"name":"(anonymous_18)","decl":{"start":{"line":234,"column":34},"end":{"line":234,"column":35}},"loc":{"start":{"line":234,"column":49},"end":{"line":242,"column":4}},"line":234},"19":{"name":"(anonymous_19)","decl":{"start":{"line":235,"column":49},"end":{"line":235,"column":50}},"loc":{"start":{"line":235,"column":67},"end":{"line":241,"column":5}},"line":235},"20":{"name":"calculateDiscounts","decl":{"start":{"line":251,"column":18},"end":{"line":251,"column":36}},"loc":{"start":{"line":251,"column":59},"end":{"line":276,"column":3}},"line":251},"21":{"name":"calculateCost","decl":{"start":{"line":287,"column":18},"end":{"line":287,"column":31}},"loc":{"start":{"line":287,"column":34},"end":{"line":332,"column":3}},"line":287},"22":{"name":"(anonymous_22)","decl":{"start":{"line":303,"column":55},"end":{"line":303,"column":56}},"loc":{"start":{"line":303,"column":70},"end":{"line":305,"column":4}},"line":303},"23":{"name":"(anonymous_23)","decl":{"start":{"line":307,"column":55},"end":{"line":307,"column":56}},"loc":{"start":{"line":307,"column":70},"end":{"line":309,"column":4}},"line":307},"24":{"name":"handleWeeks","decl":{"start":{"line":343,"column":18},"end":{"line":343,"column":29}},"loc":{"start":{"line":343,"column":33},"end":{"line":354,"column":3}},"line":343},"25":{"name":"updateEncounter","decl":{"start":{"line":365,"column":18},"end":{"line":365,"column":33}},"loc":{"start":{"line":365,"column":36},"end":{"line":384,"column":3}},"line":365},"26":{"name":"(anonymous_26)","decl":{"start":{"line":369,"column":54},"end":{"line":369,"column":55}},"loc":{"start":{"line":369,"column":69},"end":{"line":371,"column":4}},"line":369},"27":{"name":"setCategorySize","decl":{"start":{"line":395,"column":18},"end":{"line":395,"column":33}},"loc":{"start":{"line":395,"column":46},"end":{"line":403,"column":3}},"line":395},"28":{"name":"handleSkypeDuration","decl":{"start":{"line":414,"column":18},"end":{"line":414,"column":37}},"loc":{"start":{"line":414,"column":41},"end":{"line":423,"column":3}},"line":414},"29":{"name":"render","decl":{"start":{"line":434,"column":18},"end":{"line":434,"column":24}},"loc":{"start":{"line":434,"column":27},"end":{"line":777,"column":3}},"line":434},"30":{"name":"(anonymous_30)","decl":{"start":{"line":522,"column":7},"end":{"line":522,"column":8}},"loc":{"start":{"line":522,"column":19},"end":{"line":558,"column":8}},"line":522},"31":{"name":"mapStateToProps","decl":{"start":{"line":785,"column":31},"end":{"line":785,"column":46}},"loc":{"start":{"line":785,"column":54},"end":{"line":787,"column":1}},"line":785}},"branchMap":{"0":{"loc":{"start":{"line":8,"column":168},"end":{"line":8,"column":198}},"type":"binary-expr","locations":[{"start":{"line":8,"column":168},"end":{"line":8,"column":189}},{"start":{"line":8,"column":193},"end":{"line":8,"column":198}}],"line":8},"1":{"loc":{"start":{"line":8,"column":232},"end":{"line":8,"column":286}},"type":"if","locations":[{"start":{"line":8,"column":232},"end":{"line":8,"column":286}},{"start":{"line":8,"column":232},"end":{"line":8,"column":286}}],"line":8},"2":{"loc":{"start":{"line":8,"column":407},"end":{"line":8,"column":475}},"type":"if","locations":[{"start":{"line":8,"column":407},"end":{"line":8,"column":475}},{"start":{"line":8,"column":407},"end":{"line":8,"column":475}}],"line":8},"3":{"loc":{"start":{"line":8,"column":476},"end":{"line":8,"column":536}},"type":"if","locations":[{"start":{"line":8,"column":476},"end":{"line":8,"column":536}},{"start":{"line":8,"column":476},"end":{"line":8,"column":536}}],"line":8},"4":{"loc":{"start":{"line":30,"column":46},"end":{"line":30,"column":92}},"type":"cond-expr","locations":[{"start":{"line":30,"column":70},"end":{"line":30,"column":73}},{"start":{"line":30,"column":76},"end":{"line":30,"column":92}}],"line":30},"5":{"loc":{"start":{"line":30,"column":46},"end":{"line":30,"column":67}},"type":"binary-expr","locations":[{"start":{"line":30,"column":46},"end":{"line":30,"column":49}},{"start":{"line":30,"column":53},"end":{"line":30,"column":67}}],"line":30},"6":{"loc":{"start":{"line":32,"column":50},"end":{"line":32,"column":151}},"type":"if","locations":[{"start":{"line":32,"column":50},"end":{"line":32,"column":151}},{"start":{"line":32,"column":50},"end":{"line":32,"column":151}}],"line":32},"7":{"loc":{"start":{"line":34,"column":50},"end":{"line":34,"column":151}},"type":"if","locations":[{"start":{"line":34,"column":50},"end":{"line":34,"column":151}},{"start":{"line":34,"column":50},"end":{"line":34,"column":151}}],"line":34},"8":{"loc":{"start":{"line":34,"column":159},"end":{"line":34,"column":237}},"type":"cond-expr","locations":[{"start":{"line":34,"column":226},"end":{"line":34,"column":230}},{"start":{"line":34,"column":233},"end":{"line":34,"column":237}}],"line":34},"9":{"loc":{"start":{"line":34,"column":159},"end":{"line":34,"column":223}},"type":"binary-expr","locations":[{"start":{"line":34,"column":159},"end":{"line":34,"column":163}},{"start":{"line":34,"column":168},"end":{"line":34,"column":192}},{"start":{"line":34,"column":196},"end":{"line":34,"column":222}}],"line":34},"10":{"loc":{"start":{"line":36,"column":43},"end":{"line":36,"column":208}},"type":"if","locations":[{"start":{"line":36,"column":43},"end":{"line":36,"column":208}},{"start":{"line":36,"column":43},"end":{"line":36,"column":208}}],"line":36},"11":{"loc":{"start":{"line":36,"column":47},"end":{"line":36,"column":102}},"type":"binary-expr","locations":[{"start":{"line":36,"column":47},"end":{"line":36,"column":79}},{"start":{"line":36,"column":83},"end":{"line":36,"column":102}}],"line":36},"12":{"loc":{"start":{"line":36,"column":244},"end":{"line":36,"column":278}},"type":"binary-expr","locations":[{"start":{"line":36,"column":244},"end":{"line":36,"column":254}},{"start":{"line":36,"column":258},"end":{"line":36,"column":278}}],"line":36},"13":{"loc":{"start":{"line":36,"column":374},"end":{"line":36,"column":492}},"type":"if","locations":[{"start":{"line":36,"column":374},"end":{"line":36,"column":492}},{"start":{"line":36,"column":374},"end":{"line":36,"column":492}}],"line":36},"14":{"loc":{"start":{"line":36,"column":390},"end":{"line":36,"column":491}},"type":"cond-expr","locations":[{"start":{"line":36,"column":414},"end":{"line":36,"column":457}},{"start":{"line":36,"column":460},"end":{"line":36,"column":491}}],"line":36},"15":{"loc":{"start":{"line":44,"column":48},"end":{"line":44,"column":99}},"type":"binary-expr","locations":[{"start":{"line":44,"column":48},"end":{"line":44,"column":65}},{"start":{"line":44,"column":69},"end":{"line":44,"column":99}}],"line":44},"16":{"loc":{"start":{"line":153,"column":3},"end":{"line":155,"column":4}},"type":"if","locations":[{"start":{"line":153,"column":3},"end":{"line":155,"column":4}},{"start":{"line":153,"column":3},"end":{"line":155,"column":4}}],"line":153},"17":{"loc":{"start":{"line":174,"column":3},"end":{"line":176,"column":4}},"type":"if","locations":[{"start":{"line":174,"column":3},"end":{"line":176,"column":4}},{"start":{"line":174,"column":3},"end":{"line":176,"column":4}}],"line":174},"18":{"loc":{"start":{"line":174,"column":7},"end":{"line":174,"column":57}},"type":"binary-expr","locations":[{"start":{"line":174,"column":7},"end":{"line":174,"column":30}},{"start":{"line":174,"column":34},"end":{"line":174,"column":57}}],"line":174},"19":{"loc":{"start":{"line":181,"column":26},"end":{"line":181,"column":81}},"type":"cond-expr","locations":[{"start":{"line":181,"column":46},"end":{"line":181,"column":74}},{"start":{"line":181,"column":77},"end":{"line":181,"column":81}}],"line":181},"20":{"loc":{"start":{"line":199,"column":3},"end":{"line":214,"column":4}},"type":"switch","locations":[{"start":{"line":200,"column":4},"end":{"line":202,"column":11}},{"start":{"line":203,"column":4},"end":{"line":205,"column":11}},{"start":{"line":206,"column":4},"end":{"line":208,"column":11}},{"start":{"line":209,"column":4},"end":{"line":211,"column":11}},{"start":{"line":212,"column":4},"end":{"line":213,"column":16}}],"line":199},"21":{"loc":{"start":{"line":236,"column":5},"end":{"line":240,"column":6}},"type":"if","locations":[{"start":{"line":236,"column":5},"end":{"line":240,"column":6}},{"start":{"line":236,"column":5},"end":{"line":240,"column":6}}],"line":236},"22":{"loc":{"start":{"line":237,"column":6},"end":{"line":239,"column":7}},"type":"if","locations":[{"start":{"line":237,"column":6},"end":{"line":239,"column":7}},{"start":{"line":237,"column":6},"end":{"line":239,"column":7}}],"line":237},"23":{"loc":{"start":{"line":257,"column":3},"end":{"line":262,"column":4}},"type":"if","locations":[{"start":{"line":257,"column":3},"end":{"line":262,"column":4}},{"start":{"line":257,"column":3},"end":{"line":262,"column":4}}],"line":257},"24":{"loc":{"start":{"line":257,"column":7},"end":{"line":257,"column":37}},"type":"binary-expr","locations":[{"start":{"line":257,"column":7},"end":{"line":257,"column":20}},{"start":{"line":257,"column":24},"end":{"line":257,"column":37}}],"line":257},"25":{"loc":{"start":{"line":264,"column":3},"end":{"line":273,"column":4}},"type":"if","locations":[{"start":{"line":264,"column":3},"end":{"line":273,"column":4}},{"start":{"line":264,"column":3},"end":{"line":273,"column":4}}],"line":264},"26":{"loc":{"start":{"line":269,"column":25},"end":{"line":269,"column":152}},"type":"cond-expr","locations":[{"start":{"line":269,"column":58},"end":{"line":269,"column":108}},{"start":{"line":269,"column":111},"end":{"line":269,"column":152}}],"line":269},"27":{"loc":{"start":{"line":269,"column":25},"end":{"line":269,"column":55}},"type":"binary-expr","locations":[{"start":{"line":269,"column":25},"end":{"line":269,"column":38}},{"start":{"line":269,"column":42},"end":{"line":269,"column":55}}],"line":269},"28":{"loc":{"start":{"line":290,"column":23},"end":{"line":290,"column":68}},"type":"cond-expr","locations":[{"start":{"line":290,"column":59},"end":{"line":290,"column":62}},{"start":{"line":290,"column":65},"end":{"line":290,"column":68}}],"line":290},"29":{"loc":{"start":{"line":311,"column":3},"end":{"line":316,"column":4}},"type":"if","locations":[{"start":{"line":311,"column":3},"end":{"line":316,"column":4}},{"start":{"line":311,"column":3},"end":{"line":316,"column":4}}],"line":311},"30":{"loc":{"start":{"line":318,"column":3},"end":{"line":322,"column":4}},"type":"if","locations":[{"start":{"line":318,"column":3},"end":{"line":322,"column":4}},{"start":{"line":318,"column":3},"end":{"line":322,"column":4}}],"line":318},"31":{"loc":{"start":{"line":347,"column":16},"end":{"line":347,"column":39}},"type":"cond-expr","locations":[{"start":{"line":347,"column":33},"end":{"line":347,"column":34}},{"start":{"line":347,"column":37},"end":{"line":347,"column":39}}],"line":347},"32":{"loc":{"start":{"line":349,"column":3},"end":{"line":349,"column":56}},"type":"if","locations":[{"start":{"line":349,"column":3},"end":{"line":349,"column":56}},{"start":{"line":349,"column":3},"end":{"line":349,"column":56}}],"line":349},"33":{"loc":{"start":{"line":349,"column":7},"end":{"line":349,"column":47}},"type":"binary-expr","locations":[{"start":{"line":349,"column":7},"end":{"line":349,"column":29}},{"start":{"line":349,"column":33},"end":{"line":349,"column":47}}],"line":349},"34":{"loc":{"start":{"line":375,"column":3},"end":{"line":377,"column":4}},"type":"if","locations":[{"start":{"line":375,"column":3},"end":{"line":377,"column":4}},{"start":{"line":375,"column":3},"end":{"line":377,"column":4}}],"line":375},"35":{"loc":{"start":{"line":379,"column":3},"end":{"line":381,"column":4}},"type":"if","locations":[{"start":{"line":379,"column":3},"end":{"line":381,"column":4}},{"start":{"line":379,"column":3},"end":{"line":381,"column":4}}],"line":379},"36":{"loc":{"start":{"line":440,"column":21},"end":{"line":440,"column":87}},"type":"cond-expr","locations":[{"start":{"line":440,"column":41},"end":{"line":440,"column":67}},{"start":{"line":440,"column":70},"end":{"line":440,"column":87}}],"line":440},"37":{"loc":{"start":{"line":523,"column":8},"end":{"line":557,"column":9}},"type":"if","locations":[{"start":{"line":523,"column":8},"end":{"line":557,"column":9}},{"start":{"line":523,"column":8},"end":{"line":557,"column":9}}],"line":523}},"s":{"0":1,"1":1,"2":1,"3":1,"4":16,"5":16,"6":16,"7":16,"8":16,"9":16,"10":1,"11":1,"12":1,"13":1,"14":0,"15":1,"16":1,"17":1,"18":1,"19":1,"20":1,"21":1,"22":1,"23":1,"24":1,"25":1,"26":3,"27":1,"28":0,"29":1,"30":0,"31":1,"32":1,"33":0,"34":1,"35":1,"36":1,"37":1,"38":1,"39":1,"40":1,"41":1,"42":1,"43":1,"44":1,"45":1,"46":1,"47":1,"48":1,"49":1,"50":1,"51":1,"52":0,"53":0,"54":0,"55":2,"56":1,"57":0,"58":0,"59":0,"60":0,"61":0,"62":0,"63":0,"64":0,"65":0,"66":0,"67":0,"68":0,"69":0,"70":0,"71":32,"72":32,"73":8,"74":8,"75":8,"76":8,"77":8,"78":8,"79":8,"80":8,"81":0,"82":32,"83":0,"84":0,"85":0,"86":0,"87":0,"88":0,"89":0,"90":0,"91":0,"92":0,"93":0,"94":52,"95":52,"96":52,"97":52,"98":52,"99":32,"100":32,"101":20,"102":52,"103":8,"104":8,"105":8,"106":8,"107":44,"108":44,"109":52,"110":52,"111":52,"112":52,"113":52,"114":52,"115":52,"116":52,"117":52,"118":52,"119":52,"120":52,"121":52,"122":156,"123":52,"124":104,"125":52,"126":40,"127":40,"128":40,"129":40,"130":52,"131":32,"132":32,"133":32,"134":52,"135":52,"136":52,"137":52,"138":52,"139":52,"140":0,"141":0,"142":0,"143":0,"144":0,"145":0,"146":0,"147":0,"148":0,"149":0,"150":0,"151":0,"152":0,"153":0,"154":0,"155":0,"156":0,"157":0,"158":0,"159":0,"160":0,"161":0,"162":0,"163":0,"164":0,"165":0,"166":0,"167":0,"168":0,"169":0,"170":0,"171":0,"172":13,"173":13,"174":13,"175":13,"176":13,"177":13,"178":13,"179":0,"180":1,"181":1,"182":1,"183":0,"184":1},"f":{"0":1,"1":1,"2":1,"3":3,"4":1,"5":1,"6":1,"7":1,"8":1,"9":1,"10":0,"11":0,"12":2,"13":1,"14":0,"15":0,"16":32,"17":0,"18":0,"19":0,"20":52,"21":52,"22":156,"23":104,"24":0,"25":0,"26":0,"27":0,"28":0,"29":13,"30":13,"31":0},"b":{"0":[16,16],"1":[16,0],"2":[1,0],"3":[0,1],"4":[1,2],"5":[3,3],"6":[0,1],"7":[0,1],"8":[0,1],"9":[1,0,0],"10":[0,1],"11":[1,0],"12":[1,1],"13":[1,0],"14":[1,0],"15":[1,0],"16":[0,0],"17":[0,0],"18":[0,0],"19":[0,0],"20":[8,8,8,8,0],"21":[0,0],"22":[0,0],"23":[32,20],"24":[52,40],"25":[8,44],"26":[8,0],"27":[8,8],"28":[36,16],"29":[40,12],"30":[32,20],"31":[0,0],"32":[0,0],"33":[0,0],"34":[0,0],"35":[0,0],"36":[3,10],"37":[13,0]},"_coverageSchema":"332fd63041d2c1bcb487cc26dd0d5f7d97098a6c","hash":"c166358cfe669976df2ee5b63451a73df16a50a5","contentHash":"57979ce1930ac926314de5f9f45f2281_11.3.0"}}